Build started 13.01.2020 19:10:27.
     1>Project "C:\sphinx\pocketsphinx\win32\pocketsphinx\pocketsphinx.vcxproj" on node 2 (Build target(s)).
     1>ClCompile:
         C:\Program Files\Microsoft Visual Studio 11.0\VC\bin\x86_amd64\CL.exe /c /I../../include /I../../src/libpocketsphinx /I../../../sphinxbase/include /I../../../sphinxbase/include/win32 /Zi /nologo /W3 /WX- /O2 /Ob1 /D NDEBUG /D _USRDLL /D SPHINX_DLL /D POCKETSPHINX_EXPORTS /D HAVE_CONFIG_H /D _CRT_SECURE_NO_WARNINGS /D _WINDLL /D _MBCS /GF /Gm- /EHsc /MD /GS /Gy /fp:precise /Zc:wchar_t /Zc:forScope /Fo".\Release\x64/" /Fd".\Release\x64/vc110.pdb" /Gd /TC /errorReport:prompt ..\..\src\libpocketsphinx\acmod.c ..\..\src\libpocketsphinx\allphone_search.c ..\..\src\libpocketsphinx\bin_mdef.c ..\..\src\libpocketsphinx\blkarray_list.c ..\..\src\libpocketsphinx\dict.c ..\..\src\libpocketsphinx\dict2pid.c ..\..\src\libpocketsphinx\fsg_history.c ..\..\src\libpocketsphinx\fsg_lextree.c ..\..\src\libpocketsphinx\fsg_search.c ..\..\src\libpocketsphinx\hmm.c ..\..\src\libpocketsphinx\kws_detections.c ..\..\src\libpocketsphinx\kws_search.c ..\..\src\libpocketsphinx\mdef.c ..\..\src\libpocketsphinx\ms_gauden.c ..\..\src\libpocketsphinx\ms_mgau.c ..\..\src\libpocketsphinx\ms_senone.c ..\..\src\libpocketsphinx\ngram_search.c ..\..\src\libpocketsphinx\ngram_search_fwdflat.c ..\..\src\libpocketsphinx\ngram_search_fwdtree.c ..\..\src\libpocketsphinx\phone_loop_search.c ..\..\src\libpocketsphinx\pocketsphinx.c ..\..\src\libpocketsphinx\ps_alignment.c ..\..\src\libpocketsphinx\ps_lattice.c ..\..\src\libpocketsphinx\ps_mllr.c ..\..\src\libpocketsphinx\ptm_mgau.c ..\..\src\libpocketsphinx\s2_semi_mgau.c ..\..\src\libpocketsphinx\state_align_search.c ..\..\src\libpocketsphinx\tmat.c ..\..\src\libpocketsphinx\vector.c
         acmod.c
     1>..\..\src\libpocketsphinx\acmod.c(186): warning C4244: '=' : conversion from 'double' to 'mfcc_t', possible loss of data
     1>..\..\src\libpocketsphinx\acmod.c(191): warning C4244: '=' : conversion from 'double' to 'mfcc_t', possible loss of data
     1>..\..\src\libpocketsphinx\acmod.c(542): warning C4267: '+=' : conversion from 'size_t' to 'int32', possible loss of data
     1>..\..\src\libpocketsphinx\acmod.c(642): warning C4244: '=' : conversion from '__int64' to 'int32', possible loss of data
     1>..\..\src\libpocketsphinx\acmod.c(679): warning C4244: '=' : conversion from '__int64' to 'int32', possible loss of data
         allphone_search.c
     1>..\..\src\libpocketsphinx\allphone_search.c(544): warning C4244: '=' : conversion from 'float32' to 'int32', possible loss of data
     1>..\..\src\libpocketsphinx\allphone_search.c(603): warning C4244: '=' : conversion from 'double' to 'float32', possible loss of data
         bin_mdef.c
     1>..\..\src\libpocketsphinx\bin_mdef.c(123): warning C4267: '+=' : conversion from 'size_t' to 'int', possible loss of data
     1>..\..\src\libpocketsphinx\bin_mdef.c(148): warning C4244: '=' : conversion from 'int16' to 'uint8', possible loss of data
     1>..\..\src\libpocketsphinx\bin_mdef.c(149): warning C4244: '=' : conversion from 'int16' to 'uint8', possible loss of data
     1>..\..\src\libpocketsphinx\bin_mdef.c(150): warning C4244: '=' : conversion from 'int16' to 'uint8', possible loss of data
         blkarray_list.c
         dict.c
     1>..\..\src\libpocketsphinx\dict.c(236): warning C4267: '+=' : conversion from 'size_t' to 'int', possible loss of data
     1>..\..\src\libpocketsphinx\dict.c(446): warning C4267: '=' : conversion from 'size_t' to 'int32', possible loss of data
         dict2pid.c
         fsg_history.c
         fsg_lextree.c
         fsg_search.c
     1>..\..\src\libpocketsphinx\fsg_search.c(215): warning C4244: '=' : conversion from 'float32' to 'int32', possible loss of data
     1>..\..\src\libpocketsphinx\fsg_search.c(224): warning C4244: '=' : conversion from 'double' to 'float32', possible loss of data
         hmm.c
         kws_detections.c
     1>..\..\src\libpocketsphinx\kws_detections.c(95): warning C4267: '+=' : conversion from 'size_t' to 'int', possible loss of data
         kws_search.c
     1>..\..\src\libpocketsphinx\kws_search.c(690): warning C4267: '+=' : conversion from 'size_t' to 'int', possible loss of data
     1>..\..\src\libpocketsphinx\kws_search.c(697): warning C4267: '+=' : conversion from 'size_t' to 'int', possible loss of data
         mdef.c
     1>..\..\src\libpocketsphinx\mdef.c(363): warning C4244: 'function' : conversion from '__int64' to 'long', possible loss of data
     1>..\..\src\libpocketsphinx\mdef.c(437): warning C4244: 'function' : conversion from '__int64' to 'long', possible loss of data
         ms_gauden.c
         ms_mgau.c
     1>..\..\src\libpocketsphinx\ms_mgau.c(136): warning C4018: '>' : signed/unsigned mismatch
     1>..\..\src\libpocketsphinx\ms_mgau.c(139): warning C4018: '<' : signed/unsigned mismatch
     1>..\..\src\libpocketsphinx\ms_mgau.c(219): warning C4018: '<' : signed/unsigned mismatch
     1>..\..\src\libpocketsphinx\ms_mgau.c(227): warning C4018: '<' : signed/unsigned mismatch
         ms_senone.c
     1>..\..\src\libpocketsphinx\ms_senone.c(118): warning C4018: '<' : signed/unsigned mismatch
     1>..\..\src\libpocketsphinx\ms_senone.c(224): warning C4018: '<' : signed/unsigned mismatch
     1>..\..\src\libpocketsphinx\ms_senone.c(225): warning C4018: '<' : signed/unsigned mismatch
     1>..\..\src\libpocketsphinx\ms_senone.c(240): warning C4018: '<' : signed/unsigned mismatch
     1>..\..\src\libpocketsphinx\ms_senone.c(314): warning C4018: '<' : signed/unsigned mismatch
     1>..\..\src\libpocketsphinx\ms_senone.c(325): warning C4018: '<' : signed/unsigned mismatch
     1>..\..\src\libpocketsphinx\ms_senone.c(376): warning C4018: '<' : signed/unsigned mismatch
         ngram_search.c
     1>..\..\src\libpocketsphinx\ngram_search.c(93): warning C4090: 'function' : different 'const' qualifiers
     1>..\..\src\libpocketsphinx\ngram_search.c(136): warning C4244: '=' : conversion from 'double' to 'float32', possible loss of data
     1>..\..\src\libpocketsphinx\ngram_search.c(721): warning C4244: '=' : conversion from 'float32' to 'int32', possible loss of data
     1>..\..\src\libpocketsphinx\ngram_search.c(1041): warning C4244: 'function' : conversion from 'double' to 'float32', possible loss of data
     1>..\..\src\libpocketsphinx\ngram_search.c(1186): warning C4244: '=' : conversion from 'float32' to 'int32', possible loss of data
     1>..\..\src\libpocketsphinx\ngram_search.c(1242): warning C4244: '=' : conversion from 'double' to 'float', possible loss of data
         ngram_search_fwdflat.c
     1>..\..\src\libpocketsphinx\ngram_search_fwdflat.c(709): warning C4244: '+=' : conversion from 'float32' to 'int32', possible loss of data
         ngram_search_fwdtree.c
         phone_loop_search.c
     1>..\..\src\libpocketsphinx\phone_loop_search.c(230): warning C4244: '=' : conversion from 'float64' to 'int32', possible loss of data
         Generating Code...
         Compiling...
         pocketsphinx.c
     1>..\..\src\libpocketsphinx\pocketsphinx.c(299): warning C4244: '=' : conversion from 'float32' to 'int32', possible loss of data
     1>..\..\src\libpocketsphinx\pocketsphinx.c(319): warning C4244: 'function' : conversion from 'int32' to 'float32', possible loss of data
     1>..\..\src\libpocketsphinx\pocketsphinx.c(908): warning C4267: '+=' : conversion from 'size_t' to 'int32', possible loss of data
     1>..\..\src\libpocketsphinx\pocketsphinx.c(932): warning C4267: '=' : conversion from 'size_t' to 'long', possible loss of data
     1>..\..\src\libpocketsphinx\pocketsphinx.c(942): warning C4267: '=' : conversion from 'size_t' to 'long', possible loss of data
     1>..\..\src\libpocketsphinx\pocketsphinx.c(954): warning C4267: '+=' : conversion from 'size_t' to 'long', possible loss of data
         ps_alignment.c
         ps_lattice.c
     1>..\..\src\libpocketsphinx\ps_lattice.c(451): warning C4244: 'initializing' : conversion from 'float64' to 'float32', possible loss of data
     1>..\..\src\libpocketsphinx\ps_lattice.c(1244): warning C4244: '+=' : conversion from 'float32' to 'int32', possible loss of data
     1>..\..\src\libpocketsphinx\ps_lattice.c(1287): warning C4244: '+=' : conversion from 'float32' to 'int32', possible loss of data
     1>..\..\src\libpocketsphinx\ps_lattice.c(1321): warning C4244: '+=' : conversion from 'float32' to 'int32', possible loss of data
     1>..\..\src\libpocketsphinx\ps_lattice.c(1324): warning C4244: '+=' : conversion from 'float32' to 'int32', possible loss of data
     1>..\..\src\libpocketsphinx\ps_lattice.c(1374): warning C4244: '+=' : conversion from 'float32' to 'int32', possible loss of data
     1>..\..\src\libpocketsphinx\ps_lattice.c(1396): warning C4244: '=' : conversion from 'float32' to 'int32', possible loss of data
     1>..\..\src\libpocketsphinx\ps_lattice.c(1433): warning C4244: '+=' : conversion from 'float32' to 'int32', possible loss of data
     1>..\..\src\libpocketsphinx\ps_lattice.c(1503): warning C4244: '=' : conversion from 'float32' to 'int32', possible loss of data
     1>..\..\src\libpocketsphinx\ps_lattice.c(1510): warning C4244: 'function' : conversion from 'float32' to 'int', possible loss of data
     1>..\..\src\libpocketsphinx\ps_lattice.c(1593): warning C4244: '+=' : conversion from 'float32' to 'int32', possible loss of data
     1>..\..\src\libpocketsphinx\ps_lattice.c(1678): warning C4244: '+=' : conversion from 'float32' to 'int32', possible loss of data
     1>..\..\src\libpocketsphinx\ps_lattice.c(1684): warning C4244: '+=' : conversion from 'float32' to 'int32', possible loss of data
     1>..\..\src\libpocketsphinx\ps_lattice.c(1755): warning C4244: '=' : conversion from 'float32' to 'int32', possible loss of data
         ps_mllr.c
         ptm_mgau.c
     1>..\..\src\libpocketsphinx\ptm_mgau.c(843): warning C4244: '=' : conversion from 'int16' to 'uint8', possible loss of data
         s2_semi_mgau.c
         state_align_search.c
         tmat.c
         vector.c
     1>..\..\src\libpocketsphinx\vector.c(102): warning C4244: '*=' : conversion from 'float64' to 'float32', possible loss of data
         Generating Code...
       Link:
         C:\Program Files\Microsoft Visual Studio 11.0\VC\bin\x86_amd64\link.exe /ERRORREPORT:PROMPT /OUT:"..\..\bin\Release\x64\pocketsphinx.dll" /INCREMENTAL:NO /NOLOGO /LIBPATH:..\..\..\sphinxbase\bin\Release\x64 sphinxbase.lib winmm.lib kernel32.lib user32.lib gdi32.lib winspool.lib comdlg32.lib advapi32.lib shell32.lib ole32.lib oleaut32.lib uuid.lib odbc32.lib odbccp32.lib /MANIFEST /MANIFESTUAC:"level='asInvoker' uiAccess='false'" /manifest:embed /PDB:"..\..\bin\Release\x64/pocketsphinx.pdb" /TLBID:1 /DYNAMICBASE:NO /IMPLIB:"..\..\bin\Release\x64/pocketsphinx.lib" /MACHINE:X64 /DLL .\Release\x64/acmod.obj
         .\Release\x64/allphone_search.obj
         .\Release\x64/bin_mdef.obj
         .\Release\x64/blkarray_list.obj
         .\Release\x64/dict.obj
         .\Release\x64/dict2pid.obj
         .\Release\x64/fsg_history.obj
         .\Release\x64/fsg_lextree.obj
         .\Release\x64/fsg_search.obj
         .\Release\x64/hmm.obj
         .\Release\x64/kws_detections.obj
         .\Release\x64/kws_search.obj
         .\Release\x64/mdef.obj
         .\Release\x64/ms_gauden.obj
         .\Release\x64/ms_mgau.obj
         .\Release\x64/ms_senone.obj
         .\Release\x64/ngram_search.obj
         .\Release\x64/ngram_search_fwdflat.obj
         .\Release\x64/ngram_search_fwdtree.obj
         .\Release\x64/phone_loop_search.obj
         .\Release\x64/pocketsphinx.obj
         .\Release\x64/ps_alignment.obj
         .\Release\x64/ps_lattice.obj
         .\Release\x64/ps_mllr.obj
         .\Release\x64/ptm_mgau.obj
         .\Release\x64/s2_semi_mgau.obj
         .\Release\x64/state_align_search.obj
         .\Release\x64/tmat.obj
         .\Release\x64/vector.obj
            Creating library ..\..\bin\Release\x64/pocketsphinx.lib and object ..\..\bin\Release\x64/pocketsphinx.exp
         pocketsphinx.vcxproj -> C:\sphinx\pocketsphinx\\bin\Release\x64\pocketsphinx.dll
     1>Done Building Project "C:\sphinx\pocketsphinx\win32\pocketsphinx\pocketsphinx.vcxproj" (Build target(s)).

Build succeeded.

Time Elapsed 00:00:17.79
