Build started 13.01.2020 19:19:06.
     1>Project "C:\sphinx\sphinxtrain\win32\programs\agg_seg\agg_seg.vcxproj" on node 2 (Build target(s)).
     1>ClCompile:
         C:\Program Files\Microsoft Visual Studio 11.0\VC\bin\CL.exe /c /I..\..\..\..\sphinxbase\include\win32 /I..\..\..\..\sphinxbase\include /I..\..\..\include /Zi /nologo /W3 /WX- /O2 /Ob1 /Oy- /D NDEBUG /D _CONSOLE /D _CRT_SECURE_NO_WARNINGS /D SPHINX_DLL /D _VC80_UPGRADE=0x0600 /D _MBCS /GF /Gm- /EHsc /MD /GS /Gy /fp:precise /Zc:wchar_t /Zc:forScope /Fo".\Release\Win32/" /Fd".\Release\Win32/vc110.pdb" /Gd /TC /analyze- /errorReport:prompt ..\..\..\src\programs\agg_seg\agg_all_seg.c ..\..\..\src\programs\agg_seg\agg_phn_seg.c ..\..\..\src\programs\agg_seg\agg_st_seg.c ..\..\..\src\programs\agg_seg\cnt_phn_seg.c ..\..\..\src\programs\agg_seg\cnt_st_seg.c ..\..\..\src\programs\agg_seg\main.c ..\..\..\src\programs\agg_seg\mk_seg.c ..\..\..\src\programs\agg_seg\parse_cmd_ln.c
         agg_all_seg.c
     1>..\..\..\src\programs\agg_seg\agg_all_seg.c(108): warning C4013: 'bio_fwrite' undefined; assuming extern returning int
     1>..\..\..\src\programs\agg_seg\agg_all_seg.c(150): warning C4018: '<' : signed/unsigned mismatch
         agg_phn_seg.c
     1>..\..\..\src\programs\agg_seg\agg_phn_seg.c(107): warning C4013: 'str2words' undefined; assuming extern returning int
         agg_st_seg.c
     1>..\..\..\src\programs\agg_seg\agg_st_seg.c(246): warning C4018: '<' : signed/unsigned mismatch
         cnt_phn_seg.c
         cnt_st_seg.c
         main.c
     1>..\..\..\src\programs\agg_seg\main.c(231): warning C4244: '=' : conversion from 'double' to 'mfcc_t', possible loss of data
     1>..\..\..\src\programs\agg_seg\main.c(236): warning C4244: '=' : conversion from 'double' to 'mfcc_t', possible loss of data
         mk_seg.c
         parse_cmd_ln.c
         Generating Code...
       Link:
         C:\Program Files\Microsoft Visual Studio 11.0\VC\bin\link.exe /ERRORREPORT:PROMPT /OUT:".\..\..\..\bin\Release\Win32/agg_seg.exe" /INCREMENTAL:NO /NOLOGO /LIBPATH:..\..\..\..\sphinxbase\bin\Release\Win32 sphinxbase.lib kernel32.lib user32.lib gdi32.lib winspool.lib comdlg32.lib advapi32.lib shell32.lib ole32.lib oleaut32.lib uuid.lib odbc32.lib odbccp32.lib /MANIFEST /MANIFESTUAC:"level='asInvoker' uiAccess='false'" /manifest:embed /PDB:".\..\..\..\bin\Release\Win32/agg_seg.pdb" /SUBSYSTEM:CONSOLE /TLBID:1 /DYNAMICBASE /NXCOMPAT /IMPLIB:".\..\..\..\bin\Release\Win32\agg_seg.lib" /MACHINE:X86 /SAFESEH .\Release\Win32/agg_all_seg.obj
         .\Release\Win32/agg_phn_seg.obj
         .\Release\Win32/agg_st_seg.obj
         .\Release\Win32/cnt_phn_seg.obj
         .\Release\Win32/cnt_st_seg.obj
         .\Release\Win32/main.obj
         .\Release\Win32/mk_seg.obj
         .\Release\Win32/parse_cmd_ln.obj
         C:\sphinx\sphinxtrain\lib\Release\Win32\libclust.lib
         C:\sphinx\sphinxtrain\lib\Release\Win32\libcommon.lib
         C:\sphinx\sphinxtrain\lib\Release\Win32\libio.lib
         C:\sphinx\sphinxtrain\lib\Release\Win32\libmllr.lib
         C:\sphinx\sphinxtrain\lib\Release\Win32\libmodinv.lib
         agg_seg.vcxproj -> C:\sphinx\sphinxtrain\win32\programs\agg_seg\.\..\..\..\bin\Release\Win32\agg_seg.exe
     1>Done Building Project "C:\sphinx\sphinxtrain\win32\programs\agg_seg\agg_seg.vcxproj" (Build target(s)).

Build succeeded.

Time Elapsed 00:00:05.78
