Build started 13.01.2020 19:19:22.
     1>Project "C:\sphinx\sphinxtrain\win32\programs\bldtree\bldtree.vcxproj" on node 2 (Build target(s)).
     1>ClCompile:
         C:\Program Files\Microsoft Visual Studio 11.0\VC\bin\CL.exe /c /I..\..\..\..\sphinxbase\include\win32 /I..\..\..\..\sphinxbase\include /I..\..\..\include /Zi /nologo /W3 /WX- /O2 /Ob1 /Oy- /D NDEBUG /D _CONSOLE /D _CRT_SECURE_NO_WARNINGS /D SPHINX_DLL /D _VC80_UPGRADE=0x0600 /D _MBCS /GF /Gm- /EHsc /MD /GS /Gy /fp:precise /Zc:wchar_t /Zc:forScope /Fo".\Release\Win32/" /Fd".\Release\Win32/vc110.pdb" /Gd /TC /analyze- /errorReport:prompt ..\..\..\src\programs\bldtree\main.c ..\..\..\src\programs\bldtree\parse_cmd_ln.c
         main.c
     1>..\..\..\src\programs\bldtree\main.c(82): warning C4018: '<' : signed/unsigned mismatch
     1>..\..\..\src\programs\bldtree\main.c(91): warning C4244: '=' : conversion from 'double' to 'float32', possible loss of data
     1>..\..\..\src\programs\bldtree\main.c(92): warning C4018: '<' : signed/unsigned mismatch
     1>..\..\..\src\programs\bldtree\main.c(96): warning C4018: '<' : signed/unsigned mismatch
     1>..\..\..\src\programs\bldtree\main.c(328): warning C4244: '=' : conversion from 'double' to 'float32', possible loss of data
     1>..\..\..\src\programs\bldtree\main.c(339): warning C4244: '*=' : conversion from 'float64' to 'float32', possible loss of data
     1>..\..\..\src\programs\bldtree\main.c(398): warning C4244: '=' : conversion from 'float64' to 'float32', possible loss of data
     1>..\..\..\src\programs\bldtree\main.c(491): warning C4244: '/=' : conversion from 'float64' to 'float32', possible loss of data
     1>..\..\..\src\programs\bldtree\main.c(492): warning C4244: '=' : conversion from 'float64' to 'float32', possible loss of data
     1>..\..\..\src\programs\bldtree\main.c(504): warning C4244: '=' : conversion from 'float64' to 'float32', possible loss of data
         parse_cmd_ln.c
         Generating Code...
       Link:
         C:\Program Files\Microsoft Visual Studio 11.0\VC\bin\link.exe /ERRORREPORT:PROMPT /OUT:".\..\..\..\bin\Release\Win32/bldtree.exe" /INCREMENTAL:NO /NOLOGO /LIBPATH:..\..\..\..\sphinxbase\bin\Release\Win32 sphinxbase.lib kernel32.lib user32.lib gdi32.lib winspool.lib comdlg32.lib advapi32.lib shell32.lib ole32.lib oleaut32.lib uuid.lib odbc32.lib odbccp32.lib /MANIFEST /MANIFESTUAC:"level='asInvoker' uiAccess='false'" /manifest:embed /PDB:".\..\..\..\bin\Release\Win32/bldtree.pdb" /SUBSYSTEM:CONSOLE /TLBID:1 /DYNAMICBASE /NXCOMPAT /IMPLIB:".\..\..\..\bin\Release\Win32\bldtree.lib" /MACHINE:X86 /SAFESEH .\Release\Win32/main.obj
         .\Release\Win32/parse_cmd_ln.obj
         C:\sphinx\sphinxtrain\lib\Release\Win32\libclust.lib
         C:\sphinx\sphinxtrain\lib\Release\Win32\libcommon.lib
         C:\sphinx\sphinxtrain\lib\Release\Win32\libio.lib
         C:\sphinx\sphinxtrain\lib\Release\Win32\libmllr.lib
         C:\sphinx\sphinxtrain\lib\Release\Win32\libmodinv.lib
         bldtree.vcxproj -> C:\sphinx\sphinxtrain\win32\programs\bldtree\.\..\..\..\bin\Release\Win32\bldtree.exe
     1>Done Building Project "C:\sphinx\sphinxtrain\win32\programs\bldtree\bldtree.vcxproj" (Build target(s)).

Build succeeded.

Time Elapsed 00:00:04.09
