Build started 13.01.2020 19:23:13.
     1>Project "C:\sphinx\sphinxtrain\win32\programs\param_cnt\param_cnt.vcxproj" on node 2 (Build target(s)).
     1>ClCompile:
         C:\Program Files\Microsoft Visual Studio 11.0\VC\bin\x86_amd64\CL.exe /c /I..\..\..\..\sphinxbase\include\win32 /I..\..\..\..\sphinxbase\include /I..\..\..\include /ZI /nologo /W3 /WX- /Od /D _DEBUG /D _CONSOLE /D _CRT_SECURE_NO_WARNINGS /D SPHINX_DLL /D _VC80_UPGRADE=0x0600 /D _MBCS /Gm /EHsc /RTC1 /MDd /GS /fp:precise /Zc:wchar_t /Zc:forScope /Fo".\Debug\x64/" /Fd".\Debug\x64/vc110.pdb" /Gd /TC /errorReport:prompt ..\..\..\src\programs\param_cnt\cb_cnt.c ..\..\..\src\programs\param_cnt\enum_corpus.c ..\..\..\src\programs\param_cnt\main.c ..\..\..\src\programs\param_cnt\param_cnt.c ..\..\..\src\programs\param_cnt\parse_cmd_ln.c ..\..\..\src\programs\param_cnt\phone_cnt.c ..\..\..\src\programs\param_cnt\ts_cnt.c
     1>cl : Command line warning D9038: /ZI is not supported on this platform; enabling /Zi instead
     1>cl : Command line warning D9007: '/Gm' requires '/Zi'; option ignored
         cb_cnt.c
         enum_corpus.c
     1>..\..\..\src\programs\param_cnt\enum_corpus.c(116): warning C4013: 'str2words' undefined; assuming extern returning int
         main.c
         param_cnt.c
         parse_cmd_ln.c
         phone_cnt.c
         ts_cnt.c
         Generating Code...
       Link:
         C:\Program Files\Microsoft Visual Studio 11.0\VC\bin\x86_amd64\link.exe /ERRORREPORT:PROMPT /OUT:".\..\..\..\bin\Debug\x64/param_cnt.exe" /INCREMENTAL /NOLOGO /LIBPATH:..\..\..\..\sphinxbase\bin\Debug\x64 sphinxbase.lib kernel32.lib user32.lib gdi32.lib winspool.lib comdlg32.lib advapi32.lib shell32.lib ole32.lib oleaut32.lib uuid.lib odbc32.lib odbccp32.lib /MANIFEST /MANIFESTUAC:"level='asInvoker' uiAccess='false'" /manifest:embed /DEBUG /PDB:".\..\..\..\bin\Debug\x64/param_cnt.pdb" /SUBSYSTEM:CONSOLE /TLBID:1 /DYNAMICBASE /NXCOMPAT /IMPLIB:".\..\..\..\bin\Debug\x64\param_cnt.lib" /MACHINE:X64 .\Debug\x64/cb_cnt.obj
         .\Debug\x64/enum_corpus.obj
         .\Debug\x64/main.obj
         .\Debug\x64/param_cnt.obj
         .\Debug\x64/parse_cmd_ln.obj
         .\Debug\x64/phone_cnt.obj
         .\Debug\x64/ts_cnt.obj
         C:\sphinx\sphinxtrain\lib\Debug\x64\libclust.lib
         C:\sphinx\sphinxtrain\lib\Debug\x64\libcommon.lib
         C:\sphinx\sphinxtrain\lib\Debug\x64\libio.lib
         C:\sphinx\sphinxtrain\lib\Debug\x64\libmllr.lib
         C:\sphinx\sphinxtrain\lib\Debug\x64\libmodinv.lib
         param_cnt.vcxproj -> C:\sphinx\sphinxtrain\win32\programs\param_cnt\.\..\..\..\bin\Debug\x64\param_cnt.exe
     1>Done Building Project "C:\sphinx\sphinxtrain\win32\programs\param_cnt\param_cnt.vcxproj" (Build target(s)).

Build succeeded.

Time Elapsed 00:00:03.02
