Build started 13.01.2020 19:09:48.
     1>Project "C:\sphinx\pocketsphinx\win32\pocketsphinx\pocketsphinx.vcxproj" on node 2 (Rebuild target(s)).
     1>ClCompile:
         C:\Program Files\Microsoft Visual Studio 11.0\VC\bin\CL.exe /c /I../../include /I../../src/libpocketsphinx /I../../../sphinxbase/include /I../../../sphinxbase/include/win32 /ZI /nologo /W3 /WX- /Od /Oy- /D _DEBUG /D _USRDLL /D SPHINX_DLL /D POCKETSPHINX_EXPORTS /D HAVE_CONFIG_H /D _CRT_SECURE_NO_WARNINGS /D _WINDLL /D _MBCS /Gm /EHsc /RTC1 /MDd /GS /fp:precise /Zc:wchar_t /Zc:forScope /Fo".\Debug\Win32/" /Fd".\Debug\Win32/vc110.pdb" /Gd /TC /analyze- /errorReport:prompt ..\..\src\libpocketsphinx\acmod.c ..\..\src\libpocketsphinx\allphone_search.c ..\..\src\libpocketsphinx\bin_mdef.c ..\..\src\libpocketsphinx\blkarray_list.c ..\..\src\libpocketsphinx\dict.c ..\..\src\libpocketsphinx\dict2pid.c ..\..\src\libpocketsphinx\fsg_history.c ..\..\src\libpocketsphinx\fsg_lextree.c ..\..\src\libpocketsphinx\fsg_search.c ..\..\src\libpocketsphinx\hmm.c ..\..\src\libpocketsphinx\kws_detections.c ..\..\src\libpocketsphinx\kws_search.c ..\..\src\libpocketsphinx\mdef.c ..\..\src\libpocketsphinx\ms_gauden.c ..\..\src\libpocketsphinx\ms_mgau.c ..\..\src\libpocketsphinx\ms_senone.c ..\..\src\libpocketsphinx\ngram_search.c ..\..\src\libpocketsphinx\ngram_search_fwdflat.c ..\..\src\libpocketsphinx\ngram_search_fwdtree.c ..\..\src\libpocketsphinx\phone_loop_search.c ..\..\src\libpocketsphinx\pocketsphinx.c ..\..\src\libpocketsphinx\ps_alignment.c ..\..\src\libpocketsphinx\ps_lattice.c ..\..\src\libpocketsphinx\ps_mllr.c ..\..\src\libpocketsphinx\ptm_mgau.c ..\..\src\libpocketsphinx\s2_semi_mgau.c ..\..\src\libpocketsphinx\state_align_search.c ..\..\src\libpocketsphinx\tmat.c ..\..\src\libpocketsphinx\vector.c
         vector.c
     1>c:\sphinx\pocketsphinx\src\libpocketsphinx\vector.c(102): warning C4244: '*=' : conversion from 'float64' to 'float32', possible loss of data
         tmat.c
         state_align_search.c
         s2_semi_mgau.c
         ptm_mgau.c
     1>c:\sphinx\pocketsphinx\src\libpocketsphinx\ptm_mgau.c(843): warning C4244: '=' : conversion from 'int16' to 'uint8', possible loss of data
         ps_mllr.c
         ps_lattice.c
     1>c:\sphinx\pocketsphinx\src\libpocketsphinx\ps_lattice.c(451): warning C4244: 'initializing' : conversion from 'float64' to 'float32', possible loss of data
     1>c:\sphinx\pocketsphinx\src\libpocketsphinx\ps_lattice.c(1244): warning C4244: '+=' : conversion from 'float32' to 'int32', possible loss of data
     1>c:\sphinx\pocketsphinx\src\libpocketsphinx\ps_lattice.c(1287): warning C4244: '+=' : conversion from 'float32' to 'int32', possible loss of data
     1>c:\sphinx\pocketsphinx\src\libpocketsphinx\ps_lattice.c(1321): warning C4244: '+=' : conversion from 'float32' to 'int32', possible loss of data
     1>c:\sphinx\pocketsphinx\src\libpocketsphinx\ps_lattice.c(1324): warning C4244: '+=' : conversion from 'float32' to 'int32', possible loss of data
     1>c:\sphinx\pocketsphinx\src\libpocketsphinx\ps_lattice.c(1374): warning C4244: '+=' : conversion from 'float32' to 'int32', possible loss of data
     1>c:\sphinx\pocketsphinx\src\libpocketsphinx\ps_lattice.c(1396): warning C4244: '=' : conversion from 'float32' to 'int32', possible loss of data
     1>c:\sphinx\pocketsphinx\src\libpocketsphinx\ps_lattice.c(1433): warning C4244: '+=' : conversion from 'float32' to 'int32', possible loss of data
     1>c:\sphinx\pocketsphinx\src\libpocketsphinx\ps_lattice.c(1503): warning C4244: '=' : conversion from 'float32' to 'int32', possible loss of data
     1>c:\sphinx\pocketsphinx\src\libpocketsphinx\ps_lattice.c(1510): warning C4244: 'function' : conversion from 'float32' to 'int', possible loss of data
     1>c:\sphinx\pocketsphinx\src\libpocketsphinx\ps_lattice.c(1593): warning C4244: '+=' : conversion from 'float32' to 'int32', possible loss of data
     1>c:\sphinx\pocketsphinx\src\libpocketsphinx\ps_lattice.c(1678): warning C4244: '+=' : conversion from 'float32' to 'int32', possible loss of data
     1>c:\sphinx\pocketsphinx\src\libpocketsphinx\ps_lattice.c(1684): warning C4244: '+=' : conversion from 'float32' to 'int32', possible loss of data
     1>c:\sphinx\pocketsphinx\src\libpocketsphinx\ps_lattice.c(1755): warning C4244: '=' : conversion from 'float32' to 'int32', possible loss of data
         ps_alignment.c
         pocketsphinx.c
     1>c:\sphinx\pocketsphinx\src\libpocketsphinx\pocketsphinx.c(299): warning C4244: '=' : conversion from 'float32' to 'int32', possible loss of data
     1>c:\sphinx\pocketsphinx\src\libpocketsphinx\pocketsphinx.c(319): warning C4244: 'function' : conversion from 'int32' to 'float32', possible loss of data
         phone_loop_search.c
     1>c:\sphinx\pocketsphinx\src\libpocketsphinx\phone_loop_search.c(230): warning C4244: '=' : conversion from 'float64' to 'int32', possible loss of data
         ngram_search_fwdtree.c
         ngram_search_fwdflat.c
     1>c:\sphinx\pocketsphinx\src\libpocketsphinx\ngram_search_fwdflat.c(709): warning C4244: '+=' : conversion from 'float32' to 'int32', possible loss of data
         ngram_search.c
     1>c:\sphinx\pocketsphinx\src\libpocketsphinx\ngram_search.c(93): warning C4090: 'function' : different 'const' qualifiers
     1>c:\sphinx\pocketsphinx\src\libpocketsphinx\ngram_search.c(136): warning C4244: '=' : conversion from 'double' to 'float32', possible loss of data
     1>c:\sphinx\pocketsphinx\src\libpocketsphinx\ngram_search.c(721): warning C4244: '=' : conversion from 'float32' to 'int32', possible loss of data
     1>c:\sphinx\pocketsphinx\src\libpocketsphinx\ngram_search.c(1041): warning C4244: 'function' : conversion from 'double' to 'float32', possible loss of data
     1>c:\sphinx\pocketsphinx\src\libpocketsphinx\ngram_search.c(1186): warning C4244: '=' : conversion from 'float32' to 'int32', possible loss of data
     1>c:\sphinx\pocketsphinx\src\libpocketsphinx\ngram_search.c(1242): warning C4244: '=' : conversion from 'double' to 'float', possible loss of data
         ms_senone.c
     1>c:\sphinx\pocketsphinx\src\libpocketsphinx\ms_senone.c(118): warning C4018: '<' : signed/unsigned mismatch
     1>c:\sphinx\pocketsphinx\src\libpocketsphinx\ms_senone.c(224): warning C4018: '<' : signed/unsigned mismatch
     1>c:\sphinx\pocketsphinx\src\libpocketsphinx\ms_senone.c(225): warning C4018: '<' : signed/unsigned mismatch
     1>c:\sphinx\pocketsphinx\src\libpocketsphinx\ms_senone.c(240): warning C4018: '<' : signed/unsigned mismatch
     1>c:\sphinx\pocketsphinx\src\libpocketsphinx\ms_senone.c(314): warning C4018: '<' : signed/unsigned mismatch
     1>c:\sphinx\pocketsphinx\src\libpocketsphinx\ms_senone.c(325): warning C4018: '<' : signed/unsigned mismatch
     1>c:\sphinx\pocketsphinx\src\libpocketsphinx\ms_senone.c(371): warning C4018: '<' : signed/unsigned mismatch
     1>c:\sphinx\pocketsphinx\src\libpocketsphinx\ms_senone.c(372): warning C4018: '<=' : signed/unsigned mismatch
     1>c:\sphinx\pocketsphinx\src\libpocketsphinx\ms_senone.c(376): warning C4018: '<' : signed/unsigned mismatch
         ms_mgau.c
     1>c:\sphinx\pocketsphinx\src\libpocketsphinx\ms_mgau.c(136): warning C4018: '>' : signed/unsigned mismatch
     1>c:\sphinx\pocketsphinx\src\libpocketsphinx\ms_mgau.c(139): warning C4018: '<' : signed/unsigned mismatch
     1>c:\sphinx\pocketsphinx\src\libpocketsphinx\ms_mgau.c(219): warning C4018: '<' : signed/unsigned mismatch
     1>c:\sphinx\pocketsphinx\src\libpocketsphinx\ms_mgau.c(227): warning C4018: '<' : signed/unsigned mismatch
         ms_gauden.c
         mdef.c
         kws_search.c
         kws_detections.c
         hmm.c
         Generating Code...
         Compiling...
         fsg_search.c
     1>c:\sphinx\pocketsphinx\src\libpocketsphinx\fsg_search.c(215): warning C4244: '=' : conversion from 'float32' to 'int32', possible loss of data
     1>c:\sphinx\pocketsphinx\src\libpocketsphinx\fsg_search.c(224): warning C4244: '=' : conversion from 'double' to 'float32', possible loss of data
         fsg_lextree.c
         fsg_history.c
         dict2pid.c
         dict.c
         blkarray_list.c
         bin_mdef.c
     1>c:\sphinx\pocketsphinx\src\libpocketsphinx\bin_mdef.c(148): warning C4244: '=' : conversion from 'int16' to 'uint8', possible loss of data
     1>c:\sphinx\pocketsphinx\src\libpocketsphinx\bin_mdef.c(149): warning C4244: '=' : conversion from 'int16' to 'uint8', possible loss of data
     1>c:\sphinx\pocketsphinx\src\libpocketsphinx\bin_mdef.c(150): warning C4244: '=' : conversion from 'int16' to 'uint8', possible loss of data
         allphone_search.c
     1>c:\sphinx\pocketsphinx\src\libpocketsphinx\allphone_search.c(544): warning C4244: '=' : conversion from 'float32' to 'int32', possible loss of data
     1>c:\sphinx\pocketsphinx\src\libpocketsphinx\allphone_search.c(603): warning C4244: '=' : conversion from 'double' to 'float32', possible loss of data
         acmod.c
     1>c:\sphinx\pocketsphinx\src\libpocketsphinx\acmod.c(186): warning C4244: '=' : conversion from 'double' to 'mfcc_t', possible loss of data
     1>c:\sphinx\pocketsphinx\src\libpocketsphinx\acmod.c(191): warning C4244: '=' : conversion from 'double' to 'mfcc_t', possible loss of data
     1>c:\sphinx\pocketsphinx\src\libpocketsphinx\acmod.c(540): warning C4018: '<' : signed/unsigned mismatch
         Generating Code...
       Link:
         C:\Program Files\Microsoft Visual Studio 11.0\VC\bin\link.exe /ERRORREPORT:PROMPT /OUT:"../../bin/Debug/Win32/pocketsphinx.dll" /NOLOGO /LIBPATH:..\..\..\sphinxbase\bin\Debug\Win32 sphinxbase.lib winmm.lib kernel32.lib user32.lib gdi32.lib winspool.lib comdlg32.lib advapi32.lib shell32.lib ole32.lib oleaut32.lib uuid.lib odbc32.lib odbccp32.lib /MANIFEST /MANIFESTUAC:"level='asInvoker' uiAccess='false'" /manifest:embed /DEBUG /PDB:"..\..\bin\Debug\Win32/pocketsphinx.pdb" /TLBID:1 /DYNAMICBASE:NO /IMPLIB:"..\..\bin\Debug\Win32/pocketsphinx.lib" /MACHINE:X86 /SAFESEH:NO /DLL .\Debug\Win32/acmod.obj
         .\Debug\Win32/allphone_search.obj
         .\Debug\Win32/bin_mdef.obj
         .\Debug\Win32/blkarray_list.obj
         .\Debug\Win32/dict.obj
         .\Debug\Win32/dict2pid.obj
         .\Debug\Win32/fsg_history.obj
         .\Debug\Win32/fsg_lextree.obj
         .\Debug\Win32/fsg_search.obj
         .\Debug\Win32/hmm.obj
         .\Debug\Win32/kws_detections.obj
         .\Debug\Win32/kws_search.obj
         .\Debug\Win32/mdef.obj
         .\Debug\Win32/ms_gauden.obj
         .\Debug\Win32/ms_mgau.obj
         .\Debug\Win32/ms_senone.obj
         .\Debug\Win32/ngram_search.obj
         .\Debug\Win32/ngram_search_fwdflat.obj
         .\Debug\Win32/ngram_search_fwdtree.obj
         .\Debug\Win32/phone_loop_search.obj
         .\Debug\Win32/pocketsphinx.obj
         .\Debug\Win32/ps_alignment.obj
         .\Debug\Win32/ps_lattice.obj
         .\Debug\Win32/ps_mllr.obj
         .\Debug\Win32/ptm_mgau.obj
         .\Debug\Win32/s2_semi_mgau.obj
         .\Debug\Win32/state_align_search.obj
         .\Debug\Win32/tmat.obj
         .\Debug\Win32/vector.obj
            Creating library ..\..\bin\Debug\Win32/pocketsphinx.lib and object ..\..\bin\Debug\Win32/pocketsphinx.exp
         pocketsphinx.vcxproj -> C:\sphinx\pocketsphinx\\bin\Debug\Win32\pocketsphinx.dll
     1>Done Building Project "C:\sphinx\pocketsphinx\win32\pocketsphinx\pocketsphinx.vcxproj" (Rebuild target(s)).

Build succeeded.

Time Elapsed 00:00:15.99
