Build started 13.01.2020 19:21:02.
     1>Project "C:\sphinx\sphinxtrain\win32\programs\kmeans_init\kmeans_init.vcxproj" on node 2 (Build target(s)).
     1>ClCompile:
         C:\Program Files\Microsoft Visual Studio 11.0\VC\bin\x86_amd64\CL.exe /c /I..\..\..\include /I..\..\..\..\sphinxbase\include\win32 /I..\..\..\..\sphinxbase\include /ZI /nologo /W3 /WX- /Od /D _DEBUG /D _CONSOLE /D _CRT_SECURE_NO_WARNINGS /D SPHINX_DLL /D _VC80_UPGRADE=0x0600 /D _MBCS /Gm /EHsc /RTC1 /MDd /GS /fp:precise /Zc:wchar_t /Zc:forScope /Fo".\Debug\x64/" /Fd".\Debug\x64/vc110.pdb" /Gd /TC /errorReport:prompt ..\..\..\src\programs\kmeans_init\main.c ..\..\..\src\programs\kmeans_init\parse_cmd_ln.c
     1>cl : Command line warning D9038: /ZI is not supported on this platform; enabling /Zi instead
     1>cl : Command line warning D9007: '/Gm' requires '/Zi'; option ignored
         main.c
     1>..\..\..\src\programs\kmeans_init\main.c(262): warning C4013: 'bio_fread' undefined; assuming extern returning int
     1>..\..\..\src\programs\kmeans_init\main.c(453): warning C4244: '=' : conversion from 'double' to 'mfcc_t', possible loss of data
     1>..\..\..\src\programs\kmeans_init\main.c(458): warning C4244: '=' : conversion from 'double' to 'mfcc_t', possible loss of data
     1>..\..\..\src\programs\kmeans_init\main.c(586): warning C4244: '=' : conversion from 'double' to 'float32', possible loss of data
     1>..\..\..\src\programs\kmeans_init\main.c(587): warning C4244: '=' : conversion from 'float32' to 'uint32', possible loss of data
     1>..\..\..\src\programs\kmeans_init\main.c(644): warning C4244: 'return' : conversion from 'float64' to 'float32', possible loss of data
     1>..\..\..\src\programs\kmeans_init\main.c(923): warning C4244: '+=' : conversion from 'float64' to 'float', possible loss of data
     1>..\..\..\src\programs\kmeans_init\main.c(930): warning C4244: '*=' : conversion from 'float64' to 'float', possible loss of data
     1>..\..\..\src\programs\kmeans_init\main.c(983): warning C4244: '*=' : conversion from 'float64' to 'float', possible loss of data
     1>..\..\..\src\programs\kmeans_init\main.c(1085): warning C4305: '=' : truncation from 'double' to 'float'
     1>..\..\..\src\programs\kmeans_init\main.c(1106): warning C4244: 'function' : conversion from 'float64' to 'float32', possible loss of data
     1>..\..\..\src\programs\kmeans_init\main.c(1117): warning C4244: '+=' : conversion from 'float64' to 'float32', possible loss of data
     1>..\..\..\src\programs\kmeans_init\main.c(1119): warning C4244: '+=' : conversion from 'float64' to 'float', possible loss of data
     1>..\..\..\src\programs\kmeans_init\main.c(1124): warning C4244: '=' : conversion from 'double' to 'float32', possible loss of data
     1>..\..\..\src\programs\kmeans_init\main.c(1126): warning C4244: '=' : conversion from 'double' to 'float32', possible loss of data
     1>..\..\..\src\programs\kmeans_init\main.c(1158): warning C4244: 'function' : conversion from 'float64' to 'float32', possible loss of data
     1>..\..\..\src\programs\kmeans_init\main.c(1173): warning C4244: '+=' : conversion from 'float64' to 'float32', possible loss of data
     1>..\..\..\src\programs\kmeans_init\main.c(1175): warning C4244: '+=' : conversion from 'float64' to 'float32', possible loss of data
     1>..\..\..\src\programs\kmeans_init\main.c(1183): warning C4244: '+=' : conversion from 'float64' to 'float', possible loss of data
     1>..\..\..\src\programs\kmeans_init\main.c(1186): warning C4244: '+=' : conversion from 'float64' to 'float', possible loss of data
     1>..\..\..\src\programs\kmeans_init\main.c(1222): warning C4244: '=' : conversion from 'double' to 'float32', possible loss of data
     1>..\..\..\src\programs\kmeans_init\main.c(1226): warning C4244: '=' : conversion from 'double' to 'float32', possible loss of data
     1>..\..\..\src\programs\kmeans_init\main.c(1385): warning C4018: '>' : signed/unsigned mismatch
         parse_cmd_ln.c
         Generating Code...
       Link:
         C:\Program Files\Microsoft Visual Studio 11.0\VC\bin\x86_amd64\link.exe /ERRORREPORT:PROMPT /OUT:".\..\..\..\bin\Debug\x64/kmeans_init.exe" /INCREMENTAL /NOLOGO /LIBPATH:..\..\..\..\sphinxbase\bin\Debug\x64 sphinxbase.lib kernel32.lib user32.lib gdi32.lib winspool.lib comdlg32.lib advapi32.lib shell32.lib ole32.lib oleaut32.lib uuid.lib odbc32.lib odbccp32.lib /MANIFEST /MANIFESTUAC:"level='asInvoker' uiAccess='false'" /manifest:embed /DEBUG /PDB:".\..\..\..\bin\Debug\x64/kmeans_init.pdb" /SUBSYSTEM:CONSOLE /TLBID:1 /DYNAMICBASE /NXCOMPAT /IMPLIB:".\..\..\..\bin\Debug\x64\kmeans_init.lib" /MACHINE:X64 .\Debug\x64/main.obj
         .\Debug\x64/parse_cmd_ln.obj
         C:\sphinx\sphinxtrain\lib\Debug\x64\libclust.lib
         C:\sphinx\sphinxtrain\lib\Debug\x64\libcommon.lib
         C:\sphinx\sphinxtrain\lib\Debug\x64\libio.lib
         C:\sphinx\sphinxtrain\lib\Debug\x64\libmllr.lib
         C:\sphinx\sphinxtrain\lib\Debug\x64\libmodinv.lib
         kmeans_init.vcxproj -> C:\sphinx\sphinxtrain\win32\programs\kmeans_init\.\..\..\..\bin\Debug\x64\kmeans_init.exe
     1>Done Building Project "C:\sphinx\sphinxtrain\win32\programs\kmeans_init\kmeans_init.vcxproj" (Build target(s)).

Build succeeded.

Time Elapsed 00:00:05.45
