Build started 13.01.2020 19:17:44.
     1>Project "C:\sphinx\sphinxtrain\win32\libs\libclust\libclust.vcxproj" on node 2 (Build target(s)).
     1>ClCompile:
         C:\Program Files\Microsoft Visual Studio 11.0\VC\bin\x86_amd64\CL.exe /c /I..\..\..\include /I..\..\..\..\sphinxbase\include\win32 /I..\..\..\..\sphinxbase\include /ZI /nologo /W3 /WX- /Od /D _DEBUG /D _LIB /D _CRT_SECURE_NO_WARNINGS /D SPHINX_DLL /D _VC80_UPGRADE=0x0600 /D _MBCS /Gm /EHsc /RTC1 /MDd /GS /fp:precise /Zc:wchar_t /Zc:forScope /Fo".\Debug\x64/" /Fd".\Debug\x64/vc110.pdb" /Gd /TC /errorReport:prompt ..\..\..\src\libs\libclust\div.c ..\..\..\src\libs\libclust\kdtree.c ..\..\..\src\libs\libclust\kmeans.c ..\..\..\src\libs\libclust\metric.c
     1>cl : Command line warning D9038: /ZI is not supported on this platform; enabling /Zi instead
     1>cl : Command line warning D9007: '/Gm' requires '/Zi'; option ignored
         div.c
         kdtree.c
     1>..\..\..\src\libs\libclust\kdtree.c(82): warning C4018: '<' : signed/unsigned mismatch
     1>..\..\..\src\libs\libclust\kdtree.c(83): warning C4244: 'initializing' : conversion from 'double' to 'float32', possible loss of data
     1>..\..\..\src\libs\libclust\kdtree.c(85): warning C4018: '<' : signed/unsigned mismatch
     1>..\..\..\src\libs\libclust\kdtree.c(86): warning C4244: '+=' : conversion from 'double' to 'float32', possible loss of data
     1>..\..\..\src\libs\libclust\kdtree.c(87): warning C4018: '<' : signed/unsigned mismatch
     1>..\..\..\src\libs\libclust\kdtree.c(89): warning C4244: '=' : conversion from 'double' to 'float32', possible loss of data
     1>..\..\..\src\libs\libclust\kdtree.c(93): warning C4018: '<' : signed/unsigned mismatch
     1>..\..\..\src\libs\libclust\kdtree.c(94): warning C4018: '<' : signed/unsigned mismatch
     1>..\..\..\src\libs\libclust\kdtree.c(96): warning C4244: '=' : conversion from 'double' to 'float32', possible loss of data
     1>..\..\..\src\libs\libclust\kdtree.c(104): warning C4018: '<' : signed/unsigned mismatch
     1>..\..\..\src\libs\libclust\kdtree.c(106): warning C4305: '=' : truncation from 'double' to 'float'
     1>..\..\..\src\libs\libclust\kdtree.c(107): warning C4056: overflow in floating-point constant arithmetic
     1>..\..\..\src\libs\libclust\kdtree.c(110): warning C4018: '<' : signed/unsigned mismatch
     1>..\..\..\src\libs\libclust\kdtree.c(111): warning C4018: '<' : signed/unsigned mismatch
     1>..\..\..\src\libs\libclust\kdtree.c(144): warning C4018: '<' : signed/unsigned mismatch
     1>..\..\..\src\libs\libclust\kdtree.c(148): warning C4018: '<' : signed/unsigned mismatch
     1>..\..\..\src\libs\libclust\kdtree.c(154): warning C4018: '<' : signed/unsigned mismatch
     1>..\..\..\src\libs\libclust\kdtree.c(155): warning C4018: '<' : signed/unsigned mismatch
     1>..\..\..\src\libs\libclust\kdtree.c(173): warning C4018: '<' : signed/unsigned mismatch
     1>..\..\..\src\libs\libclust\kdtree.c(184): warning C4018: '<' : signed/unsigned mismatch
     1>..\..\..\src\libs\libclust\kdtree.c(189): warning C4018: '<' : signed/unsigned mismatch
     1>..\..\..\src\libs\libclust\kdtree.c(217): warning C4018: '<' : signed/unsigned mismatch
     1>..\..\..\src\libs\libclust\kdtree.c(303): warning C4018: '<' : signed/unsigned mismatch
     1>..\..\..\src\libs\libclust\kdtree.c(312): warning C4018: '<' : signed/unsigned mismatch
     1>..\..\..\src\libs\libclust\kdtree.c(314): warning C4018: '<' : signed/unsigned mismatch
         kmeans.c
     1>..\..\..\src\libs\libclust\kmeans.c(95): warning C4244: '=' : conversion from 'float64' to 'float32', possible loss of data
     1>..\..\..\src\libs\libclust\kmeans.c(107): warning C4244: '=' : conversion from 'float64' to 'float32', possible loss of data
     1>..\..\..\src\libs\libclust\kmeans.c(148): warning C4244: '=' : conversion from 'float64' to 'float32', possible loss of data
     1>..\..\..\src\libs\libclust\kmeans.c(164): warning C4244: '=' : conversion from 'float64' to 'float32', possible loss of data
     1>..\..\..\src\libs\libclust\kmeans.c(611): warning C4244: '=' : conversion from 'float64' to 'float32', possible loss of data
     1>..\..\..\src\libs\libclust\kmeans.c(621): warning C4244: '=' : conversion from 'float64' to 'float32', possible loss of data
         metric.c
         Generating Code...
     1>c:\sphinx\sphinxtrain\src\libs\libclust\kdtree.c(107): warning C4756: overflow in constant arithmetic
     1>c:\sphinx\sphinxtrain\src\libs\libclust\kdtree.c(107): warning C4756: overflow in constant arithmetic
       Lib:
         C:\Program Files\Microsoft Visual Studio 11.0\VC\bin\x86_amd64\Lib.exe /OUT:".\..\..\..\lib\Debug\x64\libclust.lib" /NOLOGO /MACHINE:X64 .\Debug\x64/div.obj
         .\Debug\x64/kdtree.obj
         .\Debug\x64/kmeans.obj
         .\Debug\x64/metric.obj
         libclust.vcxproj -> C:\sphinx\sphinxtrain\win32\libs\libclust\.\..\..\..\lib\Debug\x64\libclust.lib
     1>Done Building Project "C:\sphinx\sphinxtrain\win32\libs\libclust\libclust.vcxproj" (Build target(s)).

Build succeeded.

Time Elapsed 00:00:03.15
