Build started 13.01.2020 19:20:11.
     1>Project "C:\sphinx\sphinxtrain\win32\programs\inc_comp\inc_comp.vcxproj" on node 2 (Build target(s)).
     1>ClCompile:
         C:\Program Files\Microsoft Visual Studio 11.0\VC\bin\CL.exe /c /I..\..\..\..\sphinxbase\include\win32 /I..\..\..\..\sphinxbase\include /I..\..\..\include /Zi /nologo /W3 /WX- /O2 /Ob1 /Oy- /D NDEBUG /D _CONSOLE /D _CRT_SECURE_NO_WARNINGS /D SPHINX_DLL /D _VC80_UPGRADE=0x0600 /D _MBCS /GF /Gm- /EHsc /MD /GS /Gy /fp:precise /Zc:wchar_t /Zc:forScope /Fo".\Release\Win32/" /Fd".\Release\Win32/vc110.pdb" /Gd /TC /analyze- /errorReport:prompt ..\..\..\src\programs\inc_comp\accum_wt_param.c ..\..\..\src\programs\inc_comp\inc_densities.c ..\..\..\src\programs\inc_comp\main.c ..\..\..\src\programs\inc_comp\parse_cmd_ln.c
         accum_wt_param.c
     1>..\..\..\src\programs\inc_comp\accum_wt_param.c(90): warning C4996: 'access': The POSIX name for this item is deprecated. Instead, use the ISO C++ conformant name: _access. See online help for details.
                 C:\Program Files\Microsoft Visual Studio 11.0\VC\include\io.h(302) : see declaration of 'access'
         inc_densities.c
         main.c
         parse_cmd_ln.c
         Generating Code...
       Link:
         C:\Program Files\Microsoft Visual Studio 11.0\VC\bin\link.exe /ERRORREPORT:PROMPT /OUT:".\..\..\..\bin\Release\Win32/inc_comp.exe" /INCREMENTAL:NO /NOLOGO /LIBPATH:..\..\..\..\sphinxbase\bin\Release\Win32 sphinxbase.lib kernel32.lib user32.lib gdi32.lib winspool.lib comdlg32.lib advapi32.lib shell32.lib ole32.lib oleaut32.lib uuid.lib odbc32.lib odbccp32.lib /MANIFEST /MANIFESTUAC:"level='asInvoker' uiAccess='false'" /manifest:embed /PDB:".\..\..\..\bin\Release\Win32/inc_comp.pdb" /SUBSYSTEM:CONSOLE /TLBID:1 /DYNAMICBASE /NXCOMPAT /IMPLIB:".\..\..\..\bin\Release\Win32\inc_comp.lib" /MACHINE:X86 /SAFESEH .\Release\Win32/accum_wt_param.obj
         .\Release\Win32/inc_densities.obj
         .\Release\Win32/main.obj
         .\Release\Win32/parse_cmd_ln.obj
         C:\sphinx\sphinxtrain\lib\Release\Win32\libclust.lib
         C:\sphinx\sphinxtrain\lib\Release\Win32\libcommon.lib
         C:\sphinx\sphinxtrain\lib\Release\Win32\libio.lib
         C:\sphinx\sphinxtrain\lib\Release\Win32\libmllr.lib
         C:\sphinx\sphinxtrain\lib\Release\Win32\libmodinv.lib
         inc_comp.vcxproj -> C:\sphinx\sphinxtrain\win32\programs\inc_comp\.\..\..\..\bin\Release\Win32\inc_comp.exe
     1>Done Building Project "C:\sphinx\sphinxtrain\win32\programs\inc_comp\inc_comp.vcxproj" (Build target(s)).

Build succeeded.

Time Elapsed 00:00:02.40
