Build started 13.01.2020 19:20:20.
     1>Project "C:\sphinx\sphinxtrain\win32\programs\init_gau\init_gau.vcxproj" on node 2 (Build target(s)).
     1>ClCompile:
         C:\Program Files\Microsoft Visual Studio 11.0\VC\bin\CL.exe /c /I..\..\..\..\sphinxbase\include\win32 /I..\..\..\..\sphinxbase\include /I..\..\..\include /Zi /nologo /W3 /WX- /O2 /Ob1 /Oy- /D NDEBUG /D _CONSOLE /D _CRT_SECURE_NO_WARNINGS /D SPHINX_DLL /D _VC80_UPGRADE=0x0600 /D _MBCS /GF /Gm- /EHsc /MD /GS /Gy /fp:precise /Zc:wchar_t /Zc:forScope /Fo".\Release\Win32/" /Fd".\Release\Win32/vc110.pdb" /Gd /TC /analyze- /errorReport:prompt ..\..\..\src\programs\init_gau\accum.c ..\..\..\src\programs\init_gau\init_gau.c ..\..\..\src\programs\init_gau\main.c ..\..\..\src\programs\init_gau\parse_cmd_ln.c
         accum.c
         init_gau.c
     1>..\..\..\src\programs\init_gau\init_gau.c(227): warning C4013: 'str2words' undefined; assuming extern returning int
         main.c
     1>..\..\..\src\programs\init_gau\main.c(130): warning C4244: '=' : conversion from 'double' to 'mfcc_t', possible loss of data
     1>..\..\..\src\programs\init_gau\main.c(135): warning C4244: '=' : conversion from 'double' to 'mfcc_t', possible loss of data
         parse_cmd_ln.c
         Generating Code...
       Link:
         C:\Program Files\Microsoft Visual Studio 11.0\VC\bin\link.exe /ERRORREPORT:PROMPT /OUT:".\..\..\..\bin\Release\Win32/init_gau.exe" /INCREMENTAL:NO /NOLOGO /LIBPATH:..\..\..\..\sphinxbase\bin\Release\Win32 sphinxbase.lib kernel32.lib user32.lib gdi32.lib winspool.lib comdlg32.lib advapi32.lib shell32.lib ole32.lib oleaut32.lib uuid.lib odbc32.lib odbccp32.lib /MANIFEST /MANIFESTUAC:"level='asInvoker' uiAccess='false'" /manifest:embed /PDB:".\..\..\..\bin\Release\Win32/init_gau.pdb" /SUBSYSTEM:CONSOLE /TLBID:1 /DYNAMICBASE /NXCOMPAT /IMPLIB:".\..\..\..\bin\Release\Win32\init_gau.lib" /MACHINE:X86 /SAFESEH .\Release\Win32/accum.obj
         .\Release\Win32/init_gau.obj
         .\Release\Win32/main.obj
         .\Release\Win32/parse_cmd_ln.obj
         C:\sphinx\sphinxtrain\lib\Release\Win32\libclust.lib
         C:\sphinx\sphinxtrain\lib\Release\Win32\libcommon.lib
         C:\sphinx\sphinxtrain\lib\Release\Win32\libio.lib
         C:\sphinx\sphinxtrain\lib\Release\Win32\libmllr.lib
         C:\sphinx\sphinxtrain\lib\Release\Win32\libmodinv.lib
         init_gau.vcxproj -> C:\sphinx\sphinxtrain\win32\programs\init_gau\.\..\..\..\bin\Release\Win32\init_gau.exe
     1>Done Building Project "C:\sphinx\sphinxtrain\win32\programs\init_gau\init_gau.vcxproj" (Build target(s)).

Build succeeded.

Time Elapsed 00:00:04.10
