Build started 13.01.2020 19:21:07.
     1>Project "C:\sphinx\sphinxtrain\win32\programs\make_quests\make_quests.vcxproj" on node 2 (Build target(s)).
     1>ClCompile:
         C:\Program Files\Microsoft Visual Studio 11.0\VC\bin\x86_amd64\CL.exe /c /I..\..\..\..\sphinxbase\include\win32 /I..\..\..\..\sphinxbase\include /I..\..\..\include /Zi /nologo /W3 /WX- /O2 /Ob1 /D NDEBUG /D _CONSOLE /D _CRT_SECURE_NO_WARNINGS /D SPHINX_DLL /D _VC80_UPGRADE=0x0600 /D _MBCS /GF /Gm- /EHsc /MD /GS /Gy /fp:precise /Zc:wchar_t /Zc:forScope /Fo".\Release\x64/" /Fd".\Release\x64/vc110.pdb" /Gd /TC /errorReport:prompt ..\..\..\src\programs\make_quests\main.c ..\..\..\src\programs\make_quests\parse_cmd_ln.c
         main.c
     1>..\..\..\src\programs\make_quests\main.c(128): warning C4244: '=' : conversion from 'double' to 'float32', possible loss of data
     1>..\..\..\src\programs\make_quests\main.c(139): warning C4244: '+=' : conversion from 'double' to 'float32', possible loss of data
     1>..\..\..\src\programs\make_quests\main.c(144): warning C4244: '-=' : conversion from 'double' to 'float32', possible loss of data
     1>..\..\..\src\programs\make_quests\main.c(172): warning C4305: '=' : truncation from 'double' to 'float32'
     1>..\..\..\src\programs\make_quests\main.c(260): warning C4305: '=' : truncation from 'double' to 'float32'
     1>..\..\..\src\programs\make_quests\main.c(729): warning C4018: '<' : signed/unsigned mismatch
     1>..\..\..\src\programs\make_quests\main.c(930): warning C4244: '/=' : conversion from 'float64' to 'float32', possible loss of data
     1>..\..\..\src\programs\make_quests\main.c(931): warning C4244: '=' : conversion from 'float64' to 'float32', possible loss of data
     1>..\..\..\src\programs\make_quests\main.c(943): warning C4244: '=' : conversion from 'float64' to 'float32', possible loss of data
     1>..\..\..\src\programs\make_quests\main.c(969): warning C4018: '<' : signed/unsigned mismatch
     1>..\..\..\src\programs\make_quests\main.c(1068): warning C4018: '<' : signed/unsigned mismatch
     1>..\..\..\src\programs\make_quests\main.c(1071): warning C4018: '<' : signed/unsigned mismatch
     1>..\..\..\src\programs\make_quests\main.c(1078): warning C4018: '<' : signed/unsigned mismatch
     1>..\..\..\src\programs\make_quests\main.c(1080): warning C4018: '<' : signed/unsigned mismatch
     1>..\..\..\src\programs\make_quests\main.c(1081): warning C4018: '<' : signed/unsigned mismatch
         parse_cmd_ln.c
         Generating Code...
       Link:
         C:\Program Files\Microsoft Visual Studio 11.0\VC\bin\x86_amd64\link.exe /ERRORREPORT:PROMPT /OUT:".\..\..\..\bin\Release\x64/make_quests.exe" /INCREMENTAL:NO /NOLOGO /LIBPATH:..\..\..\..\sphinxbase\bin\Release\x64 sphinxbase.lib kernel32.lib user32.lib gdi32.lib winspool.lib comdlg32.lib advapi32.lib shell32.lib ole32.lib oleaut32.lib uuid.lib odbc32.lib odbccp32.lib /MANIFEST /MANIFESTUAC:"level='asInvoker' uiAccess='false'" /manifest:embed /PDB:".\..\..\..\bin\Release\x64/make_quests.pdb" /SUBSYSTEM:CONSOLE /TLBID:1 /DYNAMICBASE /NXCOMPAT /IMPLIB:".\..\..\..\bin\Release\x64\make_quests.lib" /MACHINE:X64 .\Release\x64/main.obj
         .\Release\x64/parse_cmd_ln.obj
         C:\sphinx\sphinxtrain\lib\Release\x64\libclust.lib
         C:\sphinx\sphinxtrain\lib\Release\x64\libcommon.lib
         C:\sphinx\sphinxtrain\lib\Release\x64\libio.lib
         C:\sphinx\sphinxtrain\lib\Release\x64\libmllr.lib
         C:\sphinx\sphinxtrain\lib\Release\x64\libmodinv.lib
         make_quests.vcxproj -> C:\sphinx\sphinxtrain\win32\programs\make_quests\.\..\..\..\bin\Release\x64\make_quests.exe
     1>Done Building Project "C:\sphinx\sphinxtrain\win32\programs\make_quests\make_quests.vcxproj" (Build target(s)).

Build succeeded.

Time Elapsed 00:00:10.34
