Build started 13.01.2020 19:22:01.
     1>Project "C:\sphinx\sphinxtrain\win32\programs\mk_mdef_gen\mk_mdef_gen.vcxproj" on node 2 (Build target(s)).
     1>ClCompile:
         C:\Program Files\Microsoft Visual Studio 11.0\VC\bin\x86_amd64\CL.exe /c /I..\..\..\include /I..\..\..\..\sphinxbase\include\win32 /I..\..\..\..\sphinxbase\include /ZI /nologo /W3 /WX- /Od /D _DEBUG /D _CONSOLE /D _CRT_SECURE_NO_WARNINGS /D SPHINX_DLL /D _VC80_UPGRADE=0x0600 /D _MBCS /Gm /EHsc /RTC1 /MDd /GS /fp:precise /Zc:wchar_t /Zc:forScope /Fo".\Debug\x64/" /Fd".\Debug\x64/vc110.pdb" /Gd /TC /errorReport:prompt ..\..\..\src\programs\mk_mdef_gen\hash.c ..\..\..\src\programs\mk_mdef_gen\heap.c ..\..\..\src\programs\mk_mdef_gen\main.c ..\..\..\src\programs\mk_mdef_gen\mk_mdef_gen.c ..\..\..\src\programs\mk_mdef_gen\parse_cmd_ln.c
     1>cl : Command line warning D9038: /ZI is not supported on this platform; enabling /Zi instead
     1>cl : Command line warning D9007: '/Gm' requires '/Zi'; option ignored
         hash.c
     1>..\..\..\src\programs\mk_mdef_gen\hash.c(96): warning C4996: 'strdup': The POSIX name for this item is deprecated. Instead, use the ISO C++ conformant name: _strdup. See online help for details.
                 C:\Program Files\Microsoft Visual Studio 11.0\VC\include\string.h(241) : see declaration of 'strdup'
     1>..\..\..\src\programs\mk_mdef_gen\hash.c(164): warning C4996: 'strdup': The POSIX name for this item is deprecated. Instead, use the ISO C++ conformant name: _strdup. See online help for details.
                 C:\Program Files\Microsoft Visual Studio 11.0\VC\include\string.h(241) : see declaration of 'strdup'
     1>..\..\..\src\programs\mk_mdef_gen\hash.c(230): warning C4996: 'strdup': The POSIX name for this item is deprecated. Instead, use the ISO C++ conformant name: _strdup. See online help for details.
                 C:\Program Files\Microsoft Visual Studio 11.0\VC\include\string.h(241) : see declaration of 'strdup'
         heap.c
         main.c
         mk_mdef_gen.c
     1>..\..\..\src\programs\mk_mdef_gen\mk_mdef_gen.c(86): warning C4267: '=' : conversion from 'size_t' to 'int32', possible loss of data
     1>..\..\..\src\programs\mk_mdef_gen\mk_mdef_gen.c(136): warning C4267: '=' : conversion from 'size_t' to 'int32', possible loss of data
     1>..\..\..\src\programs\mk_mdef_gen\mk_mdef_gen.c(174): warning C4996: 'strdup': The POSIX name for this item is deprecated. Instead, use the ISO C++ conformant name: _strdup. See online help for details.
                 C:\Program Files\Microsoft Visual Studio 11.0\VC\include\string.h(241) : see declaration of 'strdup'
     1>..\..\..\src\programs\mk_mdef_gen\mk_mdef_gen.c(223): warning C4267: '=' : conversion from 'size_t' to 'int32', possible loss of data
     1>..\..\..\src\programs\mk_mdef_gen\mk_mdef_gen.c(293): warning C4996: 'strdup': The POSIX name for this item is deprecated. Instead, use the ISO C++ conformant name: _strdup. See online help for details.
                 C:\Program Files\Microsoft Visual Studio 11.0\VC\include\string.h(241) : see declaration of 'strdup'
     1>..\..\..\src\programs\mk_mdef_gen\mk_mdef_gen.c(306): warning C4267: '=' : conversion from 'size_t' to 'int32', possible loss of data
     1>..\..\..\src\programs\mk_mdef_gen\mk_mdef_gen.c(488): warning C4996: 'strdup': The POSIX name for this item is deprecated. Instead, use the ISO C++ conformant name: _strdup. See online help for details.
                 C:\Program Files\Microsoft Visual Studio 11.0\VC\include\string.h(241) : see declaration of 'strdup'
     1>..\..\..\src\programs\mk_mdef_gen\mk_mdef_gen.c(670): warning C4996: 'strdup': The POSIX name for this item is deprecated. Instead, use the ISO C++ conformant name: _strdup. See online help for details.
                 C:\Program Files\Microsoft Visual Studio 11.0\VC\include\string.h(241) : see declaration of 'strdup'
     1>..\..\..\src\programs\mk_mdef_gen\mk_mdef_gen.c(671): warning C4996: 'strdup': The POSIX name for this item is deprecated. Instead, use the ISO C++ conformant name: _strdup. See online help for details.
                 C:\Program Files\Microsoft Visual Studio 11.0\VC\include\string.h(241) : see declaration of 'strdup'
     1>..\..\..\src\programs\mk_mdef_gen\mk_mdef_gen.c(672): warning C4996: 'strdup': The POSIX name for this item is deprecated. Instead, use the ISO C++ conformant name: _strdup. See online help for details.
                 C:\Program Files\Microsoft Visual Studio 11.0\VC\include\string.h(241) : see declaration of 'strdup'
     1>..\..\..\src\programs\mk_mdef_gen\mk_mdef_gen.c(673): warning C4996: 'strdup': The POSIX name for this item is deprecated. Instead, use the ISO C++ conformant name: _strdup. See online help for details.
                 C:\Program Files\Microsoft Visual Studio 11.0\VC\include\string.h(241) : see declaration of 'strdup'
     1>..\..\..\src\programs\mk_mdef_gen\mk_mdef_gen.c(710): warning C4996: 'strdup': The POSIX name for this item is deprecated. Instead, use the ISO C++ conformant name: _strdup. See online help for details.
                 C:\Program Files\Microsoft Visual Studio 11.0\VC\include\string.h(241) : see declaration of 'strdup'
     1>..\..\..\src\programs\mk_mdef_gen\mk_mdef_gen.c(732): warning C4996: 'strdup': The POSIX name for this item is deprecated. Instead, use the ISO C++ conformant name: _strdup. See online help for details.
                 C:\Program Files\Microsoft Visual Studio 11.0\VC\include\string.h(241) : see declaration of 'strdup'
     1>..\..\..\src\programs\mk_mdef_gen\mk_mdef_gen.c(733): warning C4996: 'strdup': The POSIX name for this item is deprecated. Instead, use the ISO C++ conformant name: _strdup. See online help for details.
                 C:\Program Files\Microsoft Visual Studio 11.0\VC\include\string.h(241) : see declaration of 'strdup'
     1>..\..\..\src\programs\mk_mdef_gen\mk_mdef_gen.c(734): warning C4996: 'strdup': The POSIX name for this item is deprecated. Instead, use the ISO C++ conformant name: _strdup. See online help for details.
                 C:\Program Files\Microsoft Visual Studio 11.0\VC\include\string.h(241) : see declaration of 'strdup'
     1>..\..\..\src\programs\mk_mdef_gen\mk_mdef_gen.c(735): warning C4996: 'strdup': The POSIX name for this item is deprecated. Instead, use the ISO C++ conformant name: _strdup. See online help for details.
                 C:\Program Files\Microsoft Visual Studio 11.0\VC\include\string.h(241) : see declaration of 'strdup'
     1>..\..\..\src\programs\mk_mdef_gen\mk_mdef_gen.c(914): warning C4996: 'strdup': The POSIX name for this item is deprecated. Instead, use the ISO C++ conformant name: _strdup. See online help for details.
                 C:\Program Files\Microsoft Visual Studio 11.0\VC\include\string.h(241) : see declaration of 'strdup'
     1>..\..\..\src\programs\mk_mdef_gen\mk_mdef_gen.c(919): warning C4996: 'strdup': The POSIX name for this item is deprecated. Instead, use the ISO C++ conformant name: _strdup. See online help for details.
                 C:\Program Files\Microsoft Visual Studio 11.0\VC\include\string.h(241) : see declaration of 'strdup'
     1>..\..\..\src\programs\mk_mdef_gen\mk_mdef_gen.c(920): warning C4996: 'strdup': The POSIX name for this item is deprecated. Instead, use the ISO C++ conformant name: _strdup. See online help for details.
                 C:\Program Files\Microsoft Visual Studio 11.0\VC\include\string.h(241) : see declaration of 'strdup'
     1>..\..\..\src\programs\mk_mdef_gen\mk_mdef_gen.c(921): warning C4996: 'strdup': The POSIX name for this item is deprecated. Instead, use the ISO C++ conformant name: _strdup. See online help for details.
                 C:\Program Files\Microsoft Visual Studio 11.0\VC\include\string.h(241) : see declaration of 'strdup'
     1>..\..\..\src\programs\mk_mdef_gen\mk_mdef_gen.c(922): warning C4996: 'strdup': The POSIX name for this item is deprecated. Instead, use the ISO C++ conformant name: _strdup. See online help for details.
                 C:\Program Files\Microsoft Visual Studio 11.0\VC\include\string.h(241) : see declaration of 'strdup'
         parse_cmd_ln.c
         Generating Code...
       Link:
         C:\Program Files\Microsoft Visual Studio 11.0\VC\bin\x86_amd64\link.exe /ERRORREPORT:PROMPT /OUT:".\..\..\..\bin\Debug\x64/mk_mdef_gen.exe" /INCREMENTAL /NOLOGO /LIBPATH:..\..\..\..\sphinxbase\bin\Debug\x64 sphinxbase.lib kernel32.lib user32.lib gdi32.lib winspool.lib comdlg32.lib advapi32.lib shell32.lib ole32.lib oleaut32.lib uuid.lib odbc32.lib odbccp32.lib /MANIFEST /MANIFESTUAC:"level='asInvoker' uiAccess='false'" /manifest:embed /DEBUG /PDB:".\..\..\..\bin\Debug\x64/mk_mdef_gen.pdb" /SUBSYSTEM:CONSOLE /TLBID:1 /DYNAMICBASE /NXCOMPAT /IMPLIB:".\..\..\..\bin\Debug\x64\mk_mdef_gen.lib" /MACHINE:X64 .\Debug\x64/hash.obj
         .\Debug\x64/heap.obj
         .\Debug\x64/main.obj
         .\Debug\x64/mk_mdef_gen.obj
         .\Debug\x64/parse_cmd_ln.obj
         C:\sphinx\sphinxtrain\lib\Debug\x64\libclust.lib
         C:\sphinx\sphinxtrain\lib\Debug\x64\libcommon.lib
         C:\sphinx\sphinxtrain\lib\Debug\x64\libio.lib
         C:\sphinx\sphinxtrain\lib\Debug\x64\libmllr.lib
         C:\sphinx\sphinxtrain\lib\Debug\x64\libmodinv.lib
         mk_mdef_gen.vcxproj -> C:\sphinx\sphinxtrain\win32\programs\mk_mdef_gen\.\..\..\..\bin\Debug\x64\mk_mdef_gen.exe
     1>Done Building Project "C:\sphinx\sphinxtrain\win32\programs\mk_mdef_gen\mk_mdef_gen.vcxproj" (Build target(s)).

Build succeeded.

Time Elapsed 00:00:05.42
