Build started 13.01.2020 19:17:47.
     1>Project "C:\sphinx\sphinxtrain\win32\libs\libcommon\libcommon.vcxproj" on node 2 (Build target(s)).
     1>ClCompile:
         C:\Program Files\Microsoft Visual Studio 11.0\VC\bin\x86_amd64\CL.exe /c /I..\..\..\..\sphinxbase\include\win32 /I..\..\..\..\sphinxbase\include /I..\..\..\include /Zi /nologo /W3 /WX- /O2 /Ob1 /D NDEBUG /D _LIB /D _CRT_SECURE_NO_WARNINGS /D SPHINX_DLL /D _VC80_UPGRADE=0x0600 /D _MBCS /GF /Gm- /EHsc /MD /GS /Gy /fp:precise /Zc:wchar_t /Zc:forScope /Fo".\Release\x64/" /Fd".\Release\x64/vc110.pdb" /Gd /TC /errorReport:prompt ..\..\..\src\libs\libcommon\acmod_set.c ..\..\..\src\libs\libcommon\best_q.c ..\..\..\src\libs\libcommon\ck_seg.c ..\..\..\src\libs\libcommon\cvt2triphone.c ..\..\..\src\libs\libcommon\dtree.c ..\..\..\src\libs\libcommon\heap.c ..\..\..\src\libs\libcommon\itree.c ..\..\..\src\libs\libcommon\lexicon.c ..\..\..\src\libs\libcommon\mk_phone_list.c ..\..\..\src\libs\libcommon\mk_phone_seq.c ..\..\..\src\libs\libcommon\mk_sseq.c ..\..\..\src\libs\libcommon\mk_trans_seq.c ..\..\..\src\libs\libcommon\mk_ts2ci.c ..\..\..\src\libs\libcommon\quest.c ..\..\..\src\libs\libcommon\remap.c ..\..\..\src\libs\libcommon\state_seq.c ..\..\..\src\libs\libcommon\ts2cb.c ..\..\..\src\libs\libcommon\vector.c ..\..\..\src\libs\libcommon\was_added.c
         acmod_set.c
     1>..\..\..\src\libs\libcommon\acmod_set.c(211): warning C4996: 'strdup': The POSIX name for this item is deprecated. Instead, use the ISO C++ conformant name: _strdup. See online help for details.
                 C:\Program Files\Microsoft Visual Studio 11.0\VC\include\string.h(241) : see declaration of 'strdup'
     1>..\..\..\src\libs\libcommon\acmod_set.c(272): warning C4996: 'strdup': The POSIX name for this item is deprecated. Instead, use the ISO C++ conformant name: _strdup. See online help for details.
                 C:\Program Files\Microsoft Visual Studio 11.0\VC\include\string.h(241) : see declaration of 'strdup'
     1>..\..\..\src\libs\libcommon\acmod_set.c(884): warning C4996: 'strdup': The POSIX name for this item is deprecated. Instead, use the ISO C++ conformant name: _strdup. See online help for details.
                 C:\Program Files\Microsoft Visual Studio 11.0\VC\include\string.h(241) : see declaration of 'strdup'
         best_q.c
     1>..\..\..\src\libs\libcommon\best_q.c(199): warning C4244: '*=' : conversion from 'float64' to 'float32', possible loss of data
     1>..\..\..\src\libs\libcommon\best_q.c(214): warning C4244: '*=' : conversion from 'float64' to 'float32', possible loss of data
     1>..\..\..\src\libs\libcommon\best_q.c(224): warning C4244: '*=' : conversion from 'float64' to 'float32', possible loss of data
     1>..\..\..\src\libs\libcommon\best_q.c(226): warning C4244: '=' : conversion from 'float64' to 'float32', possible loss of data
     1>..\..\..\src\libs\libcommon\best_q.c(232): warning C4244: '*=' : conversion from 'float64' to 'float32', possible loss of data
     1>..\..\..\src\libs\libcommon\best_q.c(234): warning C4244: '=' : conversion from 'float64' to 'float32', possible loss of data
     1>..\..\..\src\libs\libcommon\best_q.c(244): warning C4244: 'function' : conversion from 'float64' to 'float32', possible loss of data
     1>..\..\..\src\libs\libcommon\best_q.c(245): warning C4244: 'function' : conversion from 'float64' to 'float32', possible loss of data
     1>..\..\..\src\libs\libcommon\best_q.c(341): warning C4018: '<' : signed/unsigned mismatch
     1>..\..\..\src\libs\libcommon\best_q.c(438): warning C4244: '*=' : conversion from 'float64' to 'float32', possible loss of data
     1>..\..\..\src\libs\libcommon\best_q.c(446): warning C4244: '*=' : conversion from 'float64' to 'float32', possible loss of data
     1>..\..\..\src\libs\libcommon\best_q.c(448): warning C4244: '=' : conversion from 'float64' to 'float32', possible loss of data
     1>..\..\..\src\libs\libcommon\best_q.c(532): warning C4244: '*=' : conversion from 'float64' to 'float32', possible loss of data
     1>..\..\..\src\libs\libcommon\best_q.c(539): warning C4244: '*=' : conversion from 'float64' to 'float32', possible loss of data
     1>..\..\..\src\libs\libcommon\best_q.c(540): warning C4244: '*=' : conversion from 'float64' to 'float32', possible loss of data
     1>..\..\..\src\libs\libcommon\best_q.c(559): warning C4244: '*=' : conversion from 'float64' to 'float32', possible loss of data
     1>..\..\..\src\libs\libcommon\best_q.c(566): warning C4244: '*=' : conversion from 'float64' to 'float32', possible loss of data
     1>..\..\..\src\libs\libcommon\best_q.c(567): warning C4244: '*=' : conversion from 'float64' to 'float32', possible loss of data
     1>..\..\..\src\libs\libcommon\best_q.c(580): warning C4244: 'function' : conversion from 'float64' to 'float32', possible loss of data
     1>..\..\..\src\libs\libcommon\best_q.c(581): warning C4244: 'function' : conversion from 'float64' to 'float32', possible loss of data
         ck_seg.c
         cvt2triphone.c
         dtree.c
     1>..\..\..\src\libs\libcommon\dtree.c(728): warning C4018: '<' : signed/unsigned mismatch
     1>..\..\..\src\libs\libcommon\dtree.c(758): warning C4018: '<' : signed/unsigned mismatch
     1>..\..\..\src\libs\libcommon\dtree.c(893): warning C4244: '=' : conversion from 'float64' to 'float32', possible loss of data
     1>..\..\..\src\libs\libcommon\dtree.c(920): warning C4244: '=' : conversion from 'float64' to 'float32', possible loss of data
     1>..\..\..\src\libs\libcommon\dtree.c(970): warning C4244: '*=' : conversion from 'float64' to 'float32', possible loss of data
     1>..\..\..\src\libs\libcommon\dtree.c(1700): warning C4244: 'function' : conversion from 'float64' to 'float32', possible loss of data
         heap.c
         itree.c
         lexicon.c
     1>..\..\..\src\libs\libcommon\lexicon.c(185): warning C4996: 'strdup': The POSIX name for this item is deprecated. Instead, use the ISO C++ conformant name: _strdup. See online help for details.
                 C:\Program Files\Microsoft Visual Studio 11.0\VC\include\string.h(241) : see declaration of 'strdup'
     1>..\..\..\src\libs\libcommon\lexicon.c(202): warning C4013: 'str2words' undefined; assuming extern returning int
         mk_phone_list.c
     1>..\..\..\src\libs\libcommon\mk_phone_list.c(101): warning C4267: '=' : conversion from 'size_t' to 'uint32', possible loss of data
         mk_phone_seq.c
     1>..\..\..\src\libs\libcommon\mk_phone_seq.c(71): warning C4013: 'str2words' undefined; assuming extern returning int
         mk_sseq.c
         mk_trans_seq.c
         mk_ts2ci.c
         quest.c
     1>..\..\..\src\libs\libcommon\quest.c(311): warning C4267: '=' : conversion from 'size_t' to 'int', possible loss of data
     1>..\..\..\src\libs\libcommon\quest.c(492): warning C4018: '<' : signed/unsigned mismatch
     1>..\..\..\src\libs\libcommon\quest.c(493): warning C4018: '<' : signed/unsigned mismatch
     1>..\..\..\src\libs\libcommon\quest.c(517): warning C4018: '<' : signed/unsigned mismatch
     1>..\..\..\src\libs\libcommon\quest.c(521): warning C4018: '<' : signed/unsigned mismatch
     1>..\..\..\src\libs\libcommon\quest.c(638): warning C4018: '<' : signed/unsigned mismatch
     1>..\..\..\src\libs\libcommon\quest.c(640): warning C4018: '<' : signed/unsigned mismatch
         remap.c
     1>..\..\..\src\libs\libcommon\remap.c(67): warning C4244: '=' : conversion from 'double' to 'uint32', possible loss of data
         state_seq.c
     1>..\..\..\src\libs\libcommon\state_seq.c(121): warning C4267: '=' : conversion from 'size_t' to 'unsigned int', possible loss of data
     1>..\..\..\src\libs\libcommon\state_seq.c(126): warning C4267: '=' : conversion from 'size_t' to 'unsigned int', possible loss of data
         ts2cb.c
         vector.c
     1>..\..\..\src\libs\libcommon\vector.c(98): warning C4244: '/=' : conversion from 'float64' to 'float', possible loss of data
     1>..\..\..\src\libs\libcommon\vector.c(119): warning C4244: '*=' : conversion from 'float64' to 'float32', possible loss of data
         was_added.c
         Generating Code...
       Lib:
         C:\Program Files\Microsoft Visual Studio 11.0\VC\bin\x86_amd64\Lib.exe /OUT:".\..\..\..\lib\Release\x64\libcommon.lib" sphinxbase.lib /LIBPATH:..\..\..\..\sphinxbase\bin\Release\x64 /NOLOGO /MACHINE:X64 .\Release\x64/acmod_set.obj
         .\Release\x64/best_q.obj
         .\Release\x64/ck_seg.obj
         .\Release\x64/cvt2triphone.obj
         .\Release\x64/dtree.obj
         .\Release\x64/heap.obj
         .\Release\x64/itree.obj
         .\Release\x64/lexicon.obj
         .\Release\x64/mk_phone_list.obj
         .\Release\x64/mk_phone_seq.obj
         .\Release\x64/mk_sseq.obj
         .\Release\x64/mk_trans_seq.obj
         .\Release\x64/mk_ts2ci.obj
         .\Release\x64/quest.obj
         .\Release\x64/remap.obj
         .\Release\x64/state_seq.obj
         .\Release\x64/ts2cb.obj
         .\Release\x64/vector.obj
         .\Release\x64/was_added.obj
         libcommon.vcxproj -> C:\sphinx\sphinxtrain\win32\libs\libcommon\.\..\..\..\lib\Release\x64\libcommon.lib
     1>Done Building Project "C:\sphinx\sphinxtrain\win32\libs\libcommon\libcommon.vcxproj" (Build target(s)).

Build succeeded.

Time Elapsed 00:00:11.29
