INFO: pocketsphinx.c(153): Parsed model-specific feature parameters from C:/sphinx/tkm/model_parameters/tkm.ci_cont/feat.params
Current configuration:
[NAME]			[DEFLT]		[VALUE]
-agc			none		none
-agcthresh		2.0		2.000000e+000
-allphone				
-allphone_ci		yes		yes
-alpha			0.97		9.700000e-001
-ascale			20.0		2.000000e+001
-aw			1		1
-backtrace		no		no
-beam			1e-48		1.000000e-080
-bestpath		yes		yes
-bestpathlw		9.5		1.000000e+001
-ceplen			13		13
-cmn			live		batch
-cmninit		40,3,-1		40,3,-1
-compallsen		no		no
-dict					C:/sphinx/tkm/etc/tkm.dic
-dictcase		no		no
-dither			no		yes
-doublebw		no		no
-ds			1		1
-fdict					
-feat			1s_c_d_dd	1s_c_d_dd
-featparams				
-fillprob		1e-8		1.000000e-008
-frate			100		100
-fsg					
-fsgusealtpron		yes		yes
-fsgusefiller		yes		yes
-fwdflat		yes		yes
-fwdflatbeam		1e-64		1.000000e-080
-fwdflatefwid		4		4
-fwdflatlw		8.5		1.000000e+001
-fwdflatsfwin		25		25
-fwdflatwbeam		7e-29		1.000000e-040
-fwdtree		yes		yes
-hmm					C:/sphinx/tkm/model_parameters/tkm.ci_cont
-input_endian		little		little
-jsgf					
-keyphrase				
-kws					
-kws_delay		10		10
-kws_plp		1e-1		1.000000e-001
-kws_threshold		1e-30		1.000000e-030
-latsize		5000		5000
-lda					
-ldadim			0		0
-lifter			0		22
-lm					C:/sphinx/tkm/etc/tkm.dmp
-lmctl					
-lmname					
-logbase		1.0001		1.000100e+000
-logfn					
-logspec		no		no
-lowerf			133.33334	1.300000e+002
-lpbeam			1e-40		1.000000e-080
-lponlybeam		7e-29		1.000000e-080
-lw			6.5		1.000000e+001
-maxhmmpf		30000		30000
-maxwpf			-1		-1
-mdef					
-mean					
-mfclogdir				
-min_endfr		0		0
-mixw					
-mixwfloor		0.0000001	1.000000e-007
-mllr					
-mmap			yes		yes
-ncep			13		13
-nfft			512		512
-nfilt			40		25
-nwpen			1.0		1.000000e+000
-pbeam			1e-48		1.000000e-080
-pip			1.0		1.000000e+000
-pl_beam		1e-10		1.000000e-010
-pl_pbeam		1e-10		1.000000e-010
-pl_pip			1.0		1.000000e+000
-pl_weight		3.0		3.000000e+000
-pl_window		5		5
-rawlogdir				
-remove_dc		no		no
-remove_noise		yes		yes
-remove_silence		yes		yes
-round_filters		yes		yes
-samprate		16000		1.600000e+004
-seed			-1		-1
-sendump				
-senlogdir				
-senmgau				
-silprob		0.005		5.000000e-003
-smoothspec		no		no
-svspec					
-tmat					
-tmatfloor		0.0001		1.000000e-004
-topn			4		4
-topn_beam		0		0
-toprule				
-transform		legacy		dct
-unit_area		yes		yes
-upperf			6855.4976	6.800000e+003
-uw			1.0		1.000000e+000
-vad_postspeech		50		50
-vad_prespeech		20		20
-vad_startspeech	10		10
-vad_threshold		3.0		3.000000e+000
-var					
-varfloor		0.0001		1.000000e-004
-varnorm		no		no
-verbose		no		no
-warp_params				
-warp_type		inverse_linear	inverse_linear
-wbeam			7e-29		1.000000e-040
-wip			0.65		2.000000e-001
-wlen			0.025625	2.560000e-002

INFO: fe_interface.c(324): Using -1 as the seed.
INFO: feat.c(715): Initializing feature stream to type: '1s_c_d_dd', ceplen=13, CMN='batch', VARNORM='no', AGC='none'
INFO: mdef.c(518): Reading model definition: C:/sphinx/tkm/model_parameters/tkm.ci_cont/mdef
INFO: bin_mdef.c(181): Allocating 96 * 8 bytes (0 KiB) for CD tree
INFO: tmat.c(149): Reading HMM transition probability matrices: C:/sphinx/tkm/model_parameters/tkm.ci_cont/transition_matrices
INFO: acmod.c(113): Attempting to use PTM computation module
INFO: ms_gauden.c(127): Reading mixture gaussian parameter: C:/sphinx/tkm/model_parameters/tkm.ci_cont/means
INFO: ms_gauden.c(242): 69 codebook, 1 feature, size: 
INFO: ms_gauden.c(244):  1x39
INFO: ms_gauden.c(127): Reading mixture gaussian parameter: C:/sphinx/tkm/model_parameters/tkm.ci_cont/variances
INFO: ms_gauden.c(242): 69 codebook, 1 feature, size: 
INFO: ms_gauden.c(244):  1x39
INFO: ms_gauden.c(304): 0 variance values floored
INFO: ptm_mgau.c(807): Number of codebooks doesn't match number of ciphones, doesn't look like PTM: 69 != 23
INFO: acmod.c(115): Attempting to use semi-continuous computation module
INFO: ms_gauden.c(127): Reading mixture gaussian parameter: C:/sphinx/tkm/model_parameters/tkm.ci_cont/means
INFO: ms_gauden.c(242): 69 codebook, 1 feature, size: 
INFO: ms_gauden.c(244):  1x39
INFO: ms_gauden.c(127): Reading mixture gaussian parameter: C:/sphinx/tkm/model_parameters/tkm.ci_cont/variances
INFO: ms_gauden.c(242): 69 codebook, 1 feature, size: 
INFO: ms_gauden.c(244):  1x39
INFO: ms_gauden.c(304): 0 variance values floored
INFO: acmod.c(117): Falling back to general multi-stream GMM computation
INFO: ms_gauden.c(127): Reading mixture gaussian parameter: C:/sphinx/tkm/model_parameters/tkm.ci_cont/means
INFO: ms_gauden.c(242): 69 codebook, 1 feature, size: 
INFO: ms_gauden.c(244):  1x39
INFO: ms_gauden.c(127): Reading mixture gaussian parameter: C:/sphinx/tkm/model_parameters/tkm.ci_cont/variances
INFO: ms_gauden.c(242): 69 codebook, 1 feature, size: 
INFO: ms_gauden.c(244):  1x39
INFO: ms_gauden.c(304): 0 variance values floored
INFO: ms_senone.c(149): Reading senone mixture weights: C:/sphinx/tkm/model_parameters/tkm.ci_cont/mixture_weights
INFO: ms_senone.c(200): Truncating senone logs3(pdf) values by 10 bits
INFO: ms_senone.c(207): Not transposing mixture weights in memory
INFO: ms_senone.c(268): Read mixture weights for 69 senones: 1 features x 1 codewords
INFO: ms_senone.c(320): Mapping senones to individual codebooks
INFO: ms_mgau.c(144): The value of topn: 4
WARN: "ms_mgau.c", line 148: -topn argument (4) invalid or > #density codewords (1); set to latter
INFO: phone_loop_search.c(114): State beam -225 Phone exit beam -225 Insertion penalty 0
INFO: dict.c(320): Allocating 4109 * 20 bytes (80 KiB) for word entries
INFO: dict.c(333): Reading main dictionary: C:/sphinx/tkm/etc/tkm.dic
INFO: dict.c(213): Dictionary size 10, allocated 0 KiB for strings, 0 KiB for phones
INFO: dict.c(336): 10 words read
INFO: dict.c(358): Reading filler dictionary: C:/sphinx/tkm/model_parameters/tkm.ci_cont/noisedict
INFO: dict.c(213): Dictionary size 13, allocated 0 KiB for strings, 0 KiB for phones
INFO: dict.c(361): 3 words read
INFO: dict2pid.c(396): Building PID tables for dictionary
INFO: dict2pid.c(406): Allocating 23^3 * 2 bytes (23 KiB) for word-initial triphones
INFO: dict2pid.c(132): Allocated 6440 bytes (6 KiB) for word-final triphones
INFO: dict2pid.c(196): Allocated 6440 bytes (6 KiB) for single-phone word triphones
INFO: ngram_model_trie.c(354): Trying to read LM in trie binary format
ERROR: "ngram_model_trie.c", line 356: File C:/sphinx/tkm/etc/tkm.dmp not found
INFO: ngram_model_trie.c(177): Trying to read LM in arpa format
ERROR: "ngram_model_trie.c", line 179: File C:/sphinx/tkm/etc/tkm.dmp not found
INFO: ngram_model_trie.c(445): Trying to read LM in dmp format
ERROR: "ngram_model_trie.c", line 447: Dump file C:/sphinx/tkm/etc/tkm.dmp not found
FATAL: "batch.c", line 913: PocketSphinx decoder init failed
Tue Nov 16 20:13:22 2021
