Build started 13.01.2020 19:21:32.
     1>Project "C:\sphinx\sphinxtrain\win32\programs\mixw_interp\mixw_interp.vcxproj" on node 2 (Build target(s)).
     1>ClCompile:
         C:\Program Files\Microsoft Visual Studio 11.0\VC\bin\x86_amd64\CL.exe /c /I..\..\..\..\sphinxbase\include\win32 /I..\..\..\..\sphinxbase\include /I..\..\..\include /Zi /nologo /W3 /WX- /O2 /Ob1 /D NDEBUG /D _CONSOLE /D _CRT_SECURE_NO_WARNINGS /D SPHINX_DLL /D _VC80_UPGRADE=0x0600 /D _MBCS /GF /Gm- /EHsc /MD /GS /Gy /fp:precise /Zc:wchar_t /Zc:forScope /Fo".\Release\x64/" /Fd".\Release\x64/vc110.pdb" /Gd /TC /errorReport:prompt ..\..\..\src\programs\mixw_interp\main.c ..\..\..\src\programs\mixw_interp\parse_cmd_ln.c
         main.c
     1>..\..\..\src\programs\mixw_interp\main.c(136): warning C4244: '=' : conversion from 'double' to 'float32', possible loss of data
         parse_cmd_ln.c
         Generating Code...
       Link:
         C:\Program Files\Microsoft Visual Studio 11.0\VC\bin\x86_amd64\link.exe /ERRORREPORT:PROMPT /OUT:".\..\..\..\bin\Release\x64/mixw_interp.exe" /INCREMENTAL:NO /NOLOGO /LIBPATH:..\..\..\..\sphinxbase\bin\Release\x64 sphinxbase.lib kernel32.lib user32.lib gdi32.lib winspool.lib comdlg32.lib advapi32.lib shell32.lib ole32.lib oleaut32.lib uuid.lib odbc32.lib odbccp32.lib /MANIFEST /MANIFESTUAC:"level='asInvoker' uiAccess='false'" /manifest:embed /PDB:".\..\..\..\bin\Release\x64/mixw_interp.pdb" /SUBSYSTEM:CONSOLE /TLBID:1 /DYNAMICBASE /NXCOMPAT /IMPLIB:".\..\..\..\bin\Release\x64\mixw_interp.lib" /MACHINE:X64 .\Release\x64/main.obj
         .\Release\x64/parse_cmd_ln.obj
         C:\sphinx\sphinxtrain\lib\Release\x64\libclust.lib
         C:\sphinx\sphinxtrain\lib\Release\x64\libcommon.lib
         C:\sphinx\sphinxtrain\lib\Release\x64\libio.lib
         C:\sphinx\sphinxtrain\lib\Release\x64\libmllr.lib
         C:\sphinx\sphinxtrain\lib\Release\x64\libmodinv.lib
         mixw_interp.vcxproj -> C:\sphinx\sphinxtrain\win32\programs\mixw_interp\.\..\..\..\bin\Release\x64\mixw_interp.exe
     1>Done Building Project "C:\sphinx\sphinxtrain\win32\programs\mixw_interp\mixw_interp.vcxproj" (Build target(s)).

Build succeeded.

Time Elapsed 00:00:01.93
