Build started 13.01.2020 19:18:55.
     1>Project "C:\sphinx\sphinxtrain\win32\libs\libmodinv\libmodinv.vcxproj" on node 2 (Build target(s)).
     1>ClCompile:
         C:\Program Files\Microsoft Visual Studio 11.0\VC\bin\CL.exe /c /I..\..\..\..\sphinxbase\include\win32 /I..\..\..\..\sphinxbase\include /I..\..\..\include /Zi /nologo /W3 /WX- /O2 /Ob1 /Oy- /D NDEBUG /D _LIB /D _CRT_SECURE_NO_WARNINGS /D SPHINX_DLL /D _VC80_UPGRADE=0x0600 /D _MBCS /GF /Gm- /EHsc /MD /GS /Gy /fp:precise /Zc:wchar_t /Zc:forScope /Fo".\Release\Win32/" /Fd".\Release\Win32/vc110.pdb" /Gd /TC /analyze- /errorReport:prompt ..\..\..\src\libs\libmodinv\gauden.c ..\..\..\src\libs\libmodinv\mod_inv.c
         gauden.c
     1>..\..\..\src\libs\libmodinv\gauden.c(72): warning C4305: 'initializing' : truncation from 'double' to 'float32'
     1>..\..\..\src\libs\libmodinv\gauden.c(338): warning C4244: '+=' : conversion from 'double' to 'float32', possible loss of data
     1>..\..\..\src\libs\libmodinv\gauden.c(341): warning C4244: '=' : conversion from 'double' to 'float32', possible loss of data
     1>..\..\..\src\libs\libmodinv\gauden.c(343): warning C4244: 'return' : conversion from 'double' to 'float32', possible loss of data
     1>..\..\..\src\libs\libmodinv\gauden.c(360): warning C4244: '=' : conversion from 'double' to 'float32', possible loss of data
     1>..\..\..\src\libs\libmodinv\gauden.c(362): warning C4244: 'return' : conversion from 'double' to 'float32', possible loss of data
     1>..\..\..\src\libs\libmodinv\gauden.c(444): warning C4244: '=' : conversion from 'double' to 'float', possible loss of data
     1>..\..\..\src\libs\libmodinv\gauden.c(475): warning C4244: '=' : conversion from 'double' to 'float', possible loss of data
     1>..\..\..\src\libs\libmodinv\gauden.c(1841): warning C4244: 'initializing' : conversion from 'double' to 'float32', possible loss of data
     1>..\..\..\src\libs\libmodinv\gauden.c(1910): warning C4244: '=' : conversion from 'uint32' to 'float32', possible loss of data
     1>..\..\..\src\libs\libmodinv\gauden.c(2047): warning C4244: '=' : conversion from 'float64' to 'float32', possible loss of data
         mod_inv.c
         Generating Code...
       Lib:
         C:\Program Files\Microsoft Visual Studio 11.0\VC\bin\Lib.exe /OUT:".\..\..\..\lib\Release\Win32\libmodinv.lib" /NOLOGO .\Release\Win32/gauden.obj
         .\Release\Win32/mod_inv.obj
         libmodinv.vcxproj -> C:\sphinx\sphinxtrain\win32\libs\libmodinv\.\..\..\..\lib\Release\Win32\libmodinv.lib
     1>Done Building Project "C:\sphinx\sphinxtrain\win32\libs\libmodinv\libmodinv.vcxproj" (Build target(s)).

Build succeeded.

Time Elapsed 00:00:02.49
