Build started 13.01.2020 19:17:12.
     1>Project "C:\sphinx\sphinxtrain\win32\programs\norm\norm.vcxproj" on node 2 (Rebuild target(s)).
     1>ClCompile:
         C:\Program Files\Microsoft Visual Studio 11.0\VC\bin\CL.exe /c /I..\..\..\..\sphinxbase\include\win32 /I..\..\..\..\sphinxbase\include /I..\..\..\include /ZI /nologo /W3 /WX- /Od /Oy- /D _DEBUG /D _CONSOLE /D _CRT_SECURE_NO_WARNINGS /D SPHINX_DLL /D _VC80_UPGRADE=0x0600 /D _MBCS /Gm /EHsc /RTC1 /MDd /GS /fp:precise /Zc:wchar_t /Zc:forScope /Fo".\Debug\Win32/" /Fd".\Debug\Win32/vc110.pdb" /Gd /TC /analyze- /errorReport:prompt ..\..\..\src\programs\norm\main.c ..\..\..\src\programs\norm\parse_cmd_ln.c
         parse_cmd_ln.c
         main.c
         Generating Code...
       Link:
         C:\Program Files\Microsoft Visual Studio 11.0\VC\bin\link.exe /ERRORREPORT:PROMPT /OUT:".\..\..\..\bin\Debug\Win32/norm.exe" /INCREMENTAL /NOLOGO /LIBPATH:..\..\..\..\sphinxbase\bin\Debug\Win32 sphinxbase.lib kernel32.lib user32.lib gdi32.lib winspool.lib comdlg32.lib advapi32.lib shell32.lib ole32.lib oleaut32.lib uuid.lib odbc32.lib odbccp32.lib /MANIFEST /MANIFESTUAC:"level='asInvoker' uiAccess='false'" /manifest:embed /DEBUG /PDB:".\..\..\..\bin\Debug\Win32/norm.pdb" /SUBSYSTEM:CONSOLE /TLBID:1 /DYNAMICBASE /NXCOMPAT /IMPLIB:".\..\..\..\bin\Debug\Win32\norm.lib" /MACHINE:X86 /SAFESEH .\Debug\Win32/main.obj
         .\Debug\Win32/parse_cmd_ln.obj
         C:\sphinx\sphinxtrain\lib\Debug\Win32\libclust.lib
         C:\sphinx\sphinxtrain\lib\Debug\Win32\libcommon.lib
         C:\sphinx\sphinxtrain\lib\Debug\Win32\libio.lib
         C:\sphinx\sphinxtrain\lib\Debug\Win32\libmllr.lib
         C:\sphinx\sphinxtrain\lib\Debug\Win32\libmodinv.lib
     1>main.obj : warning LNK4075: ignoring '/EDITANDCONTINUE' due to '/SAFESEH' specification
         norm.vcxproj -> C:\sphinx\sphinxtrain\win32\programs\norm\.\..\..\..\bin\Debug\Win32\norm.exe
     1>Done Building Project "C:\sphinx\sphinxtrain\win32\programs\norm\norm.vcxproj" (Rebuild target(s)).

Build succeeded.

Time Elapsed 00:00:05.53
