Build started 13.01.2020 19:20:13.
     1>Project "C:\sphinx\sphinxtrain\win32\programs\inc_comp\inc_comp.vcxproj" on node 2 (Build target(s)).
     1>ClCompile:
         C:\Program Files\Microsoft Visual Studio 11.0\VC\bin\x86_amd64\CL.exe /c /I..\..\..\include /I..\..\..\..\sphinxbase\include\win32 /I..\..\..\..\sphinxbase\include /ZI /nologo /W3 /WX- /Od /D _DEBUG /D _CONSOLE /D _CRT_SECURE_NO_WARNINGS /D SPHINX_DLL /D _VC80_UPGRADE=0x0600 /D _MBCS /Gm /EHsc /RTC1 /MDd /GS /fp:precise /Zc:wchar_t /Zc:forScope /Fo".\Debug\x64/" /Fd".\Debug\x64/vc110.pdb" /Gd /TC /errorReport:prompt ..\..\..\src\programs\inc_comp\accum_wt_param.c ..\..\..\src\programs\inc_comp\inc_densities.c ..\..\..\src\programs\inc_comp\main.c ..\..\..\src\programs\inc_comp\parse_cmd_ln.c
     1>cl : Command line warning D9038: /ZI is not supported on this platform; enabling /Zi instead
     1>cl : Command line warning D9007: '/Gm' requires '/Zi'; option ignored
         accum_wt_param.c
     1>..\..\..\src\programs\inc_comp\accum_wt_param.c(90): warning C4996: 'access': The POSIX name for this item is deprecated. Instead, use the ISO C++ conformant name: _access. See online help for details.
                 C:\Program Files\Microsoft Visual Studio 11.0\VC\include\io.h(302) : see declaration of 'access'
         inc_densities.c
         main.c
         parse_cmd_ln.c
         Generating Code...
       Link:
         C:\Program Files\Microsoft Visual Studio 11.0\VC\bin\x86_amd64\link.exe /ERRORREPORT:PROMPT /OUT:".\..\..\..\bin\Debug\x64/inc_comp.exe" /INCREMENTAL /NOLOGO /LIBPATH:..\..\..\..\sphinxbase\bin\Debug\x64 sphinxbase.lib kernel32.lib user32.lib gdi32.lib winspool.lib comdlg32.lib advapi32.lib shell32.lib ole32.lib oleaut32.lib uuid.lib odbc32.lib odbccp32.lib /MANIFEST /MANIFESTUAC:"level='asInvoker' uiAccess='false'" /manifest:embed /DEBUG /PDB:".\..\..\..\bin\Debug\x64/inc_comp.pdb" /SUBSYSTEM:CONSOLE /TLBID:1 /DYNAMICBASE /NXCOMPAT /IMPLIB:".\..\..\..\bin\Debug\x64\inc_comp.lib" /MACHINE:X64 .\Debug\x64/accum_wt_param.obj
         .\Debug\x64/inc_densities.obj
         .\Debug\x64/main.obj
         .\Debug\x64/parse_cmd_ln.obj
         C:\sphinx\sphinxtrain\lib\Debug\x64\libclust.lib
         C:\sphinx\sphinxtrain\lib\Debug\x64\libcommon.lib
         C:\sphinx\sphinxtrain\lib\Debug\x64\libio.lib
         C:\sphinx\sphinxtrain\lib\Debug\x64\libmllr.lib
         C:\sphinx\sphinxtrain\lib\Debug\x64\libmodinv.lib
         inc_comp.vcxproj -> C:\sphinx\sphinxtrain\win32\programs\inc_comp\.\..\..\..\bin\Debug\x64\inc_comp.exe
     1>Done Building Project "C:\sphinx\sphinxtrain\win32\programs\inc_comp\inc_comp.vcxproj" (Build target(s)).

Build succeeded.

Time Elapsed 00:00:02.22
