Current configuration:
[NAME]		[DEFLT]	[VALUE]
-accumdir		C:\sphinx\tkm\bwaccumdir\tkm_buff_1,
-constE		3.0	3.000000e+000
-dcountfn		
-example	no	no
-fullvar	no	no
-help		no	no
-inmeanfn		
-inmixwfn		
-invarfn		
-meanfn			C:/sphinx/tkm/model_parameters/tkm.ci_cont/means
-mixwfn			C:/sphinx/tkm/model_parameters/tkm.ci_cont/mixture_weights
-mmie		no	no
-oaccumdir		
-regmatfn		
-tiedvar	no	no
-tmatfn			C:/sphinx/tkm/model_parameters/tkm.ci_cont/transition_matrices
-varfn			C:/sphinx/tkm/model_parameters/tkm.ci_cont/variances

INFO: main.c(207): Reading and accumulating counts from C:\sphinx\tkm\bwaccumdir\tkm_buff_1
INFO: s3mixw_io.c(117): Read C:\sphinx\tkm\bwaccumdir\tkm_buff_1/mixw_counts [69x1x1 array]
INFO: s3tmat_io.c(118): Read C:\sphinx\tkm\bwaccumdir\tkm_buff_1/tmat_counts [23x3x4 array]
INFO: s3gau_io.c(386): Read C:\sphinx\tkm\bwaccumdir\tkm_buff_1/gauden_counts with means with vars (2pass) [69x1x1 vector arrays]
INFO: main.c(321): -2passvar yes
INFO: main.c(391): Normalizing mean for n_mgau= 69, n_stream= 1, n_density= 1
INFO: main.c(414): Normalizing var
INFO: s3mixw_io.c(233): Wrote C:/sphinx/tkm/model_parameters/tkm.ci_cont/mixture_weights [69x1x1 array]
INFO: s3tmat_io.c(176): Wrote C:/sphinx/tkm/model_parameters/tkm.ci_cont/transition_matrices [23x3x4 array]
INFO: s3gau_io.c(228): Wrote C:/sphinx/tkm/model_parameters/tkm.ci_cont/means [69x1x1 array]
INFO: s3gau_io.c(228): Wrote C:/sphinx/tkm/model_parameters/tkm.ci_cont/variances [69x1x1 array]
Tue Nov 16 20:13:18 2021
Current Overall Likelihood Per Frame = -144.205535266954
Convergence ratio = 2.84384148733861
