INFO: main.c(229): Compiled on Jan 13 2020 at 19:19:39
Current configuration:
[NAME]		[DEFLT]		[VALUE]
-2passvar	no		yes
-abeam		1e-100		1.000000e-090
-accumdir			C:/sphinx/tkm/bwaccumdir/tkm_buff_1
-agc		none		none
-agcthresh	2.0		2.000000e+000
-bbeam		1e-100		1.000000e-010
-cb2mllrfn	.1cls.		.1cls.
-cepdir				C:/sphinx/tkm/feat
-cepext		mfc		mfc
-ceplen		13		13
-ckptintv			0
-cmn		live		batch
-cmninit	40,3,-1		40,3,-1
-ctlfn				C:/sphinx/tkm/etc/tkm_train.fileids
-diagfull	no		no
-dictfn				C:/sphinx/tkm/etc/tkm.dic
-example	no		no
-fdictfn			C:/sphinx/tkm/etc/tkm.filler
-feat		1s_c_d_dd	1s_c_d_dd
-fullvar	no		no
-help		no		no
-hmmdir				
-latdir				
-latext				
-lda				
-ldadim		0		0
-lsnfn				C:/sphinx/tkm/etc/tkm_train.transcription
-lw		11.5		1.150000e+001
-maxuttlen	0		0
-meanfn				C:/sphinx/tkm/model_parameters/tkm.ci_cont/means
-meanreest	yes		yes
-mixwfn				C:/sphinx/tkm/model_parameters/tkm.ci_cont/mixture_weights
-mixwreest	yes		yes
-mllrmat			
-mmie		no		no
-mmie_type	rand		rand
-moddeffn			C:/sphinx/tkm/model_architecture/tkm.ci.mdef
-mwfloor	0.00001		1.000000e-008
-npart				1
-nskip				0
-outphsegdir			
-outputfullpath	no		no
-part				1
-pdumpdir			
-phsegdir			
-phsegext	phseg		phseg
-runlen		-1		-1
-sentdir			
-sentext	sent		sent
-spthresh	0.0		0.000000e+000
-svspec				
-timing		yes		no
-tmatfn				C:/sphinx/tkm/model_parameters/tkm.ci_cont/transition_matrices
-tmatreest	yes		yes
-topn		4		1
-tpfloor	0.0001		1.000000e-004
-ts2cbfn			.cont.
-varfloor	0.00001		1.000000e-004
-varfn				C:/sphinx/tkm/model_parameters/tkm.ci_cont/variances
-varnorm	no		no
-varreest	yes		yes
-viterbi	no		no

INFO: feat.c(715): Initializing feature stream to type: '1s_c_d_dd', ceplen=13, CMN='batch', VARNORM='no', AGC='none'
INFO: main.c(318): Reading C:/sphinx/tkm/model_architecture/tkm.ci.mdef
INFO: model_def_io.c(573): Model definition info:
INFO: model_def_io.c(574): 23 total models defined (23 base, 0 tri)
INFO: model_def_io.c(575): 92 total states
INFO: model_def_io.c(576): 69 total tied states
INFO: model_def_io.c(577): 69 total tied CI states
INFO: model_def_io.c(578): 23 total tied transition matrices
INFO: model_def_io.c(579): 4 max state/model
INFO: model_def_io.c(580): 4 min state/model
INFO: s3mixw_io.c(117): Read C:/sphinx/tkm/model_parameters/tkm.ci_cont/mixture_weights [69x1x1 array]
INFO: s3tmat_io.c(118): Read C:/sphinx/tkm/model_parameters/tkm.ci_cont/transition_matrices [23x3x4 array]
INFO: mod_inv.c(301): inserting tprob floor 1.000000e-004 and renormalizing
INFO: s3gau_io.c(169): Read C:/sphinx/tkm/model_parameters/tkm.ci_cont/means [69x1x1 array]
INFO: s3gau_io.c(169): Read C:/sphinx/tkm/model_parameters/tkm.ci_cont/variances [69x1x1 array]
INFO: gauden.c(176): 69 total mgau
INFO: gauden.c(150): 1 feature streams (|0|=39 )
INFO: gauden.c(187): 1 total densities
INFO: gauden.c(90): min_var=1.000000e-004
INFO: gauden.c(165): compute 1 densities/frame
INFO: main.c(431): Will reestimate mixing weights.
INFO: main.c(433): Will reestimate means.
INFO: main.c(435): Will reestimate variances.
INFO: main.c(443): Will reestimate transition matrices
INFO: main.c(456): Reading main dictionary: C:/sphinx/tkm/etc/tkm.dic
INFO: lexicon.c(221): 10 entries added from C:/sphinx/tkm/etc/tkm.dic
INFO: main.c(466): Reading filler dictionary: C:/sphinx/tkm/etc/tkm.filler
INFO: lexicon.c(221): 3 entries added from C:/sphinx/tkm/etc/tkm.filler
INFO: corpus.c(1062): Will process all remaining utts starting at 0
INFO: main.c(665): Reestimation: Baum-Welch
INFO: cmn.c(133): CMN: 51.37  0.94  7.94  5.79  3.62  8.39 -4.29 -5.49 -11.52  6.29  8.85 -1.72 -5.33 
column defns
	<seq>
	<id>
	<n_frame_in>
	<n_frame_del>
	<n_state_shmm>
	<avg_states_alpha>
	<avg_states_beta>
	<avg_states_reest>
	<avg_posterior_prune>
	<frame_log_lik>
	<utt_log_lik>
	... timing info ... 
utt>     0                  A_acyl_1   93    0INFO: cvt2triphone.c(199): no multiphones defined, no conversion done
    24 11  2 4 4.550064e-012 -1.431404e+002 -1.331205e+004
INFO: cmn.c(133): CMN: 52.27  0.46 10.00  8.09  6.69  8.43 -4.63 -6.48 -16.19  4.66  7.08 -1.44 -6.72 
utt>     1                  A_acyl_2   94    0    24 11  2 4 3.161880e-012 -1.445171e+002 -1.358461e+004
INFO: cmn.c(133): CMN: 51.46  0.41  8.37  5.60  6.73  7.23 -5.02 -3.64 -16.35  7.27  8.63 -5.10 -8.73 
utt>     2                  A_acyl_3   93    0    24 11  2 4 3.422877e-012 -1.424323e+002 -1.324620e+004
INFO: cmn.c(133): CMN: 51.61 -1.88 11.38  1.29  5.11  7.96 -11.32 -4.62 -10.93  0.78  6.02 -5.05 -7.95 
utt>     3                  A_acyl_4   93    0    24 11  2 4 2.642636e-012 -1.446231e+002 -1.344995e+004
INFO: cmn.c(133): CMN: 48.76 -1.98  9.52  2.31  8.91 10.62 -5.94 -0.97 -4.55  5.39  6.95 -0.77 -6.56 
utt>     4                  A_acyl_5   93    0    24 11  2 4 3.213723e-012 -1.435355e+002 -1.334880e+004
INFO: cmn.c(133): CMN: 50.44  5.89  3.47 14.93 12.01  5.14 -10.57 -6.55 -15.43  0.66 -0.33 -10.36 -5.42 
utt>     5              A_akyllyoy_1  103    0    28 11  2 3 1.445335e-012 -1.468065e+002 -1.512107e+004
INFO: cmn.c(133): CMN: 48.58  4.03  3.28 16.49 13.46  6.32 -7.06 -5.91 -9.60 -0.60 -2.31 -9.47 -2.98 
utt>     6              A_akyllyoy_2  105    0    28 10  1 3 1.689211e-012 -1.464986e+002 -1.538235e+004
INFO: cmn.c(133): CMN: 45.25  2.32  2.01 18.70  9.84  7.51 -4.67 -3.67 -11.72 -0.94  3.78 -10.98 -4.49 
utt>     7              A_akyllyoy_3  111    0    28 11  2 3 2.248559e-012 -1.446764e+002 -1.605908e+004
INFO: cmn.c(133): CMN: 45.96  4.74 -0.02 22.44 10.42  9.56 -6.40 -7.84 -9.75  1.52  0.12 -6.99 -3.39 
utt>     8              A_akyllyoy_4  108    0    28 11  2 3 1.748778e-012 -1.448000e+002 -1.563840e+004
INFO: cmn.c(133): CMN: 53.55 -0.03  5.88 12.72  5.32  7.54 -16.20 -2.50 -3.76  2.93  2.99 -9.54  2.44 
utt>     9                A_cyrany_1  119    0    24 9  1 3 3.575496e-012 -1.445461e+002 -1.720098e+004
INFO: cmn.c(133): CMN: 51.48  0.58  7.41  8.62  6.81  5.90 -18.28  1.56 -6.85  5.13  3.00 -4.91 -1.17 
utt>    10                A_cyrany_2  118    0    24 9  1 3 1.029168e-012 -1.443625e+002 -1.703478e+004
INFO: cmn.c(133): CMN: 53.79 -3.13  6.83  8.24  3.50 12.01 -16.11 -0.30 -1.90  4.07  1.73 -4.97 -2.05 
utt>    11                A_cyrany_3  125    0    24 9  1 3 3.204532e-012 -1.431040e+002 -1.788800e+004
INFO: cmn.c(133): CMN: 54.82  0.64  4.49 12.49 10.15  4.03 -14.12  2.36  5.16  2.12  9.19 -5.73  1.82 
utt>    12                A_cyrany_4  122    0    24 9  1 2 2.141590e-012 -1.440429e+002 -1.757323e+004
INFO: cmn.c(133): CMN: 52.88  0.17  1.64 10.82 10.52  0.41 -15.73 -0.49  4.53  1.59  6.87 -4.71 -1.35 
utt>    13                A_cyrany_5  122    0    24 9  1 3 2.132080e-012 -1.437125e+002 -1.753293e+004
INFO: cmn.c(133): CMN: 50.56  1.93  4.58 16.81 11.60 12.70 -13.43 -14.63 -13.45  2.51 -5.17 -6.77 -3.12 
utt>    14                  A_ocur_1   96    0    24 11  2 4 1.604300e-012 -1.392171e+002 -1.336484e+004
INFO: cmn.c(133): CMN: 50.45  1.65  3.60 16.10 12.90 13.83 -14.23 -16.81 -11.64  2.83 -5.47 -7.31 -5.40 
utt>    15                  A_ocur_2   94    0    24 11  2 4 3.601114e-012 -1.412617e+002 -1.327860e+004
INFO: cmn.c(133): CMN: 49.76  1.02  5.87 13.42 12.62 16.73 -13.70 -17.95 -13.42  2.82 -5.08 -5.50 -4.25 
utt>    16                  A_ocur_3   92    0    24 11  2 4 1.079793e-012 -1.401532e+002 -1.289409e+004
INFO: cmn.c(133): CMN: 48.93 -1.39  4.35 13.82 17.21 10.32 -16.37 -12.80 -10.55  0.19 -6.36 -8.87 -5.59 
utt>    17                  A_ocur_4   93    0    24 11  2 3 2.603315e-012 -1.406742e+002 -1.308270e+004
INFO: cmn.c(133): CMN: 48.34  0.18  5.72 11.56 12.41 12.68 -14.38 -16.46 -9.91 -0.98 -6.11 -7.62 -4.93 
utt>    18                  A_ocur_5   96    0    24 11  2 4 2.470719e-012 -1.402289e+002 -1.346198e+004
INFO: cmn.c(133): CMN: 53.44  3.62  3.43 11.96 15.24 -2.54 -26.01 -12.25 -4.75  9.17 -2.41 -14.93  2.83 
utt>    19                 A_perde_1  106    0    20 11  1 2 1.741193e-012 -1.424738e+002 -1.510222e+004
INFO: cmn.c(133): CMN: 52.95  3.28  4.46  7.50 13.83 -3.06 -24.41 -9.07 -7.71 12.45 -2.62 -10.96  4.82 
utt>    20                 A_perde_2  103    0    20 11  1 2 1.319668e-012 -1.441171e+002 -1.484406e+004
INFO: cmn.c(133): CMN: 54.02  1.38  4.43 11.91 13.88  1.96 -26.95 -10.44 -7.09 10.27 -2.98 -9.40  5.16 
utt>    21                 A_perde_3  105    0    20 11  1 2 9.393110e-013 -1.439939e+002 -1.511936e+004
INFO: cmn.c(133): CMN: 52.06  3.44  6.13 11.67 15.17 -0.33 -25.39 -7.69 -0.72  9.12 -2.22 -12.21  0.33 
utt>    22                 A_perde_4  106    0    20 12  1 2 9.018417e-013 -1.409964e+002 -1.494561e+004
INFO: cmn.c(133): CMN: 52.23  3.62  7.95 12.20 16.72  0.12 -27.30 -6.77 -1.97  6.94 -4.39 -12.24 -1.94 
utt>    23                 A_perde_5  107    0    20 11  1 2 1.851669e-012 -1.438762e+002 -1.539475e+004
INFO: cmn.c(133): CMN: 47.12  4.46  0.86  2.76  4.75 20.62 -15.86 -4.06 -3.85 -2.17  9.70 -8.00 -1.25 
utt>    24                   A_yak_1   80    0    16 8  1 2 3.570366e-012 -1.468611e+002 -1.174889e+004
INFO: cmn.c(133): CMN: 46.90  2.38 -0.73  2.33  4.04 19.97 -14.96  1.01 -6.73  1.93  6.31 -6.46  0.84 
utt>    25                   A_yak_2   81    0    16 8  1 3 2.095912e-012 -1.460747e+002 -1.183205e+004
INFO: cmn.c(133): CMN: 43.53  2.07  6.71  1.57  6.37 19.99 -16.84  1.33 -6.82  4.20  3.23 -6.34 -2.15 
utt>    26                   A_yak_3   87    0    16 9  1 3 2.320419e-012 -1.451348e+002 -1.262673e+004
INFO: cmn.c(133): CMN: 48.36  3.24  3.13  2.68 11.86 11.79 -22.15  2.13 -6.19 -0.09  3.81 -5.97  0.34 
utt>    27                   A_yak_4   84    0    16 8  1 3 4.023309e-012 -1.453976e+002 -1.221340e+004
INFO: cmn.c(133): CMN: 49.93  1.39  2.23  1.77  9.69 12.83 -24.82  1.93 -6.64 -1.70  8.10 -6.30 -3.23 
utt>    28                   A_yak_5   83    0    16 8  1 3 2.783888e-012 -1.492034e+002 -1.238388e+004
INFO: cmn.c(133): CMN: 35.89  0.52  7.44  6.67  9.74 11.70 -12.63 -0.10 -8.94  1.51 -4.20 -1.50 -5.16 
utt>    29                 A_yapyl_1  177    0    20 14  1 2 1.581500e-012 -1.441720e+002 -2.551844e+004
INFO: cmn.c(133): CMN: 47.57  6.43  6.10 10.09  9.05  6.59 -6.76  0.49 -12.29 -1.78  2.23  0.50 -1.98 
utt>    30                 A_yapyl_2  102    0    20 10  1 3 3.850551e-012 -1.467496e+002 -1.496846e+004
INFO: cmn.c(133): CMN: 47.08  7.99  8.78  7.09  9.65  7.81 -9.78  0.88 -16.86 -2.11  3.01 -1.50 -2.91 
utt>    31                 A_yapyl_3  102    0    20 10  2 3 1.652839e-012 -1.441499e+002 -1.470328e+004
INFO: cmn.c(133): CMN: 46.65  7.25  8.93  5.84 12.22  9.49 -9.66  0.84 -10.96  2.66  3.10 -0.25 -1.40 
utt>    32                 A_yapyl_4  101    0    20 10  1 3 2.442362e-012 -1.445115e+002 -1.459566e+004
INFO: cmn.c(133): CMN: 45.33  5.51  8.71  7.78 11.38  3.46 -10.90  0.47 -12.82 -2.05  1.75 -1.13 -4.81 
utt>    33                 A_yapyl_5  105    0    20 10  2 3 9.330879e-013 -1.438704e+002 -1.510640e+004
INFO: cmn.c(133): CMN: 46.15  2.73 -5.81 15.34 -1.88 11.51 -2.28 -10.20 -9.70 -7.50 12.44 -11.07 -10.78 
utt>    34                  B_acyl_1   99    0    24 10  1 3 2.582628e-012 -1.449196e+002 -1.434704e+004
INFO: cmn.c(133): CMN: 45.70  3.19 -4.10 11.61  3.21  7.76  3.16 -15.08 -12.41 -3.56 10.16 -9.04 -11.28 
utt>    35                  B_acyl_2   99    0    24 11  1 3 4.694574e-012 -1.437940e+002 -1.423561e+004
INFO: cmn.c(133): CMN: 47.93  1.83 -5.14  9.28 -0.96 10.19 -1.09 -14.08 -12.40 -4.42 14.15 -8.49 -11.10 
utt>    36                  B_acyl_3   97    0    24 10  1 3 2.447719e-012 -1.443773e+002 -1.400460e+004
INFO: cmn.c(133): CMN: 42.66  1.17  0.50 16.36  0.43 12.74 -0.06 -12.75 -15.55 -7.16 12.48 -12.99 -8.26 
utt>    37                  B_acyl_4   94    0    24 10  1 3 1.928496e-012 -1.443785e+002 -1.357158e+004
INFO: cmn.c(133): CMN: 47.83 10.74 -14.04 29.16  4.78 -0.25 -10.03 -12.49  0.83 -4.50 16.20  2.59 -13.13 
utt>    38              B_akyllyoy_1  115    0    28 10  1 3 1.599468e-012 -1.432998e+002 -1.647948e+004
INFO: cmn.c(133): CMN: 46.22 11.97 -14.47 28.19  5.04 -2.02 -10.72 -10.00  0.79 -3.49 16.60  3.12 -11.63 
utt>    39              B_akyllyoy_2  113    0    28 10  1 3 3.080589e-012 -1.427044e+002 -1.612560e+004
INFO: cmn.c(133): CMN: 51.11 11.43 -21.85 29.73  6.28 -2.46 -15.87 -15.75 -1.10 -6.61 16.40  4.36 -17.15 
utt>    40              B_akyllyoy_3   96    0    28 10  1 3 3.254497e-012 -1.427258e+002 -1.370168e+004
INFO: cmn.c(133): CMN: 46.37 15.41 -14.24 20.59  1.95  1.07 -9.57 -10.82 -3.37 -1.08 14.74  4.01 -13.61 
utt>    41              B_akyllyoy_4  134    0    28 11  1 3 2.957049e-012 -1.472756e+002 -1.973493e+004
INFO: cmn.c(133): CMN: 49.46  5.11 -22.18 22.86 -4.89  1.96 -5.77 -7.00  3.24 -6.88  6.51 -5.45 -14.20 
utt>    42                B_cyrany_1  119    0    24 9  1 3 1.818963e-012 -1.444034e+002 -1.718400e+004
INFO: cmn.c(133): CMN: 49.13  6.69 -19.85 21.19 -2.52  0.67 -5.61 -7.28  0.33 -5.67  3.42 -6.00 -11.38 
utt>    43                B_cyrany_2  120    0    24 9  1 3 1.486238e-012 -1.446590e+002 -1.735908e+004
INFO: cmn.c(133): CMN: 39.48  1.47 -11.82 19.68 -3.60  6.87 -1.96 -1.20  1.94  3.71  0.30 -7.97 -7.37 
utt>    44                B_cyrany_3  187    0    24 9  1 2 8.452054e-013 -1.435780e+002 -2.684908e+004
INFO: cmn.c(133): CMN: 50.88  3.25 -20.21 20.11 -11.11  9.68 -4.10 -2.92  4.40  0.76 -0.24 -8.21 -7.47 
utt>    45                B_cyrany_4  121    0    24 9  1 2 2.416964e-012 -1.467893e+002 -1.776151e+004
INFO: cmn.c(133): CMN: 46.39  2.68 -9.03 22.36  3.35  6.25 -4.87 -18.94 -12.90 -10.57  9.24 -8.70 -7.05 
utt>    46                  B_ocur_1   97    0    24 10  1 3 3.223144e-012 -1.425650e+002 -1.382880e+004
INFO: cmn.c(133): CMN: 46.04  3.07 -8.49 21.64  5.45  7.82 -4.34 -22.96 -11.09 -9.03  7.90 -10.36 -11.28 
utt>    47                  B_ocur_2  101    0    24 10  1 3 1.541483e-012 -1.423223e+002 -1.437455e+004
INFO: cmn.c(133): CMN: 45.61  1.66 -3.48 20.05  4.12  4.76 -1.68 -15.90 -13.08 -13.08  3.94 -7.31 -4.39 
utt>    48                  B_ocur_3  101    0    24 10  2 3 1.198987e-012 -1.420611e+002 -1.434818e+004
INFO: cmn.c(133): CMN: 44.40  4.61 -6.33 22.90  4.46  9.76 -10.32 -16.25 -14.72 -9.20  1.97 -9.80 -8.35 
utt>    49                  B_ocur_4  109    0    24 10  1 3 3.124424e-012 -1.431698e+002 -1.560550e+004
INFO: cmn.c(133): CMN: 44.03  2.11 -12.38 32.31 -4.12  7.99 -4.50 -6.38 -3.55 -8.87  3.11 -14.80 -5.15 
utt>    50              B_sowadyjy_1  120    0    28 8  1 3 1.183631e-012 -1.420572e+002 -1.704687e+004
INFO: cmn.c(133): CMN: 42.23  4.11 -9.51 30.05 -8.08 10.96 -2.61 -5.43 -7.11 -7.34  6.52 -12.06 -5.41 
utt>    51              B_sowadyjy_2  119    0    28 8  1 3 8.106719e-013 -1.407224e+002 -1.674596e+004
INFO: cmn.c(133): CMN: 41.50  6.08 -9.72 29.13 -8.24  8.37 -2.43 -10.83 -5.02 -7.19  3.69 -9.76 -7.03 
utt>    52              B_sowadyjy_3  119    0    28 8  1 3 1.620807e-012 -1.427895e+002 -1.699194e+004
INFO: cmn.c(133): CMN: 46.14  7.06 -22.28 20.29 -3.31 11.53 -10.49 -4.58  1.32 -13.13 10.19 -1.11 -18.74 
utt>    53                   B_yak_1   82    0    16 7  1 2 1.065802e-012 -1.452653e+002 -1.191175e+004
INFO: cmn.c(133): CMN: 46.03  5.20 -20.96 20.68 -3.88 12.52 -10.87 -7.98 -0.25 -17.64 10.82 -0.23 -12.56 
utt>    54                   B_yak_2   81    0    16 8  1 3 2.164164e-012 -1.463590e+002 -1.185508e+004
INFO: cmn.c(133): CMN: 44.55  4.64 -20.85 22.04 -8.48 15.78 -11.03 -7.97 -3.07 -17.65  9.48  0.75 -15.79 
utt>    55                   B_yak_3   83    0    16 8  1 3 1.657413e-012 -1.464751e+002 -1.215743e+004
INFO: cmn.c(133): CMN: 40.56  2.26 -17.61 21.64 -1.95 12.52 -8.60 -4.25 -2.09 -12.76  2.40 -0.40 -9.89 
utt>    56                   B_yak_4  111    0    16 7  1 2 2.452530e-012 -1.433144e+002 -1.590790e+004
INFO: cmn.c(133): CMN: 44.45 10.81 -11.71 19.85 -5.68  6.97 -0.81 -10.01 -9.73 -14.45  3.82 -2.15 -10.92 
utt>    57                 B_yapyl_1   94    0    20 9  2 3 2.790160e-012 -1.458862e+002 -1.371330e+004
INFO: cmn.c(133): CMN: 45.25 11.09 -14.01 21.52 -9.91  0.11  1.19 -10.74 -9.46 -9.79  5.01 -0.97 -9.99 
utt>    58                 B_yapyl_2   96    0    20 9  1 3 1.937018e-012 -1.456679e+002 -1.398412e+004
INFO: cmn.c(133): CMN: 45.39 10.98 -10.54 23.31 -9.04  6.06  1.82 -13.77 -6.21 -14.38  7.30 -0.50 -6.62 
utt>    59                 B_yapyl_3   97    0    20 9  1 3 1.108749e-012 -1.461025e+002 -1.417195e+004
INFO: cmn.c(133): CMN: 44.56 11.27 -11.84 22.62 -4.52  4.21  4.44 -12.55 -10.87 -13.12  5.56 -3.56 -9.55 
utt>    60                 B_yapyl_4   97    0    20 9  1 3 1.080663e-012 -1.450274e+002 -1.406765e+004
INFO: cmn.c(133): CMN: 31.11 -3.39  5.07 11.02 -8.89  1.13  2.16 -1.87  0.20 -0.11 -0.95 -2.35 -6.65 
utt>    61                   D_acc_1  200    0    16 12  1 2 8.439832e-013 -1.452131e+002 -2.904262e+004
INFO: cmn.c(133): CMN: 30.24  0.58  4.61  9.53 -8.96  1.22  1.63  0.89  0.67  0.08  1.84 -4.94 -8.23 
utt>    62                   D_acc_2  197    0    16 11  1 2 6.231407e-013 -1.406232e+002 -2.770277e+004
INFO: cmn.c(133): CMN: 32.86 -0.18  3.66  9.00 -11.86  0.33  1.37 -1.13 -0.57 -0.24  0.41 -2.00 -4.64 
utt>    63                   D_acc_3  201    0    16 4  1 1 9.369036e-013 -1.459896e+002 -2.934390e+004
INFO: cmn.c(133): CMN: 30.96 -2.93  6.10  9.82 -9.29 -1.85  1.18 -0.51  0.69  0.98  0.14 -2.14 -7.26 
utt>    64                   D_acc_4  194    0    16 12  1 2 1.392389e-012 -1.421839e+002 -2.758367e+004
INFO: cmn.c(133): CMN: 39.88 13.41 11.91 -7.94 -17.13 -10.15 -2.51 -11.33 -20.09  3.40 13.49 -3.68  3.85 
utt>    65                  D_acyl_1   93    0    24 11  1 3 3.019600e-012 -1.462077e+002 -1.359732e+004
INFO: cmn.c(133): CMN: 39.17 11.55 12.98 -4.97 -18.11 -7.93 -0.10 -9.86 -16.00  7.25 11.35 -1.77  3.53 
utt>    66                  D_acyl_2   94    0    24 11  1 3 5.304541e-012 -1.486885e+002 -1.397672e+004
INFO: cmn.c(133): CMN: 39.11 11.39 14.09 -8.57 -16.72 -6.71 -1.93 -13.36 -17.56  6.96  8.53 -0.49  3.95 
utt>    67                  D_acyl_3   94    0    24 11  1 3 3.339851e-012 -1.471496e+002 -1.383206e+004
INFO: cmn.c(133): CMN: 29.63  2.33  2.06  6.30  2.01  0.49 -5.91  1.04 -4.66 -5.65 -2.77 -2.77 -1.15 
utt>    68                  D_acyl_4  197    0    24 18  1 2 1.876074e-012 -1.386304e+002 -2.731018e+004
INFO: cmn.c(133): CMN: 29.63  2.33  2.06  6.30  2.01  0.49 -5.91  1.04 -4.66 -5.65 -2.77 -2.77 -1.15 
utt>    69                  D_acyl_5  197    0    24 18  1 2 1.876074e-012 -1.386304e+002 -2.731018e+004
INFO: cmn.c(133): CMN: 29.54  4.28  2.87  5.55  1.68  0.70 -6.24  2.01 -5.30 -7.86 -2.26 -1.97 -2.73 
utt>    70                  D_acyl_6  201    0    24 18  1 2 3.550914e-012 -1.423458e+002 -2.861150e+004
INFO: cmn.c(133): CMN: 33.40 14.47  8.39 11.77 -12.21 -9.40 -3.75 -13.54 -11.46  3.00  8.78  2.09 -0.47 
utt>    71              D_akyllyoy_1  190    0    28 14  1 2 9.191176e-013 -1.448248e+002 -2.751670e+004
INFO: cmn.c(133): CMN: 40.95 17.49  1.40 13.31 -16.53 -4.56  7.03 -15.20 -23.44  1.35  5.97 -5.14 -3.41 
utt>    72              D_akyllyoy_2  111    0    28 10  1 3 2.569326e-012 -1.457982e+002 -1.618360e+004
INFO: cmn.c(133): CMN: 38.87 16.53  2.80 22.37 -13.11 -3.10  7.36 -15.20 -19.48  0.93  4.99 -7.22 -3.24 
utt>    73              D_akyllyoy_3  124    0    28 11  1 3 1.862888e-012 -1.487748e+002 -1.844807e+004
INFO: cmn.c(133): CMN: 38.73 19.56  1.08 22.05 -9.24 -8.00  6.59 -18.95 -21.37 -0.91  4.26 -1.27 -3.53 
utt>    74              D_akyllyoy_4  119    0    28 11  1 3 2.253513e-012 -1.494723e+002 -1.778721e+004
INFO: cmn.c(133): CMN: 48.51 12.26 -1.44 -2.41 -15.49 -10.69  9.92 -20.15 -14.08  7.22 12.70 -4.42 -0.23 
utt>    75                D_cyrany_1   93    0    24 10  1 3 8.660267e-013 -1.476689e+002 -1.373320e+004
INFO: cmn.c(133): CMN: 43.70 10.92  1.50  3.83 -13.65 -11.23  2.90 -13.01 -9.07  8.19 10.96 -3.81  3.01 
utt>    76                D_cyrany_2  111    0    24 9  1 2 3.460102e-012 -1.437309e+002 -1.595413e+004
INFO: cmn.c(133): CMN: 36.81 11.75  8.03  6.11 -13.58 -10.88 -2.04 -12.79 -5.32  8.58 12.49  1.70  0.64 
utt>    77                D_cyrany_3  166    0    24 13  1 2 2.254045e-012 -1.427526e+002 -2.369694e+004
INFO: cmn.c(133): CMN: 30.12  8.77  2.52 15.64 -5.26 -2.80 -0.26  2.26 -2.51 -1.12  0.33  0.23 -3.83 
utt>    78                D_gapyny_1  207    0    20 12  1 1 9.540715e-013 -1.368961e+002 -2.833749e+004
INFO: cmn.c(133): CMN: 32.43 11.13 -0.22 16.64 -6.92 -1.44  0.06  1.29 -2.12  1.12  1.95  2.10 -1.90 
utt>    79                D_gapyny_2  195    0    20 11  1 1 1.496007e-012 -1.377489e+002 -2.686104e+004
INFO: cmn.c(133): CMN: 33.08 11.92  0.29 16.30 -5.31 -0.69  0.18  1.13 -4.17  1.65  2.35  0.83 -2.60 
utt>    80                D_gapyny_3  187    0    20 11  1 2 1.711026e-012 -1.383432e+002 -2.587018e+004
INFO: cmn.c(133): CMN: 29.26 10.36  1.20 14.97 -3.84 -1.86  0.65  1.95 -1.56  1.39  0.34 -1.75 -3.10 
utt>    81                D_gapyny_4  261    0    20 11  1 1 8.737893e-013 -1.362110e+002 -3.555106e+004
INFO: cmn.c(133): CMN: 31.36  9.91 -3.61  9.20  3.76  2.01 -3.24  0.35 -1.52 -2.16  2.48  2.75 -0.41 
utt>    82                D_gapyny_5  222    0    20 12  1 1 9.457667e-013 -1.388796e+002 -3.083126e+004
INFO: cmn.c(133): CMN: 27.73  8.40 -0.66 12.12  0.74  3.73 -3.90  0.61 -0.61 -0.34  1.02  2.43 -0.27 
utt>    83                D_gapyny_6  225    0    20 11  1 1 8.567135e-013 -1.384659e+002 -3.115482e+004
INFO: cmn.c(133): CMN: 28.58  9.28 -2.62  8.90  4.51  1.46 -3.76  0.08 -3.11 -0.74  4.76  2.91  0.84 
utt>    84                D_gapyny_7  192    0    20 11  1 2 1.475484e-012 -1.385669e+002 -2.660485e+004
INFO: cmn.c(133): CMN: 29.27  8.23 -1.51 11.80  2.92  2.00 -4.57  2.42 -1.66 -1.25  1.13  0.97  0.69 
utt>    85                D_gapyny_8  211    0    20 12  1 2 1.625381e-012 -1.389651e+002 -2.932163e+004
INFO: cmn.c(133): CMN: 40.69  9.27  7.67  7.50 -14.78 -15.12 -2.74 -22.90 -13.26  5.80  7.92 -0.10 -1.76 
utt>    86                  D_ocur_1   93    0    24 10  2 3 2.007707e-012 -1.454505e+002 -1.352690e+004
INFO: cmn.c(133): CMN: 38.26  3.15  9.06  8.32 -11.24 -13.81 -1.20 -21.89 -12.35  6.66  9.03 -2.67 -3.26 
utt>    87                  D_ocur_2   94    0    24 10  1 3 2.275608e-012 -1.427090e+002 -1.341465e+004
INFO: cmn.c(133): CMN: 36.52  7.19  9.21 11.39 -7.13 -16.56 -2.45 -18.82 -9.13  6.68  8.69 -1.86 -0.45 
utt>    88                  D_ocur_3  102    0    24 10  2 3 1.588485e-012 -1.460451e+002 -1.489660e+004
INFO: cmn.c(133): CMN: 32.85 11.13  9.02 23.84  8.92 -1.25 -10.69 -11.16 -2.74  1.53  3.84  7.21  6.21 
utt>    89                 D_perde_1  170    0    20 9  1 2 1.382945e-012 -1.390584e+002 -2.363994e+004
INFO: cmn.c(133): CMN: 33.28  9.93  8.42 23.54 10.56  0.79 -11.23 -10.57 -1.19  1.79  3.20  7.81  6.43 
utt>    90                 D_perde_2  167    0    20 9  1 2 5.418474e-013 -1.395699e+002 -2.330817e+004
INFO: cmn.c(133): CMN: 30.72 11.59  7.34 24.58 10.57  0.67 -10.52 -11.70 -0.27  4.56  4.72  7.83  7.55 
utt>    91                 D_perde_3  171    0    20 9  1 2 3.609730e-013 -1.401740e+002 -2.396975e+004
INFO: cmn.c(133): CMN: 29.84 10.49 10.33 23.46 11.74 -0.20 -8.95 -9.52 -0.73  2.32  3.93  6.53  7.68 
utt>    92                 D_perde_4  203    0    20 9  1 1 1.394927e-012 -1.407427e+002 -2.857076e+004
INFO: cmn.c(133): CMN: 30.85 11.64 11.24 23.91 10.88 -2.47 -12.87 -13.22 -4.42  1.65  3.10  6.52  6.79 
utt>    93                 D_perde_5  170    0    20 9  1 2 8.824447e-013 -1.386961e+002 -2.357834e+004
INFO: cmn.c(133): CMN: 30.39  9.65 -5.40 11.92  7.04 -2.61 -8.01 -1.94 -3.75 -5.57 -1.00 -4.48  0.00 
utt>    94                 D_perde_6  220    0    20 10  1 1 5.164326e-013 -1.381775e+002 -3.039905e+004
INFO: cmn.c(133): CMN: 30.91  8.73 -6.10 14.07  6.15 -4.14 -7.99 -2.68 -3.70 -5.21 -2.84 -5.14  1.08 
utt>    95                 D_perde_7  201    0    20 11  1 1 1.543051e-012 -1.384841e+002 -2.783531e+004
INFO: cmn.c(133): CMN: 29.84  9.09 -1.86 12.36  6.00 -3.11 -9.85 -0.66 -2.63 -7.23 -3.21 -4.00  1.75 
utt>    96                 D_perde_8  197    0    20 10  1 1 5.287566e-013 -1.385700e+002 -2.729828e+004
INFO: cmn.c(133): CMN: 41.53 12.49  7.10 11.77 -16.32 -10.55  5.74 -22.29 -13.36  5.82  6.36 -3.60  0.21 
utt>    97              D_sowadyjy_1  130    0    28 8  1 2 2.078506e-012 -1.457462e+002 -1.894700e+004
INFO: cmn.c(133): CMN: 42.33 11.65  6.00 10.55 -16.35 -8.54  6.93 -21.37 -13.80  5.46  7.92 -7.12  0.63 
utt>    98              D_sowadyjy_2  125    0    28 8  1 2 2.213071e-012 -1.440556e+002 -1.800696e+004
INFO: cmn.c(133): CMN: 35.76 12.00 10.71  7.04 -12.73 -8.74  1.00 -16.50 -12.62  5.20  7.17 -0.42  1.80 
utt>    99              D_sowadyjy_3  197    0    28 9  1 2 2.014127e-012 -1.442990e+002 -2.842691e+004
INFO: cmn.c(133): CMN: 31.65 14.13  8.30  4.68 -11.71 -14.81 -9.93 -17.32 -7.76  2.91  7.94  4.65  0.20 
utt>   100                   D_yak_1  167    0    16 11  1 2 1.375713e-012 -1.432174e+002 -2.391731e+004
INFO: cmn.c(133): CMN: 35.79 16.04 -2.14  6.71 -15.65 -15.30 -7.98 -19.38 -9.73  3.93 11.23  3.55  0.38 
utt>   101                   D_yak_2   92    0    16 8  1 2 1.815796e-012 -1.464150e+002 -1.347018e+004
INFO: cmn.c(133): CMN: 38.07 15.19 -1.51  9.75 -15.67 -13.99 -7.75 -20.94 -10.81  8.45  8.63  1.41  1.16 
utt>   102                   D_yak_3   92    0    16 8  1 2 1.171580e-012 -1.449546e+002 -1.333582e+004
INFO: cmn.c(133): CMN: 36.10 19.94 -0.94 19.38 -18.11 -9.82 -6.03 -16.87 -18.46  1.69  7.96  0.58  2.90 
utt>   103                 D_yapyl_1   89    0    20 9  1 2 4.209899e-012 -1.452894e+002 -1.293076e+004
INFO: cmn.c(133): CMN: 37.32 20.92  1.55 15.49 -20.03 -9.69 -3.51 -17.83 -15.07  3.62  8.90 -1.55  4.93 
utt>   104                 D_yapyl_2   95    0    20 9  1 2 2.126805e-012 -1.484846e+002 -1.410604e+004
INFO: cmn.c(133): CMN: 34.00 22.96  4.69 14.89 -22.63 -13.05 -5.24 -17.48 -16.58 -1.85  9.13  1.93  5.92 
utt>   105                 D_yapyl_3   90    0    20 9  1 3 2.263415e-012 -1.455081e+002 -1.309573e+004
INFO: cmn.c(133): CMN: 27.37  9.48 -0.43  8.94  2.68 -2.58 -7.90  4.64 -3.90 -8.14 -4.35 -2.42 -0.15 
utt>   106                 D_yapyl_4  198    0    20 15  1 2 8.796505e-013 -1.415941e+002 -2.803564e+004
INFO: cmn.c(133): CMN: 27.16  9.62  0.72  7.72  3.68  0.48 -7.12  1.39 -3.99 -7.70 -4.74 -3.29 -1.40 
utt>   107                 D_yapyl_5  176    0    20 15  1 2 1.642041e-012 -1.401731e+002 -2.467046e+004
INFO: cmn.c(133): CMN: 27.43  9.53 -0.99 10.26  4.23 -1.53 -8.19  1.00 -5.77 -8.31 -3.54 -4.11 -1.36 
utt>   108                 D_yapyl_6  198    0    20 15  1 2 1.676617e-012 -1.416237e+002 -2.804150e+004
INFO: cmn.c(133): CMN: 45.20 10.32  5.93 19.69  4.31  0.03 -6.39 -6.12 -1.85 -9.04 -1.92 -4.97 -1.96 
utt>   109                E_gapyny_1  197    0    20 11  1 2 8.515423e-013 -1.351478e+002 -2.662411e+004
INFO: cmn.c(133): CMN: 42.65 10.62  6.21 18.62  2.18  1.17 -2.21  1.81 -3.51 -4.90 -2.89 -1.85 -0.65 
utt>   110                E_gapyny_2  205    0    20 10  1 1 1.198281e-012 -1.387235e+002 -2.843832e+004
INFO: cmn.c(133): CMN: 44.17 11.60  3.58 14.14  6.90  2.00 -8.51 -5.51 -4.41 -9.56 -3.38  1.50 -0.02 
utt>   111                E_gapyny_3  204    0    20 12  1 2 1.896393e-012 -1.384704e+002 -2.824797e+004
INFO: cmn.c(133): CMN: 45.58 -4.00 -1.76  8.18  2.11  1.08 -5.02  2.21 -2.19  1.64 14.82 -11.59 -8.83 
utt>   112                     acyl1   90    0    24 11  2 4 4.368695e-012 -1.458617e+002 -1.312755e+004
INFO: cmn.c(133): CMN: 46.70 -4.49  1.57 11.07  6.13  1.83 -3.83 -2.54 -7.29  3.22 14.40 -9.99 -8.24 
utt>   113                     acyl2   79    0    24 11  2 3 6.275322e-012 -1.427759e+002 -1.127930e+004
INFO: cmn.c(133): CMN: 45.12 -8.58  5.31 11.26 -0.33  4.07 -5.20  4.48 -4.19  4.95 13.84 -10.56 -6.38 
utt>   114                     acyl3   90    0    24 11  2 5 6.670245e-012 -1.465157e+002 -1.318641e+004
INFO: cmn.c(133): CMN: 45.56 -4.87  1.85 12.14  3.10  1.31 -4.22  5.89 -7.79  1.55 11.23 -7.11 -10.28 
utt>   115                     acyl4   89    0    24 10  2 4 2.893294e-012 -1.454194e+002 -1.294233e+004
INFO: cmn.c(133): CMN: 52.81 13.04 -9.70 12.83 -3.83 -3.65 -5.57 -14.94  0.52 -1.60 12.38 -5.04 -4.84 
utt>   116                 akyllyoy1  111    0    28 11  2 4 1.727975e-012 -1.486747e+002 -1.650289e+004
INFO: cmn.c(133): CMN: 53.52 13.07 -9.25 15.23  0.25  2.41 -0.04 -4.55 -10.30 -12.24  5.37 -0.25 -12.37 
utt>   117                 akyllyoy2  112    0    28 11  2 3 2.630991e-012 -1.458151e+002 -1.633130e+004
INFO: cmn.c(133): CMN: 41.60  9.01  5.44  3.17  8.41 -14.71 -9.87  3.11 -2.62 -4.73  4.95 -1.14 -10.95 
utt>   118                 akyllyoy3  175    0    28 9  2 3 1.819986e-012 -1.480172e+002 -2.590300e+004
INFO: cmn.c(133): CMN: 37.50  9.12  9.62 10.18  4.87 -10.24 -10.93 -5.16 -3.61  1.95  6.17  1.42 -6.58 
utt>   119                 akyllyoy4  197    0    28 15  1 3 1.380571e-012 -1.459016e+002 -2.874261e+004
INFO: cmn.c(133): CMN: 40.97 13.58  5.32 10.02  6.92 -11.11 -14.90 -6.85 -8.25  0.03  3.12 -2.99 -8.32 
utt>   120                 akyllyoy6  189    0    28 14  2 3 1.780998e-012 -1.439854e+002 -2.721323e+004
INFO: cmn.c(133): CMN: 53.57  3.35 -8.51 14.83  5.06 -10.91 -1.93  5.48 -3.07 -8.38  7.80 -7.75 -1.81 
utt>   121                   cyrany1  107    0    24 10  1 3 2.528144e-012 -1.443086e+002 -1.544102e+004
INFO: cmn.c(133): CMN: 50.35  4.85 -8.90 14.29  9.13 -10.85 -8.42  2.55 -3.28 -9.77 13.05 -2.74 -3.66 
utt>   122                   cyrany2  109    0    24 10  1 3 1.763956e-012 -1.433084e+002 -1.562061e+004
INFO: cmn.c(133): CMN: 50.88  3.19 -6.58 16.25  2.84 -4.87 -2.09  2.46 -2.59 -9.78  5.50 -7.81 -1.96 
utt>   123                   cyrany3  115    0    24 9  1 3 1.824315e-012 -1.453534e+002 -1.671564e+004
INFO: cmn.c(133): CMN: 52.68  2.16 -7.93 19.68  1.30 -4.85 -4.94  5.28 -1.45 -12.03  6.80 -11.63  4.94 
utt>   124                   cyrany4  110    0    24 9  1 3 2.202732e-012 -1.463482e+002 -1.609830e+004
INFO: cmn.c(133): CMN: 49.89 15.77 -8.24 -3.93 13.49 -1.60 -21.73 -0.99 -2.06 -4.86  1.86  0.17 -15.16 
utt>   125                 H_perde_1   95    0    20 12  1 2 3.612454e-012 -1.433585e+002 -1.361906e+004
INFO: cmn.c(133): CMN: 47.77 15.48 -8.19 -6.92 19.26  3.60 -23.95 -1.46  0.25  2.33 -7.45  0.15 -18.02 
utt>   126                 H_perde_2  100    0    20 12  1 2 2.932608e-012 -1.454613e+002 -1.454613e+004
INFO: cmn.c(133): CMN: 47.70 12.07 -6.18  2.35 17.07 -5.43 -27.28  0.89 -3.38  1.47 -0.12 -6.29 -8.25 
utt>   127                 H_perde_3  103    0    20 11  1 2 7.542726e-013 -1.443246e+002 -1.486544e+004
INFO: cmn.c(133): CMN: 45.86  2.10 -0.77 16.04 15.27  0.19 -3.31 -9.18  3.60 -10.00 -6.84 -3.19 -7.32 
utt>   128              H_sowadyjy_1  117    0    28 8  1 3 2.680287e-012 -1.440011e+002 -1.684813e+004
INFO: cmn.c(133): CMN: 39.91  7.66 -1.39 16.54 21.52  5.26 -7.19 -3.65 -0.84 -14.09 -12.96 -0.87 -7.53 
utt>   129              H_sowadyjy_2  114    0    28 8  1 3 2.617139e-012 -1.442250e+002 -1.644165e+004
INFO: cmn.c(133): CMN: 43.80 -0.64 -4.40 16.72 10.36  4.44 -5.09 -11.04 -1.69 -9.53 -0.75 -3.68 -6.92 
utt>   130              H_sowadyjy_3  115    0    28 8  1 3 2.912950e-012 -1.410393e+002 -1.621952e+004
INFO: cmn.c(133): CMN: 36.69  2.12  3.26 14.56  0.25 -14.59 -6.53 -8.72 -4.30  4.06  2.46  3.23  0.62 
utt>   131                     ocur1   95    0    24 12  2 5 3.302972e-012 -1.425451e+002 -1.354178e+004
INFO: cmn.c(133): CMN: 41.33  0.21  0.75 14.12  7.41 -12.34 -2.85 -7.48 -6.50  5.91  1.19  4.68 -3.29 
utt>   132                     ocur2   90    0    24 11  2 5 2.683034e-012 -1.390030e+002 -1.251027e+004
INFO: cmn.c(133): CMN: 33.73  3.68  4.87 12.26 -3.42 -9.09 -5.75 -5.24 -2.20  3.62  4.83 -0.03  0.24 
utt>   133                     ocur3  169    0    24 18  1 3 2.987028e-012 -1.419329e+002 -2.398666e+004
INFO: cmn.c(133): CMN: 46.25 -0.28 -3.38 14.60  5.11 -10.51 -3.79 -11.26 -5.42  1.85  2.33  4.71 -10.70 
utt>   134                     ocur4   94    0    24 11  3 5 5.107790e-012 -1.412564e+002 -1.327810e+004
INFO: cmn.c(133): CMN: 41.50 -0.07 -0.77  2.24 -0.51  1.12 -8.89 -1.16 -1.56  1.37 11.10 -7.74 -5.34 
utt>   135                      yak1   90    0    16 7  1 2 3.140798e-012 -1.434609e+002 -1.291148e+004
INFO: cmn.c(133): CMN: 45.23  0.08 -8.65  5.85  2.16 -4.62 -6.75 -2.38 -5.80  5.41 12.52 -6.48  0.05 
utt>   136                      yak2  100    0    16 7  1 3 1.696397e-012 -1.475103e+002 -1.475103e+004
INFO: cmn.c(133): CMN: 43.85  3.45 -6.78  4.93  3.44 -3.61 -9.34  2.45 -2.31  5.48 12.46 -8.66 -5.52 
utt>   137                      yak3   96    0    16 7  1 3 3.349570e-012 -1.475409e+002 -1.416392e+004
INFO: cmn.c(133): CMN: 42.22  6.00 -11.37 10.82  6.04 -6.25 -5.70 -2.27  1.42  2.34 10.90 -9.84 -8.43 
utt>   138                      yak4   80    0    16 8  1 3 2.766310e-012 -1.425218e+002 -1.140175e+004
INFO: cmn.c(133): CMN: 40.24 12.54  0.06 11.32 -7.66 -10.63 -3.76 -7.28 -2.84  3.48  4.49  3.02 -5.52 
utt>   139                    yapyl4   94    0    20 10  1 3 3.810283e-012 -1.424687e+002 -1.339206e+004
INFO: cmn.c(133): CMN: 35.88  2.55  0.66 13.82 -4.12 -14.21 -5.21 -6.00  2.08  2.84  5.43  2.97 -1.99 
utt>   140                    yapyl5   72    0    20 12  2 5 4.236082e-012 -1.473881e+002 -1.061195e+004
INFO: cmn.c(133): CMN: 41.73 11.65 -4.77 19.93 -13.10 -16.08 -0.00 -10.41 -4.20  3.19  8.24  7.36 -4.02 
utt>   141                    yapyl6   96    0    20 10  1 3 2.415287e-012 -1.416090e+002 -1.359446e+004
INFO: cmn.c(133): CMN: 44.17  0.72  7.04  4.97 -21.44  3.71  5.91 -9.20 -8.52  0.91 12.49  4.29 -5.44 
utt>   142                  J_acyl_1   96    0    24 11  2 4 2.028707e-012 -1.444822e+002 -1.387029e+004
INFO: cmn.c(133): CMN: 36.49 -2.59  4.82  5.10 -18.95  1.63  6.09 -0.80 -7.62  5.61  9.38  3.75 -2.79 
utt>   143                  J_acyl_2  121    0    24 11  2 4 3.348477e-012 -1.473997e+002 -1.783536e+004
INFO: cmn.c(133): CMN: 39.42 -0.73  9.36 -0.51 -18.97 -0.19  4.87 -2.82 -8.52  2.30 15.79  5.58 -1.43 
utt>   144                  J_acyl_3   92    0    24 11  2 3 4.529689e-012 -1.451504e+002 -1.335383e+004
INFO: cmn.c(133): CMN: 40.42 -1.36 10.33  2.92 -21.06 -3.09  6.79 -7.65 -10.22  2.14  8.85  4.12 -6.02 
utt>   145                  J_acyl_4   90    0    24 11  1 3 5.637329e-012 -1.443942e+002 -1.299548e+004
INFO: cmn.c(133): CMN: 46.33  8.79  3.72  7.63  3.01  4.73 -1.35  1.45 -20.63  0.71  2.04 -0.88 -7.11 
utt>   146              J_akyllyoy_1  106    0    28 10  2 3 1.419696e-012 -1.472999e+002 -1.561379e+004
INFO: cmn.c(133): CMN: 44.07 10.39  5.20  6.54 -0.11  1.95  0.09 -5.95 -23.53 -2.17  6.17 -2.02 -10.37 
utt>   147              J_akyllyoy_2  111    0    28 10  1 3 2.698011e-012 -1.467558e+002 -1.628989e+004
INFO: cmn.c(133): CMN: 46.57 13.27  4.63  3.37 -0.68  5.25 -5.46 -4.77 -23.66  0.45  8.90 -1.31 -8.37 
utt>   148              J_akyllyoy_3  114    0    28 10  1 3 5.354691e-012 -1.469157e+002 -1.674839e+004
INFO: cmn.c(133): CMN: 40.40  8.90  9.53  9.60 -4.74  0.12 -4.75  5.70 -21.74 -3.43  0.27 -6.89 -2.73 
utt>   149              J_akyllyoy_4  215    0    28 8  1 2 7.203343e-013 -1.475877e+002 -3.173136e+004
INFO: cmn.c(133): CMN: 47.74  7.01  6.81 13.14 -0.63 -2.01 -3.54  0.91 -28.59 -1.35 -2.68 -6.41 -7.66 
utt>   150              J_akyllyoy_5  149    0    28 10  1 3 2.127942e-012 -1.495937e+002 -2.228946e+004
INFO: cmn.c(133): CMN: 45.67  1.13 -0.04  5.48 -17.23 -4.99 -1.41  2.02 -2.88 -0.62 14.83 -0.08 -4.35 
utt>   151                J_cyrany_1  112    0    24 9  1 3 1.641745e-012 -1.418940e+002 -1.589213e+004
INFO: cmn.c(133): CMN: 46.79 -0.47  1.39 10.90 -15.55 -4.94 -1.78 -1.77 -2.21 -3.18 16.09  0.55 -6.30 
utt>   152                J_cyrany_2  111    0    24 9  1 3 3.229337e-012 -1.422217e+002 -1.578661e+004
INFO: cmn.c(133): CMN: 46.90  2.24 -1.89  6.90 -15.61 -3.29 -1.16 -2.28 -0.89 -1.26 12.00  3.81 -4.11 
utt>   153                J_cyrany_3  113    0    24 10  1 2 1.194099e-012 -1.418252e+002 -1.602624e+004
INFO: cmn.c(133): CMN: 43.57  2.09  1.36  7.14 -17.75 -0.98  1.83  0.88 -2.75 -2.17 13.38 -0.13 -2.53 
utt>   154                J_cyrany_4  110    0    24 10  1 3 1.109551e-012 -1.444418e+002 -1.588859e+004
INFO: cmn.c(133): CMN: 41.58  2.20  2.44  9.23 -4.17  1.55  6.02 -23.25 -8.23 -3.67  5.76 -6.23 -5.60 
utt>   155                  J_ocur_1   95    0    24 10  2 3 1.387768e-012 -1.431099e+002 -1.359544e+004
INFO: cmn.c(133): CMN: 42.63  3.96 -1.63 12.31 -7.97  0.50  4.11 -25.78 -9.37 -5.76  5.23  1.44 -6.94 
utt>   156                  J_ocur_2   94    0    24 10  1 3 2.574012e-012 -1.432198e+002 -1.346266e+004
INFO: cmn.c(133): CMN: 41.17  3.14  0.69  8.54 -4.78  3.23  1.55 -23.64 -4.36 -1.66  5.45 -0.68 -6.11 
utt>   157                  J_ocur_3   96    0    24 10  2 4 1.822469e-012 -1.439810e+002 -1.382217e+004
INFO: cmn.c(133): CMN: 40.94  1.64  1.07 12.64 -2.75  1.94  2.80 -26.10 -7.88 -4.78  7.80 -4.17 -8.60 
utt>   158                  J_ocur_4   95    0    24 10  1 3 4.046600e-012 -1.437242e+002 -1.365380e+004
INFO: cmn.c(133): CMN: 47.00 11.39  3.94  4.72  1.05  9.11 -9.37 -25.44 -10.83  9.49  2.34 -4.03 -4.13 
utt>   159                 J_perde_1   99    0    20 10  1 3 1.639547e-012 -1.460159e+002 -1.445557e+004
INFO: cmn.c(133): CMN: 47.53 10.51  3.60  7.04  0.85  1.74 -11.29 -17.68 -14.56  4.99  4.21 -5.24 -2.63 
utt>   160                 J_perde_2  101    0    20 11  1 2 3.227589e-012 -1.465368e+002 -1.480022e+004
INFO: cmn.c(133): CMN: 48.24  7.69  3.82  7.97  1.09  1.35 -7.56 -8.01 -12.88  9.71  0.63 -3.32 -1.75 
utt>   161                 J_perde_3  101    0    20 11  1 3 1.465748e-012 -1.452485e+002 -1.467010e+004
INFO: cmn.c(133): CMN: 44.31  5.75  4.33 14.62 -4.43  3.36 -5.79 -7.43 -9.78 -5.65 -5.19 -3.15 -6.95 
utt>   162              J_sowadyjy_1  136    0    28 7  1 3 2.083439e-012 -1.439341e+002 -1.957504e+004
INFO: cmn.c(133): CMN: 45.04  7.88  7.62 19.76  0.99  5.13 -7.29 -11.76 -14.73 -6.25 -8.66  0.52 -8.15 
utt>   163              J_sowadyjy_2  120    0    28 8  1 3 2.894689e-012 -1.437354e+002 -1.724825e+004
INFO: cmn.c(133): CMN: 43.78  9.00  5.72 19.16  0.95  2.65 -6.72 -10.29 -11.66 -6.12 -7.98  3.28 -9.43 
utt>   164              J_sowadyjy_3  122    0    28 7  1 3 3.556547e-012 -1.430677e+002 -1.745426e+004
INFO: cmn.c(133): CMN: 38.94  7.24  0.20  1.52 -7.70 -0.85 -7.15 -3.84  0.42  0.43 11.50  9.56 -9.01 
utt>   165                   J_yak_1   84    0    16 8  1 3 2.493744e-012 -1.418398e+002 -1.191454e+004
INFO: cmn.c(133): CMN: 33.20  7.42  1.10 -5.70 -7.25  3.11 -4.85 -6.65 -4.19  2.29 10.00  3.22 -4.99 
utt>   166                   J_yak_2  106    0    16 7  1 2 1.077073e-012 -1.410330e+002 -1.494950e+004
INFO: cmn.c(133): CMN: 38.87  7.84 -1.35 -0.36 -18.61  9.57 -3.64 -12.26 -0.85 -3.28 13.42  5.84 -5.40 
utt>   167                   J_yak_3   80    0    16 8  1 3 1.219276e-012 -1.451716e+002 -1.161373e+004
INFO: cmn.c(133): CMN: 36.96  5.34  0.54 -2.45 -10.54  1.36 -2.78 -6.02 -5.47 -1.63  9.13  5.64 -2.48 
utt>   168                   J_yak_4   78    0    16 8  1 3 1.404405e-012 -1.416891e+002 -1.105175e+004
INFO: cmn.c(133): CMN: 41.92  8.55 -3.10 10.08 -9.54 -8.08  5.13 -1.95 -6.28 -5.20  1.76  8.33 -7.21 
utt>   169                 J_yapyl_1   93    0    20 9  1 3 3.373332e-012 -1.471674e+002 -1.368657e+004
INFO: cmn.c(133): CMN: 45.01  6.69 -0.95  5.18 -15.63 -9.39  3.55 -3.63 -8.82 -0.29  6.31  7.41 -10.96 
utt>   170                 J_yapyl_2   95    0    20 9  1 3 1.311594e-012 -1.477457e+002 -1.403584e+004
INFO: cmn.c(133): CMN: 41.77 10.36  0.01  3.96 -17.02 -10.31  2.14 -4.72 -9.99 -0.09 12.96  7.34 -3.33 
utt>   171                 J_yapyl_3   94    0    20 9  1 3 3.233648e-012 -1.461056e+002 -1.373392e+004
INFO: cmn.c(133): CMN: 41.99  8.68  0.56  5.30 -12.33 -10.45  1.56 -4.11 -4.96 -3.62 10.02 12.27 -4.66 
utt>   172                 J_yapyl_4   93    0    20 10  2 3 1.343654e-012 -1.443885e+002 -1.342813e+004
INFO: cmn.c(133): CMN: 33.15  1.65  7.11  6.32 -7.81 -0.66 -4.60 -4.81 -0.67 -8.15  2.09 -0.17 -7.29 
utt>   173                   M_acc_1  180    0    16 12  1 2 1.133787e-012 -1.389043e+002 -2.500277e+004
INFO: cmn.c(133): CMN: 34.16  2.09  5.44  4.56 -4.74 -2.05 -2.91 -5.44 -1.20 -9.91  2.25  1.06 -5.56 
utt>   174                   M_acc_2  180    0    16 12  1 2 9.046608e-013 -1.408505e+002 -2.535308e+004
INFO: cmn.c(133): CMN: 33.43  1.22  5.79  7.13 -5.73 -1.17 -3.77 -5.36 -3.44 -9.32  0.97  0.93 -4.27 
utt>   175                   M_acc_3  192    0    16 12  1 1 1.114341e-012 -1.422450e+002 -2.731103e+004
INFO: cmn.c(133): CMN: 32.30  1.26  5.00  9.12 -4.98  0.41 -5.13 -5.06 -3.69 -8.47  1.69 -1.74 -5.60 
utt>   176                   M_acc_4  213    0    16 12  1 1 6.099618e-013 -1.423711e+002 -3.032505e+004
INFO: cmn.c(133): CMN: 44.99  2.61  4.13  3.76 -11.25  7.73 -13.23 -5.27 -12.02 -8.98 18.25  5.79 -11.76 
utt>   177                  M_acyl_1   97    0    24 11  2 3 2.072027e-012 -1.447362e+002 -1.403942e+004
INFO: cmn.c(133): CMN: 49.22  2.28  7.78  4.59 -10.45 10.08 -19.76 -8.05 -15.19 -13.01 17.68  3.57 -4.59 
utt>   178                  M_acyl_2   83    0    24 11  1 3 3.406126e-012 -1.466208e+002 -1.216952e+004
INFO: cmn.c(133): CMN: 47.88  3.91  2.38  3.22 -12.63  6.05 -14.69 -3.75 -16.13 -14.53 20.28  7.16 -11.00 
utt>   179                  M_acyl_3   98    0    24 11  1 3 3.266493e-012 -1.436353e+002 -1.407626e+004
INFO: cmn.c(133): CMN: 47.82  2.39  1.11  4.34 -8.24  9.19 -9.04 -0.02 -14.97 -11.87 12.32  2.72 -8.13 
utt>   180                  M_acyl_4   95    0    24 11  2 3 2.416393e-012 -1.447070e+002 -1.374717e+004
INFO: cmn.c(133): CMN: 49.56  9.73 -5.96  2.94 -0.76 15.98 -32.21 -16.54 -3.11 -14.13  4.11  1.17 -1.26 
utt>   181              M_akyllyoy_1   96    0    28 11  1 3 5.396799e-012 -1.429166e+002 -1.371999e+004
INFO: cmn.c(133): CMN: 49.01  6.33 -4.64  2.58 -0.02 16.51 -27.55 -17.09 -6.33 -8.62  2.84 -1.61 -4.28 
utt>   182              M_akyllyoy_2   94    0    28 11  1 3 2.856142e-012 -1.423614e+002 -1.338197e+004
INFO: cmn.c(133): CMN: 46.22  4.49 -4.51  9.89  2.63 13.29 -28.70 -9.77  4.30 -6.30  0.57  0.81 -0.18 
utt>   183              M_akyllyoy_3  174    0    28 8  1 3 2.393845e-012 -1.466826e+002 -2.552277e+004
INFO: cmn.c(133): CMN: 52.50  0.86 -10.29  7.44 -16.59 15.74 -21.68 -8.28 -0.06 -0.01 16.68  5.44 -12.12 
utt>   184                M_cyrany_1  116    0    24 9  1 3 2.050665e-012 -1.426305e+002 -1.654514e+004
INFO: cmn.c(133): CMN: 51.53  2.71 -9.18  3.70 -16.75 12.73 -18.94 -6.55 -3.00 -0.98 17.39  2.70 -10.19 
utt>   185                M_cyrany_2  112    0    24 9  1 3 1.174926e-012 -1.422309e+002 -1.592986e+004
INFO: cmn.c(133): CMN: 56.21  1.34 -8.89  2.22 -17.57  8.06 -25.41 -2.15  2.67  0.84 21.13  1.49 -9.78 
utt>   186                M_cyrany_3  114    0    24 9  1 3 2.484356e-012 -1.435864e+002 -1.636885e+004
INFO: cmn.c(133): CMN: 53.64  2.17 -10.20  3.60 -15.42  9.56 -23.39 -6.85  1.94  4.80 21.31 -1.70 -12.11 
utt>   187                M_cyrany_4  117    0    24 9  1 3 1.102918e-012 -1.419802e+002 -1.661168e+004
INFO: cmn.c(133): CMN: 35.77  9.19  1.32 14.12 -6.76  2.32 -8.15 -5.39 -6.05 -12.21  4.13 -3.00 -0.57 
utt>   188                M_gapyny_1  220    0    20 6  1 2 9.787902e-013 -1.502041e+002 -3.304489e+004
INFO: cmn.c(133): CMN: 38.44  8.91 -1.24 14.99 -6.23  1.53 -10.39 -8.34 -8.12 -15.02  4.31  0.21 -2.59 
utt>   189                M_gapyny_2  188    0    20 11  1 2 8.723533e-013 -1.381914e+002 -2.597998e+004
INFO: cmn.c(133): CMN: 34.05 10.05  1.25 12.46 -2.04 -3.71 -6.00 -6.65 -0.78 -11.55  1.00 -1.17 -4.57 
utt>   190                M_gapyny_3  226    0    20 12  1 1 1.646633e-012 -1.360347e+002 -3.074385e+004
INFO: cmn.c(133): CMN: 35.83 10.00 -0.04 13.82  0.51 -6.66 -10.61 -4.65 -0.17 -12.68  2.69 -0.54 -4.25 
utt>   191                M_gapyny_4  212    0    20 11  1 1 6.376022e-013 -1.355368e+002 -2.873380e+004
INFO: cmn.c(133): CMN: 48.09  4.12 -1.53  5.97  1.15  9.52 -17.70 -13.97 -7.05 -3.39  8.65  0.98 -5.93 
utt>   192                  M_ocur_1   98    0    24 10  1 3 2.314486e-012 -1.439675e+002 -1.410881e+004
INFO: cmn.c(133): CMN: 49.27  2.96 -1.13  6.20  2.01  9.01 -18.97 -18.54 -4.35 -5.05 13.79  0.94 -7.49 
utt>   193                  M_ocur_2   99    0    24 10  1 3 2.668530e-012 -1.438526e+002 -1.424141e+004
INFO: cmn.c(133): CMN: 50.15  1.97 -1.05 12.51 -0.78  4.00 -18.39 -12.24 -5.83 -10.51  9.61  0.12 -6.51 
utt>   194                  M_ocur_3   99    0    24 10  1 3 2.472956e-012 -1.444917e+002 -1.430468e+004
INFO: cmn.c(133): CMN: 49.95  2.14  0.38 10.83  0.76  9.07 -16.69 -16.59 -8.79 -7.28 12.53 -2.99 -9.53 
utt>   195                  M_ocur_4  106    0    24 11  1 3 4.022378e-012 -1.448380e+002 -1.535282e+004
INFO: cmn.c(133): CMN: 45.69  4.54 -8.11  8.92  4.55  9.52 -39.23 -13.67  5.87 -5.86  0.87 -5.89  3.52 
utt>   196                 M_perde_1  101    0    20 12  1 2 1.743792e-012 -1.424031e+002 -1.438271e+004
INFO: cmn.c(133): CMN: 46.84  4.78 -7.17  8.73  2.28  8.97 -38.86 -15.10  7.62 -3.36 -0.18 -5.90  5.74 
utt>   197                 M_perde_2   98    0    20 11  1 3 2.909971e-013 -1.445458e+002 -1.416549e+004
INFO: cmn.c(133): CMN: 46.80  5.60 -10.39  8.78  3.17 12.15 -42.48 -13.43  7.02 -3.78  4.94 -8.32  5.16 
utt>   198                 M_perde_3   98    0    20 12  1 3 1.484687e-012 -1.454761e+002 -1.425666e+004
INFO: cmn.c(133): CMN: 44.09  2.94  1.56  0.60 -2.93 20.06 -17.80 -13.36  1.99 -2.43 -3.24 -5.48 -0.39 
utt>   199              M_sowadyjy_1  116    0    28 8  1 3 1.582703e-012 -1.419391e+002 -1.646494e+004
INFO: cmn.c(133): CMN: 43.77  3.02 -0.22  2.80 -0.96 15.36 -20.35 -11.86  3.06 -4.44 -5.23 -2.24  2.10 
utt>   200              M_sowadyjy_2  115    0    28 8  1 3 2.903744e-012 -1.419519e+002 -1.632447e+004
INFO: cmn.c(133): CMN: 45.11  2.72 -0.90  2.25 -1.12 15.98 -23.86 -15.89  2.30 -3.76 -2.26 -1.01  0.89 
utt>   201              M_sowadyjy_3  115    0    28 8  2 3 8.870399e-013 -1.420394e+002 -1.633453e+004
INFO: cmn.c(133): CMN: 48.05  1.73 -8.88 -4.64 -12.41  1.51 -19.45 -4.46 -0.69  2.36 13.22  3.23 -8.43 
utt>   202                   M_yak_1   81    0    16 8  1 3 2.392521e-012 -1.427845e+002 -1.156554e+004
INFO: cmn.c(133): CMN: 46.35  3.94 -7.22 -7.12 -16.35  3.95 -20.66 -2.36  3.20  0.27 18.19  3.17 -10.53 
utt>   203                   M_yak_2   79    0    16 8  1 3 4.577806e-012 -1.414651e+002 -1.117575e+004
INFO: cmn.c(133): CMN: 46.07  3.31 -6.86 -5.35 -15.23  3.98 -23.43 -4.01  4.13  3.94 20.49  1.38 -9.88 
utt>   204                   M_yak_3   78    0    16 8  1 3 1.306073e-012 -1.418090e+002 -1.106110e+004
INFO: cmn.c(133): CMN: 47.65 -4.24  2.89 -2.88 -2.69 11.47 -0.59 -5.79 -0.50  5.53 -1.27 -5.87 -1.27 
utt>   205                    acyl_1  101    0    24 11  2 5 5.534614e-012 -1.448845e+002 -1.463333e+004
INFO: cmn.c(133): CMN: 45.53 -4.10 -0.69 -1.65  0.57  6.22  3.07 -0.05 -6.98  5.02  0.11 -12.40 -2.35 
utt>   206                    acyl_2  100    0    24 10  2 4 5.816355e-012 -1.433873e+002 -1.433873e+004
INFO: cmn.c(133): CMN: 46.04 -3.51 -0.70  0.74 -2.25  6.69  2.03 -1.47 -4.63  4.44 -0.22 -9.65  1.29 
utt>   207                    acyl_3  100    0    24 11  2 5 5.470360e-012 -1.435059e+002 -1.435059e+004
INFO: cmn.c(133): CMN: 46.55 -3.67 -0.68 -5.99 -2.29  5.63  0.46 -2.84 -5.54  6.49 -0.68 -9.63  2.27 
utt>   208                    acyl_4  101    0    24 11  2 4 4.778993e-012 -1.435127e+002 -1.449479e+004
INFO: cmn.c(133): CMN: 46.43  9.36 -1.62  5.43 -0.43 -7.36 -4.83  5.03 -11.21 -3.93 -1.86 -5.80 -3.37 
utt>   209                akyllyoy_1  113    0    28 10  1 3 2.272473e-012 -1.444573e+002 -1.632368e+004
INFO: cmn.c(133): CMN: 47.68  6.20 -3.52  4.80 -0.53 -8.26 -6.88  5.72 -8.65  0.83 -1.87 -4.33 -4.43 
utt>   210                akyllyoy_2  114    0    28 10  1 3 1.969649e-012 -1.435023e+002 -1.635926e+004
INFO: cmn.c(133): CMN: 46.02  6.96  1.39 -0.04 -0.70 -8.89 -2.23  3.96 -7.84 -5.20  3.06 -4.47 -4.13 
utt>   211                akyllyoy_3  111    0    28 10  1 3 3.141628e-012 -1.449727e+002 -1.609197e+004
INFO: cmn.c(133): CMN: 46.36  7.13  0.16  2.19 -3.79 -1.57 -14.49  6.19 -9.45 -1.88  2.12 -5.10 -2.45 
utt>   212                akyllyoy_4  116    0    28 10  1 3 3.215840e-012 -1.431266e+002 -1.660268e+004
INFO: cmn.c(133): CMN: 45.33  8.93 -0.22  4.67 -1.27 -4.93 -10.82  8.89 -8.94 -2.40  0.39 -5.81 -2.62 
utt>   213                akyllyoy_5  111    0    28 10  1 3 1.799372e-012 -1.420841e+002 -1.577133e+004
INFO: cmn.c(133): CMN: 44.99  9.72 -0.65  4.06 -3.38 -7.36 -7.75  8.01 -7.71 -4.76 -1.52 -4.49 -5.01 
utt>   214                akyllyoy_6  113    0    28 10  1 3 1.671487e-012 -1.418228e+002 -1.602598e+004
INFO: cmn.c(133): CMN: 46.98  3.67 -11.87  5.93 -4.96 -2.05  7.09  4.51  5.11 11.53  5.22  1.99 -1.17 
utt>   215                  cyrany_1  109    0    24 9  1 3 3.875675e-012 -1.422329e+002 -1.550338e+004
INFO: cmn.c(133): CMN: 49.18  1.29 -10.67  7.43 -5.68  2.39  1.59  6.25  2.96  6.43  4.17 -0.53 -2.47 
utt>   216                  cyrany_2  104    0    24 10  2 3 1.623698e-012 -1.437620e+002 -1.495125e+004
INFO: cmn.c(133): CMN: 48.75 -0.12 -12.86  9.66 -2.69 -1.85  1.49  5.55  8.16  6.57  3.26  3.18 -1.46 
utt>   217                  cyrany_3  101    0    24 10  1 3 3.494739e-012 -1.443700e+002 -1.458137e+004
INFO: cmn.c(133): CMN: 46.83 -0.37 -11.49  6.14 -3.77  0.63  3.31  7.86  0.22  9.30  2.07  4.87 -0.28 
utt>   218                  cyrany_4  116    0    24 9  1 2 2.068854e-012 -1.429445e+002 -1.658156e+004
INFO: cmn.c(133): CMN: 37.13 18.64 -6.03 25.07  3.13  4.27 10.16 -9.94  2.56 -9.95 12.56 -6.09  0.08 
utt>   219                  gapyny_2  105    0    20 8  1 2 2.767911e-012 -1.510638e+002 -1.586170e+004
INFO: cmn.c(133): CMN: 34.03 18.47 -0.25 22.61  7.26 -1.46  9.71 -1.41  1.71 -7.72  8.80 -3.76 -1.96 
utt>   220                  gapyny_3  122    0    20 8  1 3 3.068907e-012 -1.481396e+002 -1.807303e+004
INFO: cmn.c(133): CMN: 36.87 15.39 -6.70 24.13  6.73  2.67  3.11 -6.75 -4.76 -3.78 12.23 -6.55  1.87 
utt>   221                  gapyny_5  106    0    20 8  1 3 8.890650e-013 -1.488217e+002 -1.577510e+004
INFO: cmn.c(133): CMN: 41.32 -1.32 -3.80 -0.09 12.32  1.54 -8.02 -9.30  3.74 -8.77  4.00 -0.92 -6.54 
utt>   222                    ocur_1   98    0    24 10  1 3 2.445435e-012 -1.435451e+002 -1.406742e+004
INFO: cmn.c(133): CMN: 42.21 -0.59 -2.06 -1.09 14.57 -3.21 -5.04 -6.52  5.96 -8.98  1.61 -4.80 -2.62 
utt>   223                    ocur_2   97    0    24 10  2 4 2.602278e-012 -1.433559e+002 -1.390552e+004
INFO: cmn.c(133): CMN: 43.04 -2.16 -4.97 -1.63 13.54  1.43 -7.96 -5.80  2.65 -7.13  3.45 -3.96 -4.99 
utt>   224                    ocur_3   97    0    24 10  2 3 4.024608e-012 -1.437016e+002 -1.393906e+004
INFO: cmn.c(133): CMN: 40.92 -1.95 -3.67 -0.47 14.11  0.91 -7.80 -3.71  3.09 -9.08  3.80 -2.86 -4.33 
utt>   225                    ocur_4   97    0    24 10  2 3 2.026693e-012 -1.437521e+002 -1.394396e+004
INFO: cmn.c(133): CMN: 48.70  5.45 -3.83 13.05 15.02 -15.26 -15.06 -3.05 -4.91 -0.11 10.53 -9.72  4.39 
utt>   226                   perde_1  101    0    20 10  1 2 1.571971e-012 -1.425058e+002 -1.439308e+004
INFO: cmn.c(133): CMN: 50.60  4.59 -2.59 12.73 15.03 -15.24 -13.16 -1.28 -6.73  3.06 12.08 -8.89  7.49 
utt>   227                   perde_2   99    0    20 9  1 2 3.022317e-012 -1.416118e+002 -1.401957e+004
INFO: cmn.c(133): CMN: 50.51  5.50 -2.21 11.71 12.99 -8.64 -15.97  0.68 -1.98  1.79 12.15 -8.29  7.59 
utt>   228                   perde_3  101    0    20 10  1 2 3.064823e-012 -1.419013e+002 -1.433203e+004
INFO: cmn.c(133): CMN: 45.89  8.50 -3.79  9.38 14.31 -14.54 -21.29 -3.28 -13.19  5.25  3.01 -13.37  9.63 
utt>   229                   perde_4  103    0    20 10  1 2 7.289719e-013 -1.424516e+002 -1.467251e+004
INFO: cmn.c(133): CMN: 46.25  7.38 -2.68  8.34 13.16 -16.08 -19.57 -2.50 -9.85  3.62  3.35 -10.79 11.82 
utt>   230                   perde_5  102    0    20 11  1 2 2.187670e-012 -1.426484e+002 -1.455014e+004
INFO: cmn.c(133): CMN: 46.30 10.35 -2.37  9.51 10.49 -15.29 -18.92 -3.97 -4.94 -0.65  3.36 -6.77  8.22 
utt>   231                   perde_6  101    0    20 11  1 2 5.846957e-013 -1.433654e+002 -1.447991e+004
INFO: cmn.c(133): CMN: 51.37 -0.98 -2.81  4.32  3.49  2.97 -0.83 -10.47  3.82 -16.23 -6.23 -1.17  2.46 
utt>   232                sowadyjy_1  135    0    28 8  1 2 2.611714e-012 -1.440242e+002 -1.944327e+004
INFO: cmn.c(133): CMN: 49.17  0.63 -3.52  4.05  4.87  1.72  0.63 -12.71 -0.72 -14.76 -5.86 -0.87  2.65 
utt>   233                sowadyjy_2  133    0    28 8  2 3 2.112533e-012 -1.436695e+002 -1.910804e+004
INFO: cmn.c(133): CMN: 50.37  1.57 -4.34  7.99  4.09  0.96 -1.24 -14.80 -1.42 -13.66 -1.84  0.12  3.92 
utt>   234                sowadyjy_3  133    0    28 7  1 2 2.144556e-012 -1.464266e+002 -1.947473e+004
INFO: cmn.c(133): CMN: 39.27 -2.20 -12.65 -5.49 -2.38  3.71 -4.79  0.38 -2.05 -2.58  6.92 -0.58 -6.77 
utt>   235                     yak_1  111    0    16 7  1 2 4.558607e-013 -1.422590e+002 -1.579075e+004
INFO: cmn.c(133): CMN: 38.71 -1.48 -12.83 -4.05  0.53  4.16 -5.39  4.37  1.13 -1.79  3.50  0.96 -6.44 
utt>   236                     yak_2  113    0    16 7  1 2 2.142781e-012 -1.425383e+002 -1.610683e+004
INFO: cmn.c(133): CMN: 39.43 -5.17 -16.80 -7.54 -1.80  5.80 -2.73 -1.91  1.03 -1.50  8.53  1.23 -8.38 
utt>   237                     yak_3  107    0    16 7  1 2 1.355180e-012 -1.444064e+002 -1.545148e+004
INFO: cmn.c(133): CMN: 40.35 -3.12 -18.01 -2.85 -2.01  4.65 -4.64 -1.30  0.54 -2.73  6.92  1.03 -7.27 
utt>   238                     yak_4  104    0    16 8  1 2 6.593389e-012 -1.439408e+002 -1.496985e+004
INFO: cmn.c(133): CMN: 43.77  6.14 -9.69  8.13 -0.08 -7.78  0.23  2.05 -2.37  5.35  6.49 -8.09  0.13 
utt>   239                   yapyl_1   99    0    20 9  1 3 2.097289e-012 -1.455208e+002 -1.440656e+004
INFO: cmn.c(133): CMN: 44.86  4.16 -10.27  5.40  1.30 -5.57  0.11  3.85 -5.25 -0.76 12.35 -8.12 -1.48 
utt>   240                   yapyl_2   98    0    20 9  1 3 1.243591e-012 -1.460290e+002 -1.431085e+004
INFO: cmn.c(133): CMN: 42.96  7.28 -10.28  6.90  1.33 -6.76 -2.06  6.69 -8.36 -0.53 10.28 -8.61  0.56 
utt>   241                   yapyl_3  103    0    20 9  1 3 1.501479e-012 -1.442435e+002 -1.485708e+004
INFO: cmn.c(133): CMN: 45.37  7.55 -14.11  3.63  7.15 -9.39 -4.56  2.58  0.34 -2.98  7.95 -4.10 -3.19 
utt>   242                   yapyl_4   97    0    20 10  1 3 2.081973e-012 -1.446194e+002 -1.402808e+004
INFO: cmn.c(133): CMN: 47.43  2.50  7.68 11.32 -21.05  4.85 -8.99 -5.83 -16.14 -12.66  6.66  4.10 -4.02 
utt>   243                  P_acyl_1   97    0    24 11  1 3 1.975606e-012 -1.447414e+002 -1.403992e+004
INFO: cmn.c(133): CMN: 48.01  5.20  5.68 11.26 -22.53  3.76 -7.35 -8.69 -16.06 -13.51 15.06  5.94 -2.04 
utt>   244                  P_acyl_2  100    0    24 11  2 3 1.771948e-012 -1.464641e+002 -1.464641e+004
INFO: cmn.c(133): CMN: 50.09 -1.38  4.33 13.48 -22.03  7.82 -7.74 -2.90 -18.76 -15.27 13.46  2.82 -3.09 
utt>   245                  P_acyl_3   95    0    24 11  2 3 2.900001e-012 -1.431390e+002 -1.359820e+004
INFO: cmn.c(133): CMN: 49.28  2.67  4.06 13.09 -20.00  9.48 -3.83 -3.91 -20.80 -6.76 16.39  4.30 -4.15 
utt>   246                  P_acyl_4   97    0    24 11  2 3 3.061895e-012 -1.473732e+002 -1.429520e+004
INFO: cmn.c(133): CMN: 50.45 14.23 -5.19 20.34 -10.26  0.47 -16.29 -7.64 -10.69 -6.75  9.08  0.49 -0.21 
utt>   247              P_akyllyoy_1  112    0    28 11  2 3 3.373755e-012 -1.467809e+002 -1.643946e+004
INFO: cmn.c(133): CMN: 42.71 12.33 -6.79 16.34 -8.89 -2.23 -5.37 -6.28 -12.33 -3.97  8.83  6.59 -1.45 
utt>   248              P_akyllyoy_2  190    0    28 11  1 2 2.047704e-012 -1.415264e+002 -2.689001e+004
INFO: cmn.c(133): CMN: 53.31 13.72 -6.81 30.39 -4.86 -5.20 -22.10 -13.49 -12.08 -9.46  9.85 -1.56 -0.05 
utt>   249              P_akyllyoy_3  140    0    28 10  1 3 1.950805e-012 -1.474783e+002 -2.064696e+004
INFO: cmn.c(133): CMN: 49.33 19.13 -7.00 28.07 -8.47 -4.26 -17.86 -12.09 -14.56 -7.87  4.97  0.69 -6.70 
utt>   250              P_akyllyoy_4  136    0    28 12  2 3 1.729204e-012 -1.476470e+002 -2.007999e+004
INFO: cmn.c(133): CMN: 53.94 11.82 -6.73 12.98 -7.16 -4.41 -9.48 -3.69 -2.75  3.98  7.31 -5.63  7.95 
utt>   251                P_cyrany_1  114    0    24 10  1 2 1.878839e-012 -1.435976e+002 -1.637013e+004
INFO: cmn.c(133): CMN: 50.58 11.52 -6.46 16.08 -11.89 -2.04 -0.92 -6.41 -2.72  0.70 12.38  0.51  2.13 
utt>   252                P_cyrany_2  104    0    24 9  1 3 3.244554e-012 -1.451970e+002 -1.510049e+004
INFO: cmn.c(133): CMN: 52.93 12.47 -6.87 12.58 -9.99 -3.85 -1.72 -8.95 -3.78  3.11 11.85 -2.29  5.35 
utt>   253                P_cyrany_3   92    0    24 9  2 3 2.778851e-012 -1.457513e+002 -1.340912e+004
INFO: cmn.c(133): CMN: 41.01  7.21  4.45 13.19 -7.37 -2.10 -10.42 -2.02 -3.81  0.61  4.31 -0.78  3.87 
utt>   254                P_cyrany_4  162    0    24 12  1 2 1.373811e-012 -1.468184e+002 -2.378459e+004
INFO: cmn.c(133): CMN: 48.80 11.31 -1.73 15.82 -16.49 -9.73 -0.62 -11.97 -22.64 -4.60 12.14  2.01 -3.71 
utt>   255                  P_ocur_1  100    0    24 10  2 3 2.553474e-012 -1.442184e+002 -1.442184e+004
INFO: cmn.c(133): CMN: 50.06  7.91  0.78 17.09 -10.74 -10.91 -2.98 -8.12 -14.32 -12.30 11.12  0.54 -2.44 
utt>   256                  P_ocur_2   98    0    24 10  1 3 3.949320e-012 -1.447652e+002 -1.418699e+004
INFO: cmn.c(133): CMN: 46.50  5.69 -4.24 14.89  8.86  5.38 -13.76 -12.75 -12.63 -1.52  5.71  3.00 -3.06 
utt>   257                  P_ocur_3   99    0    24 10  2 4 1.290270e-012 -1.435981e+002 -1.421621e+004
INFO: cmn.c(133): CMN: 47.45  6.81 -5.85 14.64  8.32  3.44 -9.94 -14.01 -16.24 -0.24  9.13  1.87 -5.04 
utt>   258                  P_ocur_4   95    0    24 10  2 3 3.795506e-012 -1.427843e+002 -1.356451e+004
INFO: cmn.c(133): CMN: 53.19 13.56 -4.76 20.04 -7.48 -4.68 -23.47 -8.77 -15.49  0.12  9.93 -9.91 -0.29 
utt>   259                 P_perde_1  103    0    20 11  2 3 4.553087e-012 -1.443022e+002 -1.486313e+004
INFO: cmn.c(133): CMN: 51.50 14.60 -7.80 20.51 -3.00 -8.07 -21.72 -12.21 -11.90  3.12  7.91 -11.68  2.64 
utt>   260                 P_perde_2  109    0    20 11  1 2 8.913187e-013 -1.439751e+002 -1.569329e+004
INFO: cmn.c(133): CMN: 49.27 13.39 -15.08 16.21 11.49  1.56 -25.32 -14.84 -10.23  7.74  9.17 -7.55  0.67 
utt>   261                 P_perde_3  107    0    20 10  1 2 1.502210e-012 -1.431544e+002 -1.531752e+004
INFO: cmn.c(133): CMN: 42.34  9.20 -4.77 15.43  9.87  2.66 -18.51 -9.10 -8.65  5.77  3.84 -8.59 -0.07 
utt>   262                 P_perde_4  155    0    20 13  1 2 1.500119e-012 -1.433564e+002 -2.222024e+004
INFO: cmn.c(133): CMN: 50.13 11.00  0.34 22.70 -14.03 -9.03 -1.88 -12.22 -2.97 -13.86 10.76 -7.44 -2.26 
utt>   263              P_sowadyjy_1  127    0    28 8  1 2 2.149979e-012 -1.431601e+002 -1.818133e+004
INFO: cmn.c(133): CMN: 49.42 13.06  4.02 18.77 -14.43 -10.92 -0.99 -12.81 -4.20 -12.74 11.46 -6.26 -2.68 
utt>   264              P_sowadyjy_2  127    0    28 7  1 3 2.783507e-012 -1.433693e+002 -1.820790e+004
INFO: cmn.c(133): CMN: 48.90 14.71  1.40 20.03 -11.87 -15.65 -3.34 -9.19 -5.63 -11.98 11.54 -4.83 -5.06 
utt>   265              P_sowadyjy_3  127    0    28 8  1 3 3.385586e-012 -1.448192e+002 -1.839204e+004
INFO: cmn.c(133): CMN: 49.67 12.09  2.97 20.66 -16.45 -10.16 -4.36 -8.54 -4.29 -9.77  7.23 -0.09  1.07 
utt>   266              P_sowadyjy_4  128    0    28 8  1 3 2.254987e-012 -1.430554e+002 -1.831109e+004
INFO: cmn.c(133): CMN: 41.37 14.39 -0.28  9.29 -17.56 -5.63 -10.05 -10.36 -2.27 -16.03 13.51  6.83 -3.07 
utt>   267                   P_yak_1  115    0    16 8  1 2 1.635643e-012 -1.454348e+002 -1.672501e+004
INFO: cmn.c(133): CMN: 38.66 10.70  3.00  6.29 -18.76  2.38 -10.67 -6.00 -6.77 -8.59 16.42  3.94 -1.26 
utt>   268                   P_yak_2  108    0    16 8  1 2 1.654264e-012 -1.440236e+002 -1.555455e+004
INFO: cmn.c(133): CMN: 40.59 12.45 -1.41  4.82 -17.17 -0.19 -13.43 -7.35 -5.93 -11.09 13.44  4.98  0.49 
utt>   269                   P_yak_3  105    0    16 8  1 2 1.705853e-012 -1.452638e+002 -1.525270e+004
INFO: cmn.c(133): CMN: 47.49 18.87  2.13 14.76 -20.80 -1.78 -13.95 -5.06 -11.43 -17.64  8.99 -1.02 -6.02 
utt>   270                 P_yapyl_1  101    0    20 9  1 2 1.190062e-012 -1.441622e+002 -1.456038e+004
INFO: cmn.c(133): CMN: 46.77 18.40  4.29 14.74 -19.68 -6.47 -12.51 -2.87 -11.61 -8.49 -1.21  5.38  0.61 
utt>   271                 P_yapyl_2   98    0    20 10  1 3 1.740737e-012 -1.431208e+002 -1.402584e+004
INFO: cmn.c(133): CMN: 45.64 13.48  2.32 16.93 -14.80 -5.69 -11.04 -0.90 -13.40 -10.40  5.50  0.58 -1.43 
utt>   272                 P_yapyl_3  103    0    20 10  1 2 2.899867e-012 -1.448304e+002 -1.491753e+004
INFO: cmn.c(133): CMN: 35.58 10.62  6.03 16.82 -8.86 -7.63 -11.07 -3.84 -9.33 -6.08  4.83  0.65  1.46 
utt>   273                 P_yapyl_4  187    0    20 12  1 2 2.222046e-012 -1.428460e+002 -2.671220e+004
overall> stats 33133 (-0) -1.433411e+002 -4.749320e+006

INFO: s3mixw_io.c(233): Wrote C:/sphinx/tkm/bwaccumdir/tkm_buff_1/mixw_counts [69x1x1 array]
INFO: s3tmat_io.c(176): Wrote C:/sphinx/tkm/bwaccumdir/tkm_buff_1/tmat_counts [23x3x4 array]
INFO: s3gau_io.c(485): Wrote C:/sphinx/tkm/bwaccumdir/tkm_buff_1/gauden_counts with means with vars (2pass) [69x1x1 vector arrays]
INFO: main.c(999): Counts saved to C:/sphinx/tkm/bwaccumdir/tkm_buff_1
Tue Nov 16 20:13:19 2021
